<?xml version="1.0" encoding="UTF-8"?>
<testng-results skipped="0" failed="43" total="455" passed="412">
  <reporter-output>
  </reporter-output>
  <suite name="Default suite" duration-ms="969" started-at="2015-02-07T07:03:48Z" finished-at="2015-02-07T07:03:49Z">
    <groups>
    </groups>
    <test name="Default test" duration-ms="969" started-at="2015-02-07T07:03:48Z" finished-at="2015-02-07T07:03:49Z">
      <class name="testNG.ExListTest">
        <test-method status="PASS" signature="testAddEnd_0()[pri:0, instance:testNG.ExListTest@4abe41d5]" name="testAddEnd_0" duration-ms="16" started-at="2015-02-07T09:03:48Z" finished-at="2015-02-07T09:03:48Z">
          <reporter-output>
          </reporter-output>
        </test-method> <!-- testAddEnd_0 -->
        <test-method status="PASS" signature="AfterMethod()[pri:0, instance:testNG.ExListTest@573ddbdd]" name="AfterMethod" is-config="true" duration-ms="0" started-at="2015-02-07T09:03:48Z" finished-at="2015-02-07T09:03:48Z">
          <reporter-output>
          </reporter-output>
        </test-method> <!-- AfterMethod -->
        <test-method status="PASS" signature="testAddEnd_0()[pri:0, instance:testNG.ExListTest@10d42d49]" name="testAddEnd_0" duration-ms="0" started-at="2015-02-07T09:03:48Z" finished-at="2015-02-07T09:03:48Z">
          <reporter-output>
          </reporter-output>
        </test-method> <!-- testAddEnd_0 -->
        <test-method status="PASS" signature="AfterMethod()[pri:0, instance:testNG.ExListTest@573ddbdd]" name="AfterMethod" is-config="true" duration-ms="0" started-at="2015-02-07T09:03:48Z" finished-at="2015-02-07T09:03:48Z">
          <reporter-output>
          </reporter-output>
        </test-method> <!-- AfterMethod -->
        <test-method status="PASS" signature="testAddEnd_2()[pri:0, instance:testNG.ExListTest@573ddbdd]" name="testAddEnd_2" duration-ms="0" started-at="2015-02-07T09:03:48Z" finished-at="2015-02-07T09:03:48Z">
          <reporter-output>
          </reporter-output>
        </test-method> <!-- testAddEnd_2 -->
        <test-method status="PASS" signature="testAddEnd_2()[pri:0, instance:testNG.ExListTest@4abe41d5]" name="testAddEnd_2" duration-ms="0" started-at="2015-02-07T09:03:48Z" finished-at="2015-02-07T09:03:48Z">
          <reporter-output>
          </reporter-output>
        </test-method> <!-- testAddEnd_2 -->
        <test-method status="PASS" signature="testAddEnd_1()[pri:0, instance:testNG.ExListTest@4abe41d5]" name="testAddEnd_1" duration-ms="0" started-at="2015-02-07T09:03:48Z" finished-at="2015-02-07T09:03:48Z">
          <reporter-output>
          </reporter-output>
        </test-method> <!-- testAddEnd_1 -->
        <test-method status="PASS" signature="testAddEnd_2()[pri:0, instance:testNG.ExListTest@10d42d49]" name="testAddEnd_2" duration-ms="0" started-at="2015-02-07T09:03:48Z" finished-at="2015-02-07T09:03:48Z">
          <reporter-output>
          </reporter-output>
        </test-method> <!-- testAddEnd_2 -->
        <test-method status="PASS" signature="testAddEnd_1()[pri:0, instance:testNG.ExListTest@59e91c40]" name="testAddEnd_1" duration-ms="0" started-at="2015-02-07T09:03:48Z" finished-at="2015-02-07T09:03:48Z">
          <reporter-output>
          </reporter-output>
        </test-method> <!-- testAddEnd_1 -->
        <test-method status="PASS" signature="testAddEnd_1()[pri:0, instance:testNG.ExListTest@573ddbdd]" name="testAddEnd_1" duration-ms="0" started-at="2015-02-07T09:03:48Z" finished-at="2015-02-07T09:03:48Z">
          <reporter-output>
          </reporter-output>
        </test-method> <!-- testAddEnd_1 -->
        <test-method status="PASS" signature="AfterMethod()[pri:0, instance:testNG.ExListTest@573ddbdd]" name="AfterMethod" is-config="true" duration-ms="0" started-at="2015-02-07T09:03:48Z" finished-at="2015-02-07T09:03:48Z">
          <reporter-output>
          </reporter-output>
        </test-method> <!-- AfterMethod -->
        <test-method status="PASS" signature="testAddEnd_0()[pri:0, instance:testNG.ExListTest@59e91c40]" name="testAddEnd_0" duration-ms="0" started-at="2015-02-07T09:03:48Z" finished-at="2015-02-07T09:03:48Z">
          <reporter-output>
          </reporter-output>
        </test-method> <!-- testAddEnd_0 -->
        <test-method status="PASS" signature="AfterMethod()[pri:0, instance:testNG.ExListTest@573ddbdd]" name="AfterMethod" is-config="true" duration-ms="0" started-at="2015-02-07T09:03:48Z" finished-at="2015-02-07T09:03:48Z">
          <reporter-output>
          </reporter-output>
        </test-method> <!-- AfterMethod -->
        <test-method status="PASS" signature="testAddEnd_1()[pri:0, instance:testNG.ExListTest@6604e2ae]" name="testAddEnd_1" duration-ms="0" started-at="2015-02-07T09:03:48Z" finished-at="2015-02-07T09:03:48Z">
          <reporter-output>
          </reporter-output>
        </test-method> <!-- testAddEnd_1 -->
        <test-method status="PASS" signature="testAddEnd_1()[pri:0, instance:testNG.ExListTest@10d42d49]" name="testAddEnd_1" duration-ms="0" started-at="2015-02-07T09:03:48Z" finished-at="2015-02-07T09:03:48Z">
          <reporter-output>
          </reporter-output>
        </test-method> <!-- testAddEnd_1 -->
        <test-method status="PASS" signature="testAddEnd_0()[pri:0, instance:testNG.ExListTest@6604e2ae]" name="testAddEnd_0" duration-ms="0" started-at="2015-02-07T09:03:48Z" finished-at="2015-02-07T09:03:48Z">
          <reporter-output>
          </reporter-output>
        </test-method> <!-- testAddEnd_0 -->
        <test-method status="PASS" signature="AfterMethod()[pri:0, instance:testNG.ExListTest@573ddbdd]" name="AfterMethod" is-config="true" duration-ms="0" started-at="2015-02-07T09:03:48Z" finished-at="2015-02-07T09:03:48Z">
          <reporter-output>
          </reporter-output>
        </test-method> <!-- AfterMethod -->
        <test-method status="PASS" signature="AfterMethod()[pri:0, instance:testNG.ExListTest@573ddbdd]" name="AfterMethod" is-config="true" duration-ms="0" started-at="2015-02-07T09:03:48Z" finished-at="2015-02-07T09:03:48Z">
          <reporter-output>
          </reporter-output>
        </test-method> <!-- AfterMethod -->
        <test-method status="PASS" signature="AfterMethod()[pri:0, instance:testNG.ExListTest@573ddbdd]" name="AfterMethod" is-config="true" duration-ms="0" started-at="2015-02-07T09:03:48Z" finished-at="2015-02-07T09:03:48Z">
          <reporter-output>
          </reporter-output>
        </test-method> <!-- AfterMethod -->
        <test-method status="PASS" signature="AfterMethod()[pri:0, instance:testNG.ExListTest@573ddbdd]" name="AfterMethod" is-config="true" duration-ms="0" started-at="2015-02-07T09:03:48Z" finished-at="2015-02-07T09:03:48Z">
          <reporter-output>
          </reporter-output>
        </test-method> <!-- AfterMethod -->
        <test-method status="PASS" signature="AfterMethod()[pri:0, instance:testNG.ExListTest@573ddbdd]" name="AfterMethod" is-config="true" duration-ms="0" started-at="2015-02-07T09:03:48Z" finished-at="2015-02-07T09:03:48Z">
          <reporter-output>
          </reporter-output>
        </test-method> <!-- AfterMethod -->
        <test-method status="PASS" signature="AfterMethod()[pri:0, instance:testNG.ExListTest@573ddbdd]" name="AfterMethod" is-config="true" duration-ms="0" started-at="2015-02-07T09:03:48Z" finished-at="2015-02-07T09:03:48Z">
          <reporter-output>
          </reporter-output>
        </test-method> <!-- AfterMethod -->
        <test-method status="PASS" signature="testAddEnd_2()[pri:0, instance:testNG.ExListTest@59e91c40]" name="testAddEnd_2" duration-ms="15" started-at="2015-02-07T09:03:48Z" finished-at="2015-02-07T09:03:48Z">
          <reporter-output>
          </reporter-output>
        </test-method> <!-- testAddEnd_2 -->
        <test-method status="PASS" signature="testAddEnd_0()[pri:0, instance:testNG.ExListTest@573ddbdd]" name="testAddEnd_0" duration-ms="0" started-at="2015-02-07T09:03:48Z" finished-at="2015-02-07T09:03:48Z">
          <reporter-output>
          </reporter-output>
        </test-method> <!-- testAddEnd_0 -->
        <test-method status="PASS" signature="AfterMethod()[pri:0, instance:testNG.ExListTest@573ddbdd]" name="AfterMethod" is-config="true" duration-ms="0" started-at="2015-02-07T09:03:48Z" finished-at="2015-02-07T09:03:48Z">
          <reporter-output>
          </reporter-output>
        </test-method> <!-- AfterMethod -->
        <test-method status="PASS" signature="AfterMethod()[pri:0, instance:testNG.ExListTest@573ddbdd]" name="AfterMethod" is-config="true" duration-ms="0" started-at="2015-02-07T09:03:48Z" finished-at="2015-02-07T09:03:48Z">
          <reporter-output>
          </reporter-output>
        </test-method> <!-- AfterMethod -->
        <test-method status="PASS" signature="AfterMethod()[pri:0, instance:testNG.ExListTest@573ddbdd]" name="AfterMethod" is-config="true" duration-ms="0" started-at="2015-02-07T09:03:48Z" finished-at="2015-02-07T09:03:48Z">
          <reporter-output>
          </reporter-output>
        </test-method> <!-- AfterMethod -->
        <test-method status="PASS" signature="AfterMethod()[pri:0, instance:testNG.ExListTest@573ddbdd]" name="AfterMethod" is-config="true" duration-ms="0" started-at="2015-02-07T09:03:48Z" finished-at="2015-02-07T09:03:48Z">
          <reporter-output>
          </reporter-output>
        </test-method> <!-- AfterMethod -->
        <test-method status="PASS" signature="testAddEnd_2()[pri:0, instance:testNG.ExListTest@6604e2ae]" name="testAddEnd_2" duration-ms="0" started-at="2015-02-07T09:03:48Z" finished-at="2015-02-07T09:03:48Z">
          <reporter-output>
          </reporter-output>
        </test-method> <!-- testAddEnd_2 -->
        <test-method status="PASS" signature="AfterMethod()[pri:0, instance:testNG.ExListTest@573ddbdd]" name="AfterMethod" is-config="true" duration-ms="0" started-at="2015-02-07T09:03:48Z" finished-at="2015-02-07T09:03:48Z">
          <reporter-output>
          </reporter-output>
        </test-method> <!-- AfterMethod -->
        <test-method status="PASS" signature="testAddEnd_NULL()[pri:0, instance:testNG.ExListTest@10d42d49]" name="testAddEnd_NULL" duration-ms="0" started-at="2015-02-07T09:03:48Z" finished-at="2015-02-07T09:03:48Z">
          <exception class="java.lang.NullPointerException">
            <full-stacktrace>
              <![CDATA[java.lang.NullPointerException
	at listS.AList2.init(AList2.java:16)
	at listS.AList2.setArray(AList2.java:10)
	at testNG.ExListTest.testAddEnd_NULL(ExListTest.java:157)
	at sun.reflect.NativeMethodAccessorImpl.invoke0(Native Method)
	at sun.reflect.NativeMethodAccessorImpl.invoke(Unknown Source)
	at sun.reflect.DelegatingMethodAccessorImpl.invoke(Unknown Source)
	at java.lang.reflect.Method.invoke(Unknown Source)
	at org.testng.internal.MethodInvocationHelper.invokeMethod(MethodInvocationHelper.java:84)
	at org.testng.internal.Invoker.invokeMethod(Invoker.java:714)
	at org.testng.internal.Invoker.invokeTestMethod(Invoker.java:901)
	at org.testng.internal.Invoker.invokeTestMethods(Invoker.java:1231)
	at org.testng.internal.TestMethodWorker.invokeTestMethods(TestMethodWorker.java:127)
	at org.testng.internal.TestMethodWorker.run(TestMethodWorker.java:111)
	at org.testng.TestRunner.privateRun(TestRunner.java:767)
	at org.testng.TestRunner.run(TestRunner.java:617)
	at org.testng.SuiteRunner.runTest(SuiteRunner.java:334)
	at org.testng.SuiteRunner.runSequentially(SuiteRunner.java:329)
	at org.testng.SuiteRunner.privateRun(SuiteRunner.java:291)
	at org.testng.SuiteRunner.run(SuiteRunner.java:240)
	at org.testng.SuiteRunnerWorker.runSuite(SuiteRunnerWorker.java:52)
	at org.testng.SuiteRunnerWorker.run(SuiteRunnerWorker.java:86)
	at org.testng.TestNG.runSuitesSequentially(TestNG.java:1224)
	at org.testng.TestNG.runSuitesLocally(TestNG.java:1149)
	at org.testng.TestNG.run(TestNG.java:1057)
	at org.testng.remote.RemoteTestNG.run(RemoteTestNG.java:111)
	at org.testng.remote.RemoteTestNG.initAndRun(RemoteTestNG.java:204)
	at org.testng.remote.RemoteTestNG.main(RemoteTestNG.java:175)
]]>
            </full-stacktrace>
          </exception> <!-- java.lang.NullPointerException -->
          <reporter-output>
          </reporter-output>
        </test-method> <!-- testAddEnd_NULL -->
        <test-method status="PASS" signature="AfterMethod()[pri:0, instance:testNG.ExListTest@573ddbdd]" name="AfterMethod" is-config="true" duration-ms="0" started-at="2015-02-07T09:03:48Z" finished-at="2015-02-07T09:03:48Z">
          <reporter-output>
          </reporter-output>
        </test-method> <!-- AfterMethod -->
        <test-method status="PASS" signature="testAddEnd_NULL()[pri:0, instance:testNG.ExListTest@4abe41d5]" name="testAddEnd_NULL" duration-ms="0" started-at="2015-02-07T09:03:48Z" finished-at="2015-02-07T09:03:48Z">
          <exception class="java.lang.NullPointerException">
            <full-stacktrace>
              <![CDATA[java.lang.NullPointerException
	at listS.AList1.init(AList1.java:20)
	at listS.AList1.setArray(AList1.java:9)
	at testNG.ExListTest.testAddEnd_NULL(ExListTest.java:157)
	at sun.reflect.NativeMethodAccessorImpl.invoke0(Native Method)
	at sun.reflect.NativeMethodAccessorImpl.invoke(Unknown Source)
	at sun.reflect.DelegatingMethodAccessorImpl.invoke(Unknown Source)
	at java.lang.reflect.Method.invoke(Unknown Source)
	at org.testng.internal.MethodInvocationHelper.invokeMethod(MethodInvocationHelper.java:84)
	at org.testng.internal.Invoker.invokeMethod(Invoker.java:714)
	at org.testng.internal.Invoker.invokeTestMethod(Invoker.java:901)
	at org.testng.internal.Invoker.invokeTestMethods(Invoker.java:1231)
	at org.testng.internal.TestMethodWorker.invokeTestMethods(TestMethodWorker.java:127)
	at org.testng.internal.TestMethodWorker.run(TestMethodWorker.java:111)
	at org.testng.TestRunner.privateRun(TestRunner.java:767)
	at org.testng.TestRunner.run(TestRunner.java:617)
	at org.testng.SuiteRunner.runTest(SuiteRunner.java:334)
	at org.testng.SuiteRunner.runSequentially(SuiteRunner.java:329)
	at org.testng.SuiteRunner.privateRun(SuiteRunner.java:291)
	at org.testng.SuiteRunner.run(SuiteRunner.java:240)
	at org.testng.SuiteRunnerWorker.runSuite(SuiteRunnerWorker.java:52)
	at org.testng.SuiteRunnerWorker.run(SuiteRunnerWorker.java:86)
	at org.testng.TestNG.runSuitesSequentially(TestNG.java:1224)
	at org.testng.TestNG.runSuitesLocally(TestNG.java:1149)
	at org.testng.TestNG.run(TestNG.java:1057)
	at org.testng.remote.RemoteTestNG.run(RemoteTestNG.java:111)
	at org.testng.remote.RemoteTestNG.initAndRun(RemoteTestNG.java:204)
	at org.testng.remote.RemoteTestNG.main(RemoteTestNG.java:175)
]]>
            </full-stacktrace>
          </exception> <!-- java.lang.NullPointerException -->
          <reporter-output>
          </reporter-output>
        </test-method> <!-- testAddEnd_NULL -->
        <test-method status="PASS" signature="AfterMethod()[pri:0, instance:testNG.ExListTest@573ddbdd]" name="AfterMethod" is-config="true" duration-ms="0" started-at="2015-02-07T09:03:48Z" finished-at="2015-02-07T09:03:48Z">
          <reporter-output>
          </reporter-output>
        </test-method> <!-- AfterMethod -->
        <test-method status="PASS" signature="testAddEnd_many()[pri:0, instance:testNG.ExListTest@10d42d49]" name="testAddEnd_many" duration-ms="0" started-at="2015-02-07T09:03:48Z" finished-at="2015-02-07T09:03:48Z">
          <reporter-output>
          </reporter-output>
        </test-method> <!-- testAddEnd_many -->
        <test-method status="PASS" signature="AfterMethod()[pri:0, instance:testNG.ExListTest@573ddbdd]" name="AfterMethod" is-config="true" duration-ms="0" started-at="2015-02-07T09:03:48Z" finished-at="2015-02-07T09:03:48Z">
          <reporter-output>
          </reporter-output>
        </test-method> <!-- AfterMethod -->
        <test-method status="PASS" signature="testAddEnd_many()[pri:0, instance:testNG.ExListTest@4abe41d5]" name="testAddEnd_many" duration-ms="0" started-at="2015-02-07T09:03:48Z" finished-at="2015-02-07T09:03:48Z">
          <reporter-output>
          </reporter-output>
        </test-method> <!-- testAddEnd_many -->
        <test-method status="PASS" signature="AfterMethod()[pri:0, instance:testNG.ExListTest@573ddbdd]" name="AfterMethod" is-config="true" duration-ms="0" started-at="2015-02-07T09:03:48Z" finished-at="2015-02-07T09:03:48Z">
          <reporter-output>
          </reporter-output>
        </test-method> <!-- AfterMethod -->
        <test-method status="PASS" signature="testAddEnd_NULL()[pri:0, instance:testNG.ExListTest@59e91c40]" name="testAddEnd_NULL" duration-ms="0" started-at="2015-02-07T09:03:48Z" finished-at="2015-02-07T09:03:48Z">
          <exception class="java.lang.NullPointerException">
            <full-stacktrace>
              <![CDATA[java.lang.NullPointerException
	at listS.LList1.init(LList1.java:24)
	at listS.LList1.setArray(LList1.java:19)
	at testNG.ExListTest.testAddEnd_NULL(ExListTest.java:157)
	at sun.reflect.NativeMethodAccessorImpl.invoke0(Native Method)
	at sun.reflect.NativeMethodAccessorImpl.invoke(Unknown Source)
	at sun.reflect.DelegatingMethodAccessorImpl.invoke(Unknown Source)
	at java.lang.reflect.Method.invoke(Unknown Source)
	at org.testng.internal.MethodInvocationHelper.invokeMethod(MethodInvocationHelper.java:84)
	at org.testng.internal.Invoker.invokeMethod(Invoker.java:714)
	at org.testng.internal.Invoker.invokeTestMethod(Invoker.java:901)
	at org.testng.internal.Invoker.invokeTestMethods(Invoker.java:1231)
	at org.testng.internal.TestMethodWorker.invokeTestMethods(TestMethodWorker.java:127)
	at org.testng.internal.TestMethodWorker.run(TestMethodWorker.java:111)
	at org.testng.TestRunner.privateRun(TestRunner.java:767)
	at org.testng.TestRunner.run(TestRunner.java:617)
	at org.testng.SuiteRunner.runTest(SuiteRunner.java:334)
	at org.testng.SuiteRunner.runSequentially(SuiteRunner.java:329)
	at org.testng.SuiteRunner.privateRun(SuiteRunner.java:291)
	at org.testng.SuiteRunner.run(SuiteRunner.java:240)
	at org.testng.SuiteRunnerWorker.runSuite(SuiteRunnerWorker.java:52)
	at org.testng.SuiteRunnerWorker.run(SuiteRunnerWorker.java:86)
	at org.testng.TestNG.runSuitesSequentially(TestNG.java:1224)
	at org.testng.TestNG.runSuitesLocally(TestNG.java:1149)
	at org.testng.TestNG.run(TestNG.java:1057)
	at org.testng.remote.RemoteTestNG.run(RemoteTestNG.java:111)
	at org.testng.remote.RemoteTestNG.initAndRun(RemoteTestNG.java:204)
	at org.testng.remote.RemoteTestNG.main(RemoteTestNG.java:175)
]]>
            </full-stacktrace>
          </exception> <!-- java.lang.NullPointerException -->
          <reporter-output>
          </reporter-output>
        </test-method> <!-- testAddEnd_NULL -->
        <test-method status="PASS" signature="testAddEnd_many()[pri:0, instance:testNG.ExListTest@573ddbdd]" name="testAddEnd_many" duration-ms="0" started-at="2015-02-07T09:03:48Z" finished-at="2015-02-07T09:03:48Z">
          <reporter-output>
          </reporter-output>
        </test-method> <!-- testAddEnd_many -->
        <test-method status="PASS" signature="AfterMethod()[pri:0, instance:testNG.ExListTest@573ddbdd]" name="AfterMethod" is-config="true" duration-ms="16" started-at="2015-02-07T09:03:48Z" finished-at="2015-02-07T09:03:48Z">
          <reporter-output>
          </reporter-output>
        </test-method> <!-- AfterMethod -->
        <test-method status="PASS" signature="AfterMethod()[pri:0, instance:testNG.ExListTest@573ddbdd]" name="AfterMethod" is-config="true" duration-ms="0" started-at="2015-02-07T09:03:48Z" finished-at="2015-02-07T09:03:48Z">
          <reporter-output>
          </reporter-output>
        </test-method> <!-- AfterMethod -->
        <test-method status="PASS" signature="AfterMethod()[pri:0, instance:testNG.ExListTest@573ddbdd]" name="AfterMethod" is-config="true" duration-ms="0" started-at="2015-02-07T09:03:48Z" finished-at="2015-02-07T09:03:48Z">
          <reporter-output>
          </reporter-output>
        </test-method> <!-- AfterMethod -->
        <test-method status="PASS" signature="AfterMethod()[pri:0, instance:testNG.ExListTest@573ddbdd]" name="AfterMethod" is-config="true" duration-ms="0" started-at="2015-02-07T09:03:48Z" finished-at="2015-02-07T09:03:48Z">
          <reporter-output>
          </reporter-output>
        </test-method> <!-- AfterMethod -->
        <test-method status="PASS" signature="testAddEnd_many()[pri:0, instance:testNG.ExListTest@59e91c40]" name="testAddEnd_many" duration-ms="0" started-at="2015-02-07T09:03:48Z" finished-at="2015-02-07T09:03:48Z">
          <reporter-output>
          </reporter-output>
        </test-method> <!-- testAddEnd_many -->
        <test-method status="PASS" signature="testAddEnd_NULL()[pri:0, instance:testNG.ExListTest@6604e2ae]" name="testAddEnd_NULL" duration-ms="0" started-at="2015-02-07T09:03:48Z" finished-at="2015-02-07T09:03:48Z">
          <exception class="java.lang.NullPointerException">
            <full-stacktrace>
              <![CDATA[java.lang.NullPointerException
	at listS.AList0.init(AList0.java:15)
	at listS.AList0.setArray(AList0.java:8)
	at testNG.ExListTest.testAddEnd_NULL(ExListTest.java:157)
	at sun.reflect.NativeMethodAccessorImpl.invoke0(Native Method)
	at sun.reflect.NativeMethodAccessorImpl.invoke(Unknown Source)
	at sun.reflect.DelegatingMethodAccessorImpl.invoke(Unknown Source)
	at java.lang.reflect.Method.invoke(Unknown Source)
	at org.testng.internal.MethodInvocationHelper.invokeMethod(MethodInvocationHelper.java:84)
	at org.testng.internal.Invoker.invokeMethod(Invoker.java:714)
	at org.testng.internal.Invoker.invokeTestMethod(Invoker.java:901)
	at org.testng.internal.Invoker.invokeTestMethods(Invoker.java:1231)
	at org.testng.internal.TestMethodWorker.invokeTestMethods(TestMethodWorker.java:127)
	at org.testng.internal.TestMethodWorker.run(TestMethodWorker.java:111)
	at org.testng.TestRunner.privateRun(TestRunner.java:767)
	at org.testng.TestRunner.run(TestRunner.java:617)
	at org.testng.SuiteRunner.runTest(SuiteRunner.java:334)
	at org.testng.SuiteRunner.runSequentially(SuiteRunner.java:329)
	at org.testng.SuiteRunner.privateRun(SuiteRunner.java:291)
	at org.testng.SuiteRunner.run(SuiteRunner.java:240)
	at org.testng.SuiteRunnerWorker.runSuite(SuiteRunnerWorker.java:52)
	at org.testng.SuiteRunnerWorker.run(SuiteRunnerWorker.java:86)
	at org.testng.TestNG.runSuitesSequentially(TestNG.java:1224)
	at org.testng.TestNG.runSuitesLocally(TestNG.java:1149)
	at org.testng.TestNG.run(TestNG.java:1057)
	at org.testng.remote.RemoteTestNG.run(RemoteTestNG.java:111)
	at org.testng.remote.RemoteTestNG.initAndRun(RemoteTestNG.java:204)
	at org.testng.remote.RemoteTestNG.main(RemoteTestNG.java:175)
]]>
            </full-stacktrace>
          </exception> <!-- java.lang.NullPointerException -->
          <reporter-output>
          </reporter-output>
        </test-method> <!-- testAddEnd_NULL -->
        <test-method status="PASS" signature="testAddEnd_NULL()[pri:0, instance:testNG.ExListTest@573ddbdd]" name="testAddEnd_NULL" duration-ms="0" started-at="2015-02-07T09:03:48Z" finished-at="2015-02-07T09:03:48Z">
          <exception class="java.lang.NullPointerException">
            <full-stacktrace>
              <![CDATA[java.lang.NullPointerException
	at listS.LList2.init(LList2.java:26)
	at listS.LList2.setArray(LList2.java:20)
	at testNG.ExListTest.testAddEnd_NULL(ExListTest.java:157)
	at sun.reflect.NativeMethodAccessorImpl.invoke0(Native Method)
	at sun.reflect.NativeMethodAccessorImpl.invoke(Unknown Source)
	at sun.reflect.DelegatingMethodAccessorImpl.invoke(Unknown Source)
	at java.lang.reflect.Method.invoke(Unknown Source)
	at org.testng.internal.MethodInvocationHelper.invokeMethod(MethodInvocationHelper.java:84)
	at org.testng.internal.Invoker.invokeMethod(Invoker.java:714)
	at org.testng.internal.Invoker.invokeTestMethod(Invoker.java:901)
	at org.testng.internal.Invoker.invokeTestMethods(Invoker.java:1231)
	at org.testng.internal.TestMethodWorker.invokeTestMethods(TestMethodWorker.java:127)
	at org.testng.internal.TestMethodWorker.run(TestMethodWorker.java:111)
	at org.testng.TestRunner.privateRun(TestRunner.java:767)
	at org.testng.TestRunner.run(TestRunner.java:617)
	at org.testng.SuiteRunner.runTest(SuiteRunner.java:334)
	at org.testng.SuiteRunner.runSequentially(SuiteRunner.java:329)
	at org.testng.SuiteRunner.privateRun(SuiteRunner.java:291)
	at org.testng.SuiteRunner.run(SuiteRunner.java:240)
	at org.testng.SuiteRunnerWorker.runSuite(SuiteRunnerWorker.java:52)
	at org.testng.SuiteRunnerWorker.run(SuiteRunnerWorker.java:86)
	at org.testng.TestNG.runSuitesSequentially(TestNG.java:1224)
	at org.testng.TestNG.runSuitesLocally(TestNG.java:1149)
	at org.testng.TestNG.run(TestNG.java:1057)
	at org.testng.remote.RemoteTestNG.run(RemoteTestNG.java:111)
	at org.testng.remote.RemoteTestNG.initAndRun(RemoteTestNG.java:204)
	at org.testng.remote.RemoteTestNG.main(RemoteTestNG.java:175)
]]>
            </full-stacktrace>
          </exception> <!-- java.lang.NullPointerException -->
          <reporter-output>
          </reporter-output>
        </test-method> <!-- testAddEnd_NULL -->
        <test-method status="PASS" signature="AfterMethod()[pri:0, instance:testNG.ExListTest@573ddbdd]" name="AfterMethod" is-config="true" duration-ms="0" started-at="2015-02-07T09:03:48Z" finished-at="2015-02-07T09:03:48Z">
          <reporter-output>
          </reporter-output>
        </test-method> <!-- AfterMethod -->
        <test-method status="PASS" signature="AfterMethod()[pri:0, instance:testNG.ExListTest@573ddbdd]" name="AfterMethod" is-config="true" duration-ms="0" started-at="2015-02-07T09:03:48Z" finished-at="2015-02-07T09:03:48Z">
          <reporter-output>
          </reporter-output>
        </test-method> <!-- AfterMethod -->
        <test-method status="PASS" signature="testAddPos_0()[pri:0, instance:testNG.ExListTest@573ddbdd]" name="testAddPos_0" duration-ms="0" started-at="2015-02-07T09:03:48Z" finished-at="2015-02-07T09:03:48Z">
          <reporter-output>
          </reporter-output>
        </test-method> <!-- testAddPos_0 -->
        <test-method status="PASS" signature="testAddEnd_many()[pri:0, instance:testNG.ExListTest@6604e2ae]" name="testAddEnd_many" duration-ms="0" started-at="2015-02-07T09:03:48Z" finished-at="2015-02-07T09:03:48Z">
          <reporter-output>
          </reporter-output>
        </test-method> <!-- testAddEnd_many -->
        <test-method status="PASS" signature="AfterMethod()[pri:0, instance:testNG.ExListTest@573ddbdd]" name="AfterMethod" is-config="true" duration-ms="0" started-at="2015-02-07T09:03:48Z" finished-at="2015-02-07T09:03:48Z">
          <reporter-output>
          </reporter-output>
        </test-method> <!-- AfterMethod -->
        <test-method status="PASS" signature="AfterMethod()[pri:0, instance:testNG.ExListTest@573ddbdd]" name="AfterMethod" is-config="true" duration-ms="0" started-at="2015-02-07T09:03:48Z" finished-at="2015-02-07T09:03:48Z">
          <reporter-output>
          </reporter-output>
        </test-method> <!-- AfterMethod -->
        <test-method status="PASS" signature="testAddPos_0()[pri:0, instance:testNG.ExListTest@10d42d49]" name="testAddPos_0" duration-ms="0" started-at="2015-02-07T09:03:48Z" finished-at="2015-02-07T09:03:48Z">
          <reporter-output>
          </reporter-output>
        </test-method> <!-- testAddPos_0 -->
        <test-method status="PASS" signature="AfterMethod()[pri:0, instance:testNG.ExListTest@573ddbdd]" name="AfterMethod" is-config="true" duration-ms="0" started-at="2015-02-07T09:03:48Z" finished-at="2015-02-07T09:03:48Z">
          <reporter-output>
          </reporter-output>
        </test-method> <!-- AfterMethod -->
        <test-method status="PASS" signature="testAddPos_0()[pri:0, instance:testNG.ExListTest@6604e2ae]" name="testAddPos_0" duration-ms="0" started-at="2015-02-07T09:03:48Z" finished-at="2015-02-07T09:03:48Z">
          <reporter-output>
          </reporter-output>
        </test-method> <!-- testAddPos_0 -->
        <test-method status="PASS" signature="testAddPos_1()[pri:0, instance:testNG.ExListTest@573ddbdd]" name="testAddPos_1" duration-ms="0" started-at="2015-02-07T09:03:48Z" finished-at="2015-02-07T09:03:48Z">
          <reporter-output>
          </reporter-output>
        </test-method> <!-- testAddPos_1 -->
        <test-method status="PASS" signature="AfterMethod()[pri:0, instance:testNG.ExListTest@573ddbdd]" name="AfterMethod" is-config="true" duration-ms="0" started-at="2015-02-07T09:03:48Z" finished-at="2015-02-07T09:03:48Z">
          <reporter-output>
          </reporter-output>
        </test-method> <!-- AfterMethod -->
        <test-method status="PASS" signature="testAddPos_0()[pri:0, instance:testNG.ExListTest@4abe41d5]" name="testAddPos_0" duration-ms="0" started-at="2015-02-07T09:03:48Z" finished-at="2015-02-07T09:03:48Z">
          <reporter-output>
          </reporter-output>
        </test-method> <!-- testAddPos_0 -->
        <test-method status="PASS" signature="testAddPos_1()[pri:0, instance:testNG.ExListTest@6604e2ae]" name="testAddPos_1" duration-ms="0" started-at="2015-02-07T09:03:48Z" finished-at="2015-02-07T09:03:48Z">
          <reporter-output>
          </reporter-output>
        </test-method> <!-- testAddPos_1 -->
        <test-method status="PASS" signature="testAddPos_1()[pri:0, instance:testNG.ExListTest@10d42d49]" name="testAddPos_1" duration-ms="0" started-at="2015-02-07T09:03:48Z" finished-at="2015-02-07T09:03:48Z">
          <reporter-output>
          </reporter-output>
        </test-method> <!-- testAddPos_1 -->
        <test-method status="PASS" signature="testAddPos_0()[pri:0, instance:testNG.ExListTest@59e91c40]" name="testAddPos_0" duration-ms="0" started-at="2015-02-07T09:03:48Z" finished-at="2015-02-07T09:03:48Z">
          <reporter-output>
          </reporter-output>
        </test-method> <!-- testAddPos_0 -->
        <test-method status="PASS" signature="AfterMethod()[pri:0, instance:testNG.ExListTest@573ddbdd]" name="AfterMethod" is-config="true" duration-ms="0" started-at="2015-02-07T09:03:48Z" finished-at="2015-02-07T09:03:48Z">
          <reporter-output>
          </reporter-output>
        </test-method> <!-- AfterMethod -->
        <test-method status="PASS" signature="testAddPos_2()[pri:0, instance:testNG.ExListTest@10d42d49]" name="testAddPos_2" duration-ms="0" started-at="2015-02-07T09:03:48Z" finished-at="2015-02-07T09:03:48Z">
          <reporter-output>
          </reporter-output>
        </test-method> <!-- testAddPos_2 -->
        <test-method status="PASS" signature="AfterMethod()[pri:0, instance:testNG.ExListTest@573ddbdd]" name="AfterMethod" is-config="true" duration-ms="0" started-at="2015-02-07T09:03:48Z" finished-at="2015-02-07T09:03:48Z">
          <reporter-output>
          </reporter-output>
        </test-method> <!-- AfterMethod -->
        <test-method status="PASS" signature="testAddPos_1()[pri:0, instance:testNG.ExListTest@59e91c40]" name="testAddPos_1" duration-ms="0" started-at="2015-02-07T09:03:48Z" finished-at="2015-02-07T09:03:48Z">
          <reporter-output>
          </reporter-output>
        </test-method> <!-- testAddPos_1 -->
        <test-method status="PASS" signature="AfterMethod()[pri:0, instance:testNG.ExListTest@573ddbdd]" name="AfterMethod" is-config="true" duration-ms="0" started-at="2015-02-07T09:03:48Z" finished-at="2015-02-07T09:03:48Z">
          <reporter-output>
          </reporter-output>
        </test-method> <!-- AfterMethod -->
        <test-method status="PASS" signature="AfterMethod()[pri:0, instance:testNG.ExListTest@573ddbdd]" name="AfterMethod" is-config="true" duration-ms="0" started-at="2015-02-07T09:03:48Z" finished-at="2015-02-07T09:03:48Z">
          <reporter-output>
          </reporter-output>
        </test-method> <!-- AfterMethod -->
        <test-method status="PASS" signature="AfterMethod()[pri:0, instance:testNG.ExListTest@573ddbdd]" name="AfterMethod" is-config="true" duration-ms="0" started-at="2015-02-07T09:03:48Z" finished-at="2015-02-07T09:03:48Z">
          <reporter-output>
          </reporter-output>
        </test-method> <!-- AfterMethod -->
        <test-method status="PASS" signature="AfterMethod()[pri:0, instance:testNG.ExListTest@573ddbdd]" name="AfterMethod" is-config="true" duration-ms="0" started-at="2015-02-07T09:03:48Z" finished-at="2015-02-07T09:03:48Z">
          <reporter-output>
          </reporter-output>
        </test-method> <!-- AfterMethod -->
        <test-method status="FAIL" signature="testAddPos_1()[pri:0, instance:testNG.ExListTest@4abe41d5]" name="testAddPos_1" duration-ms="0" started-at="2015-02-07T09:03:48Z" finished-at="2015-02-07T09:03:48Z">
          <exception class="java.lang.ArrayIndexOutOfBoundsException">
            <message>
              <![CDATA[1]]>
            </message>
            <full-stacktrace>
              <![CDATA[java.lang.ArrayIndexOutOfBoundsException: 1
	at listS.AList1.addEnd(AList1.java:134)
	at listS.AList1.init(AList1.java:23)
	at listS.AList1.setArray(AList1.java:9)
	at testNG.ExListTest.testAddPos_1(ExListTest.java:219)
	at sun.reflect.NativeMethodAccessorImpl.invoke0(Native Method)
	at sun.reflect.NativeMethodAccessorImpl.invoke(Unknown Source)
	at sun.reflect.DelegatingMethodAccessorImpl.invoke(Unknown Source)
	at java.lang.reflect.Method.invoke(Unknown Source)
	at org.testng.internal.MethodInvocationHelper.invokeMethod(MethodInvocationHelper.java:84)
	at org.testng.internal.Invoker.invokeMethod(Invoker.java:714)
	at org.testng.internal.Invoker.invokeTestMethod(Invoker.java:901)
	at org.testng.internal.Invoker.invokeTestMethods(Invoker.java:1231)
	at org.testng.internal.TestMethodWorker.invokeTestMethods(TestMethodWorker.java:127)
	at org.testng.internal.TestMethodWorker.run(TestMethodWorker.java:111)
	at org.testng.TestRunner.privateRun(TestRunner.java:767)
	at org.testng.TestRunner.run(TestRunner.java:617)
	at org.testng.SuiteRunner.runTest(SuiteRunner.java:334)
	at org.testng.SuiteRunner.runSequentially(SuiteRunner.java:329)
	at org.testng.SuiteRunner.privateRun(SuiteRunner.java:291)
	at org.testng.SuiteRunner.run(SuiteRunner.java:240)
	at org.testng.SuiteRunnerWorker.runSuite(SuiteRunnerWorker.java:52)
	at org.testng.SuiteRunnerWorker.run(SuiteRunnerWorker.java:86)
	at org.testng.TestNG.runSuitesSequentially(TestNG.java:1224)
	at org.testng.TestNG.runSuitesLocally(TestNG.java:1149)
	at org.testng.TestNG.run(TestNG.java:1057)
	at org.testng.remote.RemoteTestNG.run(RemoteTestNG.java:111)
	at org.testng.remote.RemoteTestNG.initAndRun(RemoteTestNG.java:204)
	at org.testng.remote.RemoteTestNG.main(RemoteTestNG.java:175)
]]>
            </full-stacktrace>
          </exception> <!-- java.lang.ArrayIndexOutOfBoundsException -->
          <reporter-output>
          </reporter-output>
        </test-method> <!-- testAddPos_1 -->
        <test-method status="PASS" signature="testAddPos_NULL()[pri:0, instance:testNG.ExListTest@573ddbdd]" name="testAddPos_NULL" duration-ms="0" started-at="2015-02-07T09:03:48Z" finished-at="2015-02-07T09:03:48Z">
          <exception class="java.lang.NullPointerException">
            <full-stacktrace>
              <![CDATA[java.lang.NullPointerException
	at listS.LList2.init(LList2.java:26)
	at listS.LList2.setArray(LList2.java:20)
	at testNG.ExListTest.testAddPos_NULL(ExListTest.java:203)
	at sun.reflect.NativeMethodAccessorImpl.invoke0(Native Method)
	at sun.reflect.NativeMethodAccessorImpl.invoke(Unknown Source)
	at sun.reflect.DelegatingMethodAccessorImpl.invoke(Unknown Source)
	at java.lang.reflect.Method.invoke(Unknown Source)
	at org.testng.internal.MethodInvocationHelper.invokeMethod(MethodInvocationHelper.java:84)
	at org.testng.internal.Invoker.invokeMethod(Invoker.java:714)
	at org.testng.internal.Invoker.invokeTestMethod(Invoker.java:901)
	at org.testng.internal.Invoker.invokeTestMethods(Invoker.java:1231)
	at org.testng.internal.TestMethodWorker.invokeTestMethods(TestMethodWorker.java:127)
	at org.testng.internal.TestMethodWorker.run(TestMethodWorker.java:111)
	at org.testng.TestRunner.privateRun(TestRunner.java:767)
	at org.testng.TestRunner.run(TestRunner.java:617)
	at org.testng.SuiteRunner.runTest(SuiteRunner.java:334)
	at org.testng.SuiteRunner.runSequentially(SuiteRunner.java:329)
	at org.testng.SuiteRunner.privateRun(SuiteRunner.java:291)
	at org.testng.SuiteRunner.run(SuiteRunner.java:240)
	at org.testng.SuiteRunnerWorker.runSuite(SuiteRunnerWorker.java:52)
	at org.testng.SuiteRunnerWorker.run(SuiteRunnerWorker.java:86)
	at org.testng.TestNG.runSuitesSequentially(TestNG.java:1224)
	at org.testng.TestNG.runSuitesLocally(TestNG.java:1149)
	at org.testng.TestNG.run(TestNG.java:1057)
	at org.testng.remote.RemoteTestNG.run(RemoteTestNG.java:111)
	at org.testng.remote.RemoteTestNG.initAndRun(RemoteTestNG.java:204)
	at org.testng.remote.RemoteTestNG.main(RemoteTestNG.java:175)
]]>
            </full-stacktrace>
          </exception> <!-- java.lang.NullPointerException -->
          <reporter-output>
          </reporter-output>
        </test-method> <!-- testAddPos_NULL -->
        <test-method status="PASS" signature="AfterMethod()[pri:0, instance:testNG.ExListTest@573ddbdd]" name="AfterMethod" is-config="true" duration-ms="16" started-at="2015-02-07T09:03:48Z" finished-at="2015-02-07T09:03:48Z">
          <reporter-output>
          </reporter-output>
        </test-method> <!-- AfterMethod -->
        <test-method status="FAIL" signature="testAddPos_many()[pri:0, instance:testNG.ExListTest@4abe41d5]" name="testAddPos_many" duration-ms="0" started-at="2015-02-07T09:03:48Z" finished-at="2015-02-07T09:03:48Z">
          <exception class="java.lang.ArrayIndexOutOfBoundsException">
            <message>
              <![CDATA[1]]>
            </message>
            <full-stacktrace>
              <![CDATA[java.lang.ArrayIndexOutOfBoundsException: 1
	at listS.AList1.addEnd(AList1.java:134)
	at listS.AList1.init(AList1.java:23)
	at listS.AList1.setArray(AList1.java:9)
	at testNG.ExListTest.testAddPos_many(ExListTest.java:240)
	at sun.reflect.NativeMethodAccessorImpl.invoke0(Native Method)
	at sun.reflect.NativeMethodAccessorImpl.invoke(Unknown Source)
	at sun.reflect.DelegatingMethodAccessorImpl.invoke(Unknown Source)
	at java.lang.reflect.Method.invoke(Unknown Source)
	at org.testng.internal.MethodInvocationHelper.invokeMethod(MethodInvocationHelper.java:84)
	at org.testng.internal.Invoker.invokeMethod(Invoker.java:714)
	at org.testng.internal.Invoker.invokeTestMethod(Invoker.java:901)
	at org.testng.internal.Invoker.invokeTestMethods(Invoker.java:1231)
	at org.testng.internal.TestMethodWorker.invokeTestMethods(TestMethodWorker.java:127)
	at org.testng.internal.TestMethodWorker.run(TestMethodWorker.java:111)
	at org.testng.TestRunner.privateRun(TestRunner.java:767)
	at org.testng.TestRunner.run(TestRunner.java:617)
	at org.testng.SuiteRunner.runTest(SuiteRunner.java:334)
	at org.testng.SuiteRunner.runSequentially(SuiteRunner.java:329)
	at org.testng.SuiteRunner.privateRun(SuiteRunner.java:291)
	at org.testng.SuiteRunner.run(SuiteRunner.java:240)
	at org.testng.SuiteRunnerWorker.runSuite(SuiteRunnerWorker.java:52)
	at org.testng.SuiteRunnerWorker.run(SuiteRunnerWorker.java:86)
	at org.testng.TestNG.runSuitesSequentially(TestNG.java:1224)
	at org.testng.TestNG.runSuitesLocally(TestNG.java:1149)
	at org.testng.TestNG.run(TestNG.java:1057)
	at org.testng.remote.RemoteTestNG.run(RemoteTestNG.java:111)
	at org.testng.remote.RemoteTestNG.initAndRun(RemoteTestNG.java:204)
	at org.testng.remote.RemoteTestNG.main(RemoteTestNG.java:175)
]]>
            </full-stacktrace>
          </exception> <!-- java.lang.ArrayIndexOutOfBoundsException -->
          <reporter-output>
          </reporter-output>
        </test-method> <!-- testAddPos_many -->
        <test-method status="PASS" signature="testAddPos_2()[pri:0, instance:testNG.ExListTest@59e91c40]" name="testAddPos_2" duration-ms="0" started-at="2015-02-07T09:03:48Z" finished-at="2015-02-07T09:03:48Z">
          <reporter-output>
          </reporter-output>
        </test-method> <!-- testAddPos_2 -->
        <test-method status="PASS" signature="AfterMethod()[pri:0, instance:testNG.ExListTest@573ddbdd]" name="AfterMethod" is-config="true" duration-ms="0" started-at="2015-02-07T09:03:48Z" finished-at="2015-02-07T09:03:48Z">
          <reporter-output>
          </reporter-output>
        </test-method> <!-- AfterMethod -->
        <test-method status="PASS" signature="testAddPos_2()[pri:0, instance:testNG.ExListTest@6604e2ae]" name="testAddPos_2" duration-ms="0" started-at="2015-02-07T09:03:48Z" finished-at="2015-02-07T09:03:48Z">
          <reporter-output>
          </reporter-output>
        </test-method> <!-- testAddPos_2 -->
        <test-method status="PASS" signature="testAddPos_NULL()[pri:0, instance:testNG.ExListTest@59e91c40]" name="testAddPos_NULL" duration-ms="0" started-at="2015-02-07T09:03:48Z" finished-at="2015-02-07T09:03:48Z">
          <exception class="java.lang.NullPointerException">
            <full-stacktrace>
              <![CDATA[java.lang.NullPointerException
	at listS.LList1.init(LList1.java:24)
	at listS.LList1.setArray(LList1.java:19)
	at testNG.ExListTest.testAddPos_NULL(ExListTest.java:203)
	at sun.reflect.NativeMethodAccessorImpl.invoke0(Native Method)
	at sun.reflect.NativeMethodAccessorImpl.invoke(Unknown Source)
	at sun.reflect.DelegatingMethodAccessorImpl.invoke(Unknown Source)
	at java.lang.reflect.Method.invoke(Unknown Source)
	at org.testng.internal.MethodInvocationHelper.invokeMethod(MethodInvocationHelper.java:84)
	at org.testng.internal.Invoker.invokeMethod(Invoker.java:714)
	at org.testng.internal.Invoker.invokeTestMethod(Invoker.java:901)
	at org.testng.internal.Invoker.invokeTestMethods(Invoker.java:1231)
	at org.testng.internal.TestMethodWorker.invokeTestMethods(TestMethodWorker.java:127)
	at org.testng.internal.TestMethodWorker.run(TestMethodWorker.java:111)
	at org.testng.TestRunner.privateRun(TestRunner.java:767)
	at org.testng.TestRunner.run(TestRunner.java:617)
	at org.testng.SuiteRunner.runTest(SuiteRunner.java:334)
	at org.testng.SuiteRunner.runSequentially(SuiteRunner.java:329)
	at org.testng.SuiteRunner.privateRun(SuiteRunner.java:291)
	at org.testng.SuiteRunner.run(SuiteRunner.java:240)
	at org.testng.SuiteRunnerWorker.runSuite(SuiteRunnerWorker.java:52)
	at org.testng.SuiteRunnerWorker.run(SuiteRunnerWorker.java:86)
	at org.testng.TestNG.runSuitesSequentially(TestNG.java:1224)
	at org.testng.TestNG.runSuitesLocally(TestNG.java:1149)
	at org.testng.TestNG.run(TestNG.java:1057)
	at org.testng.remote.RemoteTestNG.run(RemoteTestNG.java:111)
	at org.testng.remote.RemoteTestNG.initAndRun(RemoteTestNG.java:204)
	at org.testng.remote.RemoteTestNG.main(RemoteTestNG.java:175)
]]>
            </full-stacktrace>
          </exception> <!-- java.lang.NullPointerException -->
          <reporter-output>
          </reporter-output>
        </test-method> <!-- testAddPos_NULL -->
        <test-method status="PASS" signature="AfterMethod()[pri:0, instance:testNG.ExListTest@573ddbdd]" name="AfterMethod" is-config="true" duration-ms="0" started-at="2015-02-07T09:03:48Z" finished-at="2015-02-07T09:03:48Z">
          <reporter-output>
          </reporter-output>
        </test-method> <!-- AfterMethod -->
        <test-method status="FAIL" signature="testAddPos_2()[pri:0, instance:testNG.ExListTest@4abe41d5]" name="testAddPos_2" duration-ms="0" started-at="2015-02-07T09:03:48Z" finished-at="2015-02-07T09:03:48Z">
          <exception class="java.lang.ArrayIndexOutOfBoundsException">
            <message>
              <![CDATA[1]]>
            </message>
            <full-stacktrace>
              <![CDATA[java.lang.ArrayIndexOutOfBoundsException: 1
	at listS.AList1.addEnd(AList1.java:134)
	at listS.AList1.init(AList1.java:23)
	at listS.AList1.setArray(AList1.java:9)
	at testNG.ExListTest.testAddPos_2(ExListTest.java:229)
	at sun.reflect.NativeMethodAccessorImpl.invoke0(Native Method)
	at sun.reflect.NativeMethodAccessorImpl.invoke(Unknown Source)
	at sun.reflect.DelegatingMethodAccessorImpl.invoke(Unknown Source)
	at java.lang.reflect.Method.invoke(Unknown Source)
	at org.testng.internal.MethodInvocationHelper.invokeMethod(MethodInvocationHelper.java:84)
	at org.testng.internal.Invoker.invokeMethod(Invoker.java:714)
	at org.testng.internal.Invoker.invokeTestMethod(Invoker.java:901)
	at org.testng.internal.Invoker.invokeTestMethods(Invoker.java:1231)
	at org.testng.internal.TestMethodWorker.invokeTestMethods(TestMethodWorker.java:127)
	at org.testng.internal.TestMethodWorker.run(TestMethodWorker.java:111)
	at org.testng.TestRunner.privateRun(TestRunner.java:767)
	at org.testng.TestRunner.run(TestRunner.java:617)
	at org.testng.SuiteRunner.runTest(SuiteRunner.java:334)
	at org.testng.SuiteRunner.runSequentially(SuiteRunner.java:329)
	at org.testng.SuiteRunner.privateRun(SuiteRunner.java:291)
	at org.testng.SuiteRunner.run(SuiteRunner.java:240)
	at org.testng.SuiteRunnerWorker.runSuite(SuiteRunnerWorker.java:52)
	at org.testng.SuiteRunnerWorker.run(SuiteRunnerWorker.java:86)
	at org.testng.TestNG.runSuitesSequentially(TestNG.java:1224)
	at org.testng.TestNG.runSuitesLocally(TestNG.java:1149)
	at org.testng.TestNG.run(TestNG.java:1057)
	at org.testng.remote.RemoteTestNG.run(RemoteTestNG.java:111)
	at org.testng.remote.RemoteTestNG.initAndRun(RemoteTestNG.java:204)
	at org.testng.remote.RemoteTestNG.main(RemoteTestNG.java:175)
]]>
            </full-stacktrace>
          </exception> <!-- java.lang.ArrayIndexOutOfBoundsException -->
          <reporter-output>
          </reporter-output>
        </test-method> <!-- testAddPos_2 -->
        <test-method status="PASS" signature="testAddPos_NULL()[pri:0, instance:testNG.ExListTest@10d42d49]" name="testAddPos_NULL" duration-ms="0" started-at="2015-02-07T09:03:48Z" finished-at="2015-02-07T09:03:48Z">
          <exception class="java.lang.NullPointerException">
            <full-stacktrace>
              <![CDATA[java.lang.NullPointerException
	at listS.AList2.init(AList2.java:16)
	at listS.AList2.setArray(AList2.java:10)
	at testNG.ExListTest.testAddPos_NULL(ExListTest.java:203)
	at sun.reflect.NativeMethodAccessorImpl.invoke0(Native Method)
	at sun.reflect.NativeMethodAccessorImpl.invoke(Unknown Source)
	at sun.reflect.DelegatingMethodAccessorImpl.invoke(Unknown Source)
	at java.lang.reflect.Method.invoke(Unknown Source)
	at org.testng.internal.MethodInvocationHelper.invokeMethod(MethodInvocationHelper.java:84)
	at org.testng.internal.Invoker.invokeMethod(Invoker.java:714)
	at org.testng.internal.Invoker.invokeTestMethod(Invoker.java:901)
	at org.testng.internal.Invoker.invokeTestMethods(Invoker.java:1231)
	at org.testng.internal.TestMethodWorker.invokeTestMethods(TestMethodWorker.java:127)
	at org.testng.internal.TestMethodWorker.run(TestMethodWorker.java:111)
	at org.testng.TestRunner.privateRun(TestRunner.java:767)
	at org.testng.TestRunner.run(TestRunner.java:617)
	at org.testng.SuiteRunner.runTest(SuiteRunner.java:334)
	at org.testng.SuiteRunner.runSequentially(SuiteRunner.java:329)
	at org.testng.SuiteRunner.privateRun(SuiteRunner.java:291)
	at org.testng.SuiteRunner.run(SuiteRunner.java:240)
	at org.testng.SuiteRunnerWorker.runSuite(SuiteRunnerWorker.java:52)
	at org.testng.SuiteRunnerWorker.run(SuiteRunnerWorker.java:86)
	at org.testng.TestNG.runSuitesSequentially(TestNG.java:1224)
	at org.testng.TestNG.runSuitesLocally(TestNG.java:1149)
	at org.testng.TestNG.run(TestNG.java:1057)
	at org.testng.remote.RemoteTestNG.run(RemoteTestNG.java:111)
	at org.testng.remote.RemoteTestNG.initAndRun(RemoteTestNG.java:204)
	at org.testng.remote.RemoteTestNG.main(RemoteTestNG.java:175)
]]>
            </full-stacktrace>
          </exception> <!-- java.lang.NullPointerException -->
          <reporter-output>
          </reporter-output>
        </test-method> <!-- testAddPos_NULL -->
        <test-method status="PASS" signature="AfterMethod()[pri:0, instance:testNG.ExListTest@573ddbdd]" name="AfterMethod" is-config="true" duration-ms="0" started-at="2015-02-07T09:03:48Z" finished-at="2015-02-07T09:03:48Z">
          <reporter-output>
          </reporter-output>
        </test-method> <!-- AfterMethod -->
        <test-method status="PASS" signature="testAddPos_many()[pri:0, instance:testNG.ExListTest@10d42d49]" name="testAddPos_many" duration-ms="0" started-at="2015-02-07T09:03:48Z" finished-at="2015-02-07T09:03:48Z">
          <reporter-output>
          </reporter-output>
        </test-method> <!-- testAddPos_many -->
        <test-method status="PASS" signature="AfterMethod()[pri:0, instance:testNG.ExListTest@573ddbdd]" name="AfterMethod" is-config="true" duration-ms="0" started-at="2015-02-07T09:03:48Z" finished-at="2015-02-07T09:03:48Z">
          <reporter-output>
          </reporter-output>
        </test-method> <!-- AfterMethod -->
        <test-method status="PASS" signature="AfterMethod()[pri:0, instance:testNG.ExListTest@573ddbdd]" name="AfterMethod" is-config="true" duration-ms="0" started-at="2015-02-07T09:03:48Z" finished-at="2015-02-07T09:03:48Z">
          <reporter-output>
          </reporter-output>
        </test-method> <!-- AfterMethod -->
        <test-method status="PASS" signature="AfterMethod()[pri:0, instance:testNG.ExListTest@573ddbdd]" name="AfterMethod" is-config="true" duration-ms="0" started-at="2015-02-07T09:03:48Z" finished-at="2015-02-07T09:03:48Z">
          <reporter-output>
          </reporter-output>
        </test-method> <!-- AfterMethod -->
        <test-method status="PASS" signature="AfterMethod()[pri:0, instance:testNG.ExListTest@573ddbdd]" name="AfterMethod" is-config="true" duration-ms="0" started-at="2015-02-07T09:03:48Z" finished-at="2015-02-07T09:03:48Z">
          <reporter-output>
          </reporter-output>
        </test-method> <!-- AfterMethod -->
        <test-method status="PASS" signature="testAddPos_many()[pri:0, instance:testNG.ExListTest@573ddbdd]" name="testAddPos_many" duration-ms="0" started-at="2015-02-07T09:03:48Z" finished-at="2015-02-07T09:03:48Z">
          <reporter-output>
          </reporter-output>
        </test-method> <!-- testAddPos_many -->
        <test-method status="PASS" signature="testAddPos_2()[pri:0, instance:testNG.ExListTest@573ddbdd]" name="testAddPos_2" duration-ms="0" started-at="2015-02-07T09:03:48Z" finished-at="2015-02-07T09:03:48Z">
          <reporter-output>
          </reporter-output>
        </test-method> <!-- testAddPos_2 -->
        <test-method status="PASS" signature="AfterMethod()[pri:0, instance:testNG.ExListTest@573ddbdd]" name="AfterMethod" is-config="true" duration-ms="0" started-at="2015-02-07T09:03:48Z" finished-at="2015-02-07T09:03:48Z">
          <reporter-output>
          </reporter-output>
        </test-method> <!-- AfterMethod -->
        <test-method status="PASS" signature="AfterMethod()[pri:0, instance:testNG.ExListTest@573ddbdd]" name="AfterMethod" is-config="true" duration-ms="0" started-at="2015-02-07T09:03:48Z" finished-at="2015-02-07T09:03:48Z">
          <reporter-output>
          </reporter-output>
        </test-method> <!-- AfterMethod -->
        <test-method status="PASS" signature="testAddPos_NULL()[pri:0, instance:testNG.ExListTest@6604e2ae]" name="testAddPos_NULL" duration-ms="0" started-at="2015-02-07T09:03:48Z" finished-at="2015-02-07T09:03:48Z">
          <exception class="java.lang.NullPointerException">
            <full-stacktrace>
              <![CDATA[java.lang.NullPointerException
	at listS.AList0.init(AList0.java:15)
	at listS.AList0.setArray(AList0.java:8)
	at testNG.ExListTest.testAddPos_NULL(ExListTest.java:203)
	at sun.reflect.NativeMethodAccessorImpl.invoke0(Native Method)
	at sun.reflect.NativeMethodAccessorImpl.invoke(Unknown Source)
	at sun.reflect.DelegatingMethodAccessorImpl.invoke(Unknown Source)
	at java.lang.reflect.Method.invoke(Unknown Source)
	at org.testng.internal.MethodInvocationHelper.invokeMethod(MethodInvocationHelper.java:84)
	at org.testng.internal.Invoker.invokeMethod(Invoker.java:714)
	at org.testng.internal.Invoker.invokeTestMethod(Invoker.java:901)
	at org.testng.internal.Invoker.invokeTestMethods(Invoker.java:1231)
	at org.testng.internal.TestMethodWorker.invokeTestMethods(TestMethodWorker.java:127)
	at org.testng.internal.TestMethodWorker.run(TestMethodWorker.java:111)
	at org.testng.TestRunner.privateRun(TestRunner.java:767)
	at org.testng.TestRunner.run(TestRunner.java:617)
	at org.testng.SuiteRunner.runTest(SuiteRunner.java:334)
	at org.testng.SuiteRunner.runSequentially(SuiteRunner.java:329)
	at org.testng.SuiteRunner.privateRun(SuiteRunner.java:291)
	at org.testng.SuiteRunner.run(SuiteRunner.java:240)
	at org.testng.SuiteRunnerWorker.runSuite(SuiteRunnerWorker.java:52)
	at org.testng.SuiteRunnerWorker.run(SuiteRunnerWorker.java:86)
	at org.testng.TestNG.runSuitesSequentially(TestNG.java:1224)
	at org.testng.TestNG.runSuitesLocally(TestNG.java:1149)
	at org.testng.TestNG.run(TestNG.java:1057)
	at org.testng.remote.RemoteTestNG.run(RemoteTestNG.java:111)
	at org.testng.remote.RemoteTestNG.initAndRun(RemoteTestNG.java:204)
	at org.testng.remote.RemoteTestNG.main(RemoteTestNG.java:175)
]]>
            </full-stacktrace>
          </exception> <!-- java.lang.NullPointerException -->
          <reporter-output>
          </reporter-output>
        </test-method> <!-- testAddPos_NULL -->
        <test-method status="PASS" signature="testAddPos_NULL()[pri:0, instance:testNG.ExListTest@4abe41d5]" name="testAddPos_NULL" duration-ms="0" started-at="2015-02-07T09:03:48Z" finished-at="2015-02-07T09:03:48Z">
          <exception class="java.lang.NullPointerException">
            <full-stacktrace>
              <![CDATA[java.lang.NullPointerException
	at listS.AList1.init(AList1.java:20)
	at listS.AList1.setArray(AList1.java:9)
	at testNG.ExListTest.testAddPos_NULL(ExListTest.java:203)
	at sun.reflect.NativeMethodAccessorImpl.invoke0(Native Method)
	at sun.reflect.NativeMethodAccessorImpl.invoke(Unknown Source)
	at sun.reflect.DelegatingMethodAccessorImpl.invoke(Unknown Source)
	at java.lang.reflect.Method.invoke(Unknown Source)
	at org.testng.internal.MethodInvocationHelper.invokeMethod(MethodInvocationHelper.java:84)
	at org.testng.internal.Invoker.invokeMethod(Invoker.java:714)
	at org.testng.internal.Invoker.invokeTestMethod(Invoker.java:901)
	at org.testng.internal.Invoker.invokeTestMethods(Invoker.java:1231)
	at org.testng.internal.TestMethodWorker.invokeTestMethods(TestMethodWorker.java:127)
	at org.testng.internal.TestMethodWorker.run(TestMethodWorker.java:111)
	at org.testng.TestRunner.privateRun(TestRunner.java:767)
	at org.testng.TestRunner.run(TestRunner.java:617)
	at org.testng.SuiteRunner.runTest(SuiteRunner.java:334)
	at org.testng.SuiteRunner.runSequentially(SuiteRunner.java:329)
	at org.testng.SuiteRunner.privateRun(SuiteRunner.java:291)
	at org.testng.SuiteRunner.run(SuiteRunner.java:240)
	at org.testng.SuiteRunnerWorker.runSuite(SuiteRunnerWorker.java:52)
	at org.testng.SuiteRunnerWorker.run(SuiteRunnerWorker.java:86)
	at org.testng.TestNG.runSuitesSequentially(TestNG.java:1224)
	at org.testng.TestNG.runSuitesLocally(TestNG.java:1149)
	at org.testng.TestNG.run(TestNG.java:1057)
	at org.testng.remote.RemoteTestNG.run(RemoteTestNG.java:111)
	at org.testng.remote.RemoteTestNG.initAndRun(RemoteTestNG.java:204)
	at org.testng.remote.RemoteTestNG.main(RemoteTestNG.java:175)
]]>
            </full-stacktrace>
          </exception> <!-- java.lang.NullPointerException -->
          <reporter-output>
          </reporter-output>
        </test-method> <!-- testAddPos_NULL -->
        <test-method status="PASS" signature="AfterMethod()[pri:0, instance:testNG.ExListTest@573ddbdd]" name="AfterMethod" is-config="true" duration-ms="0" started-at="2015-02-07T09:03:48Z" finished-at="2015-02-07T09:03:48Z">
          <reporter-output>
          </reporter-output>
        </test-method> <!-- AfterMethod -->
        <test-method status="PASS" signature="AfterMethod()[pri:0, instance:testNG.ExListTest@573ddbdd]" name="AfterMethod" is-config="true" duration-ms="0" started-at="2015-02-07T09:03:48Z" finished-at="2015-02-07T09:03:48Z">
          <reporter-output>
          </reporter-output>
        </test-method> <!-- AfterMethod -->
        <test-method status="PASS" signature="AfterMethod()[pri:0, instance:testNG.ExListTest@573ddbdd]" name="AfterMethod" is-config="true" duration-ms="0" started-at="2015-02-07T09:03:48Z" finished-at="2015-02-07T09:03:48Z">
          <reporter-output>
          </reporter-output>
        </test-method> <!-- AfterMethod -->
        <test-method status="PASS" signature="AfterMethod()[pri:0, instance:testNG.ExListTest@573ddbdd]" name="AfterMethod" is-config="true" duration-ms="0" started-at="2015-02-07T09:03:48Z" finished-at="2015-02-07T09:03:48Z">
          <reporter-output>
          </reporter-output>
        </test-method> <!-- AfterMethod -->
        <test-method status="PASS" signature="AfterMethod()[pri:0, instance:testNG.ExListTest@573ddbdd]" name="AfterMethod" is-config="true" duration-ms="0" started-at="2015-02-07T09:03:48Z" finished-at="2015-02-07T09:03:48Z">
          <reporter-output>
          </reporter-output>
        </test-method> <!-- AfterMethod -->
        <test-method status="PASS" signature="testAddStart_1()[pri:0, instance:testNG.ExListTest@10d42d49]" name="testAddStart_1" duration-ms="0" started-at="2015-02-07T09:03:48Z" finished-at="2015-02-07T09:03:48Z">
          <reporter-output>
          </reporter-output>
        </test-method> <!-- testAddStart_1 -->
        <test-method status="PASS" signature="testAddPos_many()[pri:0, instance:testNG.ExListTest@6604e2ae]" name="testAddPos_many" duration-ms="0" started-at="2015-02-07T09:03:48Z" finished-at="2015-02-07T09:03:48Z">
          <reporter-output>
          </reporter-output>
        </test-method> <!-- testAddPos_many -->
        <test-method status="PASS" signature="AfterMethod()[pri:0, instance:testNG.ExListTest@573ddbdd]" name="AfterMethod" is-config="true" duration-ms="0" started-at="2015-02-07T09:03:48Z" finished-at="2015-02-07T09:03:48Z">
          <reporter-output>
          </reporter-output>
        </test-method> <!-- AfterMethod -->
        <test-method status="PASS" signature="testAddStart_2()[pri:0, instance:testNG.ExListTest@4abe41d5]" name="testAddStart_2" duration-ms="0" started-at="2015-02-07T09:03:48Z" finished-at="2015-02-07T09:03:48Z">
          <reporter-output>
          </reporter-output>
        </test-method> <!-- testAddStart_2 -->
        <test-method status="PASS" signature="testAddStart_0()[pri:0, instance:testNG.ExListTest@4abe41d5]" name="testAddStart_0" duration-ms="0" started-at="2015-02-07T09:03:48Z" finished-at="2015-02-07T09:03:48Z">
          <reporter-output>
          </reporter-output>
        </test-method> <!-- testAddStart_0 -->
        <test-method status="PASS" signature="AfterMethod()[pri:0, instance:testNG.ExListTest@573ddbdd]" name="AfterMethod" is-config="true" duration-ms="0" started-at="2015-02-07T09:03:48Z" finished-at="2015-02-07T09:03:48Z">
          <reporter-output>
          </reporter-output>
        </test-method> <!-- AfterMethod -->
        <test-method status="PASS" signature="AfterMethod()[pri:0, instance:testNG.ExListTest@573ddbdd]" name="AfterMethod" is-config="true" duration-ms="0" started-at="2015-02-07T09:03:48Z" finished-at="2015-02-07T09:03:48Z">
          <reporter-output>
          </reporter-output>
        </test-method> <!-- AfterMethod -->
        <test-method status="PASS" signature="testAddStart_2()[pri:0, instance:testNG.ExListTest@10d42d49]" name="testAddStart_2" duration-ms="0" started-at="2015-02-07T09:03:48Z" finished-at="2015-02-07T09:03:48Z">
          <reporter-output>
          </reporter-output>
        </test-method> <!-- testAddStart_2 -->
        <test-method status="PASS" signature="AfterMethod()[pri:0, instance:testNG.ExListTest@573ddbdd]" name="AfterMethod" is-config="true" duration-ms="0" started-at="2015-02-07T09:03:48Z" finished-at="2015-02-07T09:03:48Z">
          <reporter-output>
          </reporter-output>
        </test-method> <!-- AfterMethod -->
        <test-method status="PASS" signature="testAddStart_NULL()[pri:0, instance:testNG.ExListTest@10d42d49]" name="testAddStart_NULL" duration-ms="0" started-at="2015-02-07T09:03:48Z" finished-at="2015-02-07T09:03:48Z">
          <exception class="java.lang.NullPointerException">
            <full-stacktrace>
              <![CDATA[java.lang.NullPointerException
	at listS.AList2.init(AList2.java:16)
	at listS.AList2.setArray(AList2.java:10)
	at testNG.ExListTest.testAddStart_NULL(ExListTest.java:111)
	at sun.reflect.NativeMethodAccessorImpl.invoke0(Native Method)
	at sun.reflect.NativeMethodAccessorImpl.invoke(Unknown Source)
	at sun.reflect.DelegatingMethodAccessorImpl.invoke(Unknown Source)
	at java.lang.reflect.Method.invoke(Unknown Source)
	at org.testng.internal.MethodInvocationHelper.invokeMethod(MethodInvocationHelper.java:84)
	at org.testng.internal.Invoker.invokeMethod(Invoker.java:714)
	at org.testng.internal.Invoker.invokeTestMethod(Invoker.java:901)
	at org.testng.internal.Invoker.invokeTestMethods(Invoker.java:1231)
	at org.testng.internal.TestMethodWorker.invokeTestMethods(TestMethodWorker.java:127)
	at org.testng.internal.TestMethodWorker.run(TestMethodWorker.java:111)
	at org.testng.TestRunner.privateRun(TestRunner.java:767)
	at org.testng.TestRunner.run(TestRunner.java:617)
	at org.testng.SuiteRunner.runTest(SuiteRunner.java:334)
	at org.testng.SuiteRunner.runSequentially(SuiteRunner.java:329)
	at org.testng.SuiteRunner.privateRun(SuiteRunner.java:291)
	at org.testng.SuiteRunner.run(SuiteRunner.java:240)
	at org.testng.SuiteRunnerWorker.runSuite(SuiteRunnerWorker.java:52)
	at org.testng.SuiteRunnerWorker.run(SuiteRunnerWorker.java:86)
	at org.testng.TestNG.runSuitesSequentially(TestNG.java:1224)
	at org.testng.TestNG.runSuitesLocally(TestNG.java:1149)
	at org.testng.TestNG.run(TestNG.java:1057)
	at org.testng.remote.RemoteTestNG.run(RemoteTestNG.java:111)
	at org.testng.remote.RemoteTestNG.initAndRun(RemoteTestNG.java:204)
	at org.testng.remote.RemoteTestNG.main(RemoteTestNG.java:175)
]]>
            </full-stacktrace>
          </exception> <!-- java.lang.NullPointerException -->
          <reporter-output>
          </reporter-output>
        </test-method> <!-- testAddStart_NULL -->
        <test-method status="PASS" signature="testAddPos_many()[pri:0, instance:testNG.ExListTest@59e91c40]" name="testAddPos_many" duration-ms="0" started-at="2015-02-07T09:03:48Z" finished-at="2015-02-07T09:03:48Z">
          <reporter-output>
          </reporter-output>
        </test-method> <!-- testAddPos_many -->
        <test-method status="PASS" signature="testAddStart_0()[pri:0, instance:testNG.ExListTest@573ddbdd]" name="testAddStart_0" duration-ms="0" started-at="2015-02-07T09:03:48Z" finished-at="2015-02-07T09:03:48Z">
          <reporter-output>
          </reporter-output>
        </test-method> <!-- testAddStart_0 -->
        <test-method status="PASS" signature="AfterMethod()[pri:0, instance:testNG.ExListTest@573ddbdd]" name="AfterMethod" is-config="true" duration-ms="0" started-at="2015-02-07T09:03:48Z" finished-at="2015-02-07T09:03:48Z">
          <reporter-output>
          </reporter-output>
        </test-method> <!-- AfterMethod -->
        <test-method status="PASS" signature="testAddStart_2()[pri:0, instance:testNG.ExListTest@59e91c40]" name="testAddStart_2" duration-ms="0" started-at="2015-02-07T09:03:48Z" finished-at="2015-02-07T09:03:48Z">
          <reporter-output>
          </reporter-output>
        </test-method> <!-- testAddStart_2 -->
        <test-method status="PASS" signature="AfterMethod()[pri:0, instance:testNG.ExListTest@573ddbdd]" name="AfterMethod" is-config="true" duration-ms="0" started-at="2015-02-07T09:03:48Z" finished-at="2015-02-07T09:03:48Z">
          <reporter-output>
          </reporter-output>
        </test-method> <!-- AfterMethod -->
        <test-method status="PASS" signature="AfterMethod()[pri:0, instance:testNG.ExListTest@573ddbdd]" name="AfterMethod" is-config="true" duration-ms="0" started-at="2015-02-07T09:03:48Z" finished-at="2015-02-07T09:03:48Z">
          <reporter-output>
          </reporter-output>
        </test-method> <!-- AfterMethod -->
        <test-method status="PASS" signature="testAddStart_1()[pri:0, instance:testNG.ExListTest@6604e2ae]" name="testAddStart_1" duration-ms="0" started-at="2015-02-07T09:03:48Z" finished-at="2015-02-07T09:03:48Z">
          <reporter-output>
          </reporter-output>
        </test-method> <!-- testAddStart_1 -->
        <test-method status="PASS" signature="testAddStart_2()[pri:0, instance:testNG.ExListTest@573ddbdd]" name="testAddStart_2" duration-ms="0" started-at="2015-02-07T09:03:48Z" finished-at="2015-02-07T09:03:48Z">
          <reporter-output>
          </reporter-output>
        </test-method> <!-- testAddStart_2 -->
        <test-method status="PASS" signature="testAddStart_0()[pri:0, instance:testNG.ExListTest@10d42d49]" name="testAddStart_0" duration-ms="0" started-at="2015-02-07T09:03:48Z" finished-at="2015-02-07T09:03:48Z">
          <reporter-output>
          </reporter-output>
        </test-method> <!-- testAddStart_0 -->
        <test-method status="PASS" signature="AfterMethod()[pri:0, instance:testNG.ExListTest@573ddbdd]" name="AfterMethod" is-config="true" duration-ms="0" started-at="2015-02-07T09:03:48Z" finished-at="2015-02-07T09:03:48Z">
          <reporter-output>
          </reporter-output>
        </test-method> <!-- AfterMethod -->
        <test-method status="PASS" signature="AfterMethod()[pri:0, instance:testNG.ExListTest@573ddbdd]" name="AfterMethod" is-config="true" duration-ms="0" started-at="2015-02-07T09:03:48Z" finished-at="2015-02-07T09:03:48Z">
          <reporter-output>
          </reporter-output>
        </test-method> <!-- AfterMethod -->
        <test-method status="PASS" signature="AfterMethod()[pri:0, instance:testNG.ExListTest@573ddbdd]" name="AfterMethod" is-config="true" duration-ms="0" started-at="2015-02-07T09:03:48Z" finished-at="2015-02-07T09:03:48Z">
          <reporter-output>
          </reporter-output>
        </test-method> <!-- AfterMethod -->
        <test-method status="PASS" signature="AfterMethod()[pri:0, instance:testNG.ExListTest@573ddbdd]" name="AfterMethod" is-config="true" duration-ms="0" started-at="2015-02-07T09:03:48Z" finished-at="2015-02-07T09:03:48Z">
          <reporter-output>
          </reporter-output>
        </test-method> <!-- AfterMethod -->
        <test-method status="PASS" signature="AfterMethod()[pri:0, instance:testNG.ExListTest@573ddbdd]" name="AfterMethod" is-config="true" duration-ms="0" started-at="2015-02-07T09:03:48Z" finished-at="2015-02-07T09:03:48Z">
          <reporter-output>
          </reporter-output>
        </test-method> <!-- AfterMethod -->
        <test-method status="PASS" signature="AfterMethod()[pri:0, instance:testNG.ExListTest@573ddbdd]" name="AfterMethod" is-config="true" duration-ms="0" started-at="2015-02-07T09:03:48Z" finished-at="2015-02-07T09:03:48Z">
          <reporter-output>
          </reporter-output>
        </test-method> <!-- AfterMethod -->
        <test-method status="PASS" signature="testAddStart_2()[pri:0, instance:testNG.ExListTest@6604e2ae]" name="testAddStart_2" duration-ms="0" started-at="2015-02-07T09:03:48Z" finished-at="2015-02-07T09:03:48Z">
          <reporter-output>
          </reporter-output>
        </test-method> <!-- testAddStart_2 -->
        <test-method status="PASS" signature="testAddStart_1()[pri:0, instance:testNG.ExListTest@4abe41d5]" name="testAddStart_1" duration-ms="0" started-at="2015-02-07T09:03:48Z" finished-at="2015-02-07T09:03:48Z">
          <reporter-output>
          </reporter-output>
        </test-method> <!-- testAddStart_1 -->
        <test-method status="PASS" signature="testAddStart_1()[pri:0, instance:testNG.ExListTest@59e91c40]" name="testAddStart_1" duration-ms="0" started-at="2015-02-07T09:03:48Z" finished-at="2015-02-07T09:03:48Z">
          <reporter-output>
          </reporter-output>
        </test-method> <!-- testAddStart_1 -->
        <test-method status="PASS" signature="AfterMethod()[pri:0, instance:testNG.ExListTest@573ddbdd]" name="AfterMethod" is-config="true" duration-ms="0" started-at="2015-02-07T09:03:48Z" finished-at="2015-02-07T09:03:48Z">
          <reporter-output>
          </reporter-output>
        </test-method> <!-- AfterMethod -->
        <test-method status="PASS" signature="testAddStart_0()[pri:0, instance:testNG.ExListTest@6604e2ae]" name="testAddStart_0" duration-ms="0" started-at="2015-02-07T09:03:48Z" finished-at="2015-02-07T09:03:48Z">
          <reporter-output>
          </reporter-output>
        </test-method> <!-- testAddStart_0 -->
        <test-method status="PASS" signature="testAddStart_0()[pri:0, instance:testNG.ExListTest@59e91c40]" name="testAddStart_0" duration-ms="0" started-at="2015-02-07T09:03:48Z" finished-at="2015-02-07T09:03:48Z">
          <reporter-output>
          </reporter-output>
        </test-method> <!-- testAddStart_0 -->
        <test-method status="PASS" signature="testAddStart_1()[pri:0, instance:testNG.ExListTest@573ddbdd]" name="testAddStart_1" duration-ms="0" started-at="2015-02-07T09:03:48Z" finished-at="2015-02-07T09:03:48Z">
          <reporter-output>
          </reporter-output>
        </test-method> <!-- testAddStart_1 -->
        <test-method status="PASS" signature="AfterMethod()[pri:0, instance:testNG.ExListTest@573ddbdd]" name="AfterMethod" is-config="true" duration-ms="0" started-at="2015-02-07T09:03:48Z" finished-at="2015-02-07T09:03:48Z">
          <reporter-output>
          </reporter-output>
        </test-method> <!-- AfterMethod -->
        <test-method status="PASS" signature="AfterMethod()[pri:0, instance:testNG.ExListTest@573ddbdd]" name="AfterMethod" is-config="true" duration-ms="0" started-at="2015-02-07T09:03:48Z" finished-at="2015-02-07T09:03:48Z">
          <reporter-output>
          </reporter-output>
        </test-method> <!-- AfterMethod -->
        <test-method status="PASS" signature="AfterMethod()[pri:0, instance:testNG.ExListTest@573ddbdd]" name="AfterMethod" is-config="true" duration-ms="0" started-at="2015-02-07T09:03:48Z" finished-at="2015-02-07T09:03:48Z">
          <reporter-output>
          </reporter-output>
        </test-method> <!-- AfterMethod -->
        <test-method status="PASS" signature="testClear_0()[pri:0, instance:testNG.ExListTest@59e91c40]" name="testClear_0" duration-ms="0" started-at="2015-02-07T09:03:48Z" finished-at="2015-02-07T09:03:48Z">
          <reporter-output>
          </reporter-output>
        </test-method> <!-- testClear_0 -->
        <test-method status="PASS" signature="testAddStart_NULL()[pri:0, instance:testNG.ExListTest@573ddbdd]" name="testAddStart_NULL" duration-ms="0" started-at="2015-02-07T09:03:48Z" finished-at="2015-02-07T09:03:48Z">
          <exception class="java.lang.NullPointerException">
            <full-stacktrace>
              <![CDATA[java.lang.NullPointerException
	at listS.LList2.init(LList2.java:26)
	at listS.LList2.setArray(LList2.java:20)
	at testNG.ExListTest.testAddStart_NULL(ExListTest.java:111)
	at sun.reflect.NativeMethodAccessorImpl.invoke0(Native Method)
	at sun.reflect.NativeMethodAccessorImpl.invoke(Unknown Source)
	at sun.reflect.DelegatingMethodAccessorImpl.invoke(Unknown Source)
	at java.lang.reflect.Method.invoke(Unknown Source)
	at org.testng.internal.MethodInvocationHelper.invokeMethod(MethodInvocationHelper.java:84)
	at org.testng.internal.Invoker.invokeMethod(Invoker.java:714)
	at org.testng.internal.Invoker.invokeTestMethod(Invoker.java:901)
	at org.testng.internal.Invoker.invokeTestMethods(Invoker.java:1231)
	at org.testng.internal.TestMethodWorker.invokeTestMethods(TestMethodWorker.java:127)
	at org.testng.internal.TestMethodWorker.run(TestMethodWorker.java:111)
	at org.testng.TestRunner.privateRun(TestRunner.java:767)
	at org.testng.TestRunner.run(TestRunner.java:617)
	at org.testng.SuiteRunner.runTest(SuiteRunner.java:334)
	at org.testng.SuiteRunner.runSequentially(SuiteRunner.java:329)
	at org.testng.SuiteRunner.privateRun(SuiteRunner.java:291)
	at org.testng.SuiteRunner.run(SuiteRunner.java:240)
	at org.testng.SuiteRunnerWorker.runSuite(SuiteRunnerWorker.java:52)
	at org.testng.SuiteRunnerWorker.run(SuiteRunnerWorker.java:86)
	at org.testng.TestNG.runSuitesSequentially(TestNG.java:1224)
	at org.testng.TestNG.runSuitesLocally(TestNG.java:1149)
	at org.testng.TestNG.run(TestNG.java:1057)
	at org.testng.remote.RemoteTestNG.run(RemoteTestNG.java:111)
	at org.testng.remote.RemoteTestNG.initAndRun(RemoteTestNG.java:204)
	at org.testng.remote.RemoteTestNG.main(RemoteTestNG.java:175)
]]>
            </full-stacktrace>
          </exception> <!-- java.lang.NullPointerException -->
          <reporter-output>
          </reporter-output>
        </test-method> <!-- testAddStart_NULL -->
        <test-method status="PASS" signature="AfterMethod()[pri:0, instance:testNG.ExListTest@573ddbdd]" name="AfterMethod" is-config="true" duration-ms="0" started-at="2015-02-07T09:03:48Z" finished-at="2015-02-07T09:03:48Z">
          <reporter-output>
          </reporter-output>
        </test-method> <!-- AfterMethod -->
        <test-method status="PASS" signature="AfterMethod()[pri:0, instance:testNG.ExListTest@573ddbdd]" name="AfterMethod" is-config="true" duration-ms="0" started-at="2015-02-07T09:03:48Z" finished-at="2015-02-07T09:03:48Z">
          <reporter-output>
          </reporter-output>
        </test-method> <!-- AfterMethod -->
        <test-method status="PASS" signature="AfterMethod()[pri:0, instance:testNG.ExListTest@573ddbdd]" name="AfterMethod" is-config="true" duration-ms="0" started-at="2015-02-07T09:03:48Z" finished-at="2015-02-07T09:03:48Z">
          <reporter-output>
          </reporter-output>
        </test-method> <!-- AfterMethod -->
        <test-method status="PASS" signature="AfterMethod()[pri:0, instance:testNG.ExListTest@573ddbdd]" name="AfterMethod" is-config="true" duration-ms="0" started-at="2015-02-07T09:03:48Z" finished-at="2015-02-07T09:03:48Z">
          <reporter-output>
          </reporter-output>
        </test-method> <!-- AfterMethod -->
        <test-method status="PASS" signature="testClear_0()[pri:0, instance:testNG.ExListTest@573ddbdd]" name="testClear_0" duration-ms="0" started-at="2015-02-07T09:03:48Z" finished-at="2015-02-07T09:03:48Z">
          <reporter-output>
          </reporter-output>
        </test-method> <!-- testClear_0 -->
        <test-method status="FAIL" signature="testAddStart_many()[pri:0, instance:testNG.ExListTest@4abe41d5]" name="testAddStart_many" duration-ms="0" started-at="2015-02-07T09:03:48Z" finished-at="2015-02-07T09:03:48Z">
          <exception class="java.lang.ArrayIndexOutOfBoundsException">
            <message>
              <![CDATA[3]]>
            </message>
            <full-stacktrace>
              <![CDATA[java.lang.ArrayIndexOutOfBoundsException: 3
	at listS.AList1.addEnd(AList1.java:134)
	at listS.AList1.init(AList1.java:23)
	at listS.AList1.setArray(AList1.java:9)
	at testNG.ExListTest.testAddStart_many(ExListTest.java:148)
	at sun.reflect.NativeMethodAccessorImpl.invoke0(Native Method)
	at sun.reflect.NativeMethodAccessorImpl.invoke(Unknown Source)
	at sun.reflect.DelegatingMethodAccessorImpl.invoke(Unknown Source)
	at java.lang.reflect.Method.invoke(Unknown Source)
	at org.testng.internal.MethodInvocationHelper.invokeMethod(MethodInvocationHelper.java:84)
	at org.testng.internal.Invoker.invokeMethod(Invoker.java:714)
	at org.testng.internal.Invoker.invokeTestMethod(Invoker.java:901)
	at org.testng.internal.Invoker.invokeTestMethods(Invoker.java:1231)
	at org.testng.internal.TestMethodWorker.invokeTestMethods(TestMethodWorker.java:127)
	at org.testng.internal.TestMethodWorker.run(TestMethodWorker.java:111)
	at org.testng.TestRunner.privateRun(TestRunner.java:767)
	at org.testng.TestRunner.run(TestRunner.java:617)
	at org.testng.SuiteRunner.runTest(SuiteRunner.java:334)
	at org.testng.SuiteRunner.runSequentially(SuiteRunner.java:329)
	at org.testng.SuiteRunner.privateRun(SuiteRunner.java:291)
	at org.testng.SuiteRunner.run(SuiteRunner.java:240)
	at org.testng.SuiteRunnerWorker.runSuite(SuiteRunnerWorker.java:52)
	at org.testng.SuiteRunnerWorker.run(SuiteRunnerWorker.java:86)
	at org.testng.TestNG.runSuitesSequentially(TestNG.java:1224)
	at org.testng.TestNG.runSuitesLocally(TestNG.java:1149)
	at org.testng.TestNG.run(TestNG.java:1057)
	at org.testng.remote.RemoteTestNG.run(RemoteTestNG.java:111)
	at org.testng.remote.RemoteTestNG.initAndRun(RemoteTestNG.java:204)
	at org.testng.remote.RemoteTestNG.main(RemoteTestNG.java:175)
]]>
            </full-stacktrace>
          </exception> <!-- java.lang.ArrayIndexOutOfBoundsException -->
          <reporter-output>
          </reporter-output>
        </test-method> <!-- testAddStart_many -->
        <test-method status="PASS" signature="testClear_1()[pri:0, instance:testNG.ExListTest@4abe41d5]" name="testClear_1" duration-ms="16" started-at="2015-02-07T09:03:48Z" finished-at="2015-02-07T09:03:48Z">
          <reporter-output>
          </reporter-output>
        </test-method> <!-- testClear_1 -->
        <test-method status="PASS" signature="testAddStart_NULL()[pri:0, instance:testNG.ExListTest@6604e2ae]" name="testAddStart_NULL" duration-ms="0" started-at="2015-02-07T09:03:48Z" finished-at="2015-02-07T09:03:48Z">
          <exception class="java.lang.NullPointerException">
            <full-stacktrace>
              <![CDATA[java.lang.NullPointerException
	at listS.AList0.init(AList0.java:15)
	at listS.AList0.setArray(AList0.java:8)
	at testNG.ExListTest.testAddStart_NULL(ExListTest.java:111)
	at sun.reflect.NativeMethodAccessorImpl.invoke0(Native Method)
	at sun.reflect.NativeMethodAccessorImpl.invoke(Unknown Source)
	at sun.reflect.DelegatingMethodAccessorImpl.invoke(Unknown Source)
	at java.lang.reflect.Method.invoke(Unknown Source)
	at org.testng.internal.MethodInvocationHelper.invokeMethod(MethodInvocationHelper.java:84)
	at org.testng.internal.Invoker.invokeMethod(Invoker.java:714)
	at org.testng.internal.Invoker.invokeTestMethod(Invoker.java:901)
	at org.testng.internal.Invoker.invokeTestMethods(Invoker.java:1231)
	at org.testng.internal.TestMethodWorker.invokeTestMethods(TestMethodWorker.java:127)
	at org.testng.internal.TestMethodWorker.run(TestMethodWorker.java:111)
	at org.testng.TestRunner.privateRun(TestRunner.java:767)
	at org.testng.TestRunner.run(TestRunner.java:617)
[...]
          <exception class="java.lang.ArrayIndexOutOfBoundsException">
            <message>
              <![CDATA[0]]>
            </message>
            <full-stacktrace>
              <![CDATA[java.lang.ArrayIndexOutOfBoundsException: 0
	at listS.AList1.addEnd(AList1.java:134)
	at listS.AList1.init(AList1.java:23)
	at listS.AList1.setArray(AList1.java:9)
	at testNG.ExListTest.testToArray_1(ExListTest.java:85)
	at sun.reflect.NativeMethodAccessorImpl.invoke0(Native Method)
	at sun.reflect.NativeMethodAccessorImpl.invoke(Unknown Source)
	at sun.reflect.DelegatingMethodAccessorImpl.invoke(Unknown Source)
	at java.lang.reflect.Method.invoke(Unknown Source)
	at org.testng.internal.MethodInvocationHelper.invokeMethod(MethodInvocationHelper.java:84)
	at org.testng.internal.Invoker.invokeMethod(Invoker.java:714)
	at org.testng.internal.Invoker.invokeTestMethod(Invoker.java:901)
	at org.testng.internal.Invoker.invokeTestMethods(Invoker.java:1231)
	at org.testng.internal.TestMethodWorker.invokeTestMethods(TestMethodWorker.java:127)
	at org.testng.internal.TestMethodWorker.run(TestMethodWorker.java:111)
	at org.testng.TestRunner.privateRun(TestRunner.java:767)
	at org.testng.TestRunner.run(TestRunner.java:617)
	at org.testng.SuiteRunner.runTest(SuiteRunner.java:334)
	at org.testng.SuiteRunner.runSequentially(SuiteRunner.java:329)
	at org.testng.SuiteRunner.privateRun(SuiteRunner.java:291)
	at org.testng.SuiteRunner.run(SuiteRunner.java:240)
	at org.testng.SuiteRunnerWorker.runSuite(SuiteRunnerWorker.java:52)
	at org.testng.SuiteRunnerWorker.run(SuiteRunnerWorker.java:86)
	at org.testng.TestNG.runSuitesSequentially(TestNG.java:1224)
	at org.testng.TestNG.runSuitesLocally(TestNG.java:1149)
	at org.testng.TestNG.run(TestNG.java:1057)
	at org.testng.remote.RemoteTestNG.run(RemoteTestNG.java:111)
	at org.testng.remote.RemoteTestNG.initAndRun(RemoteTestNG.java:204)
	at org.testng.remote.RemoteTestNG.main(RemoteTestNG.java:175)
]]>
            </full-stacktrace>
          </exception> <!-- java.lang.ArrayIndexOutOfBoundsException -->
          <reporter-output>
          </reporter-output>
        </test-method> <!-- testToArray_1 -->
        <test-method status="PASS" signature="testToArray_1()[pri:0, instance:testNG.ExListTest@59e91c40]" name="testToArray_1" duration-ms="0" started-at="2015-02-07T09:03:49Z" finished-at="2015-02-07T09:03:49Z">
          <reporter-output>
          </reporter-output>
        </test-method> <!-- testToArray_1 -->
        <test-method status="PASS" signature="AfterMethod()[pri:0, instance:testNG.ExListTest@573ddbdd]" name="AfterMethod" is-config="true" duration-ms="0" started-at="2015-02-07T09:03:49Z" finished-at="2015-02-07T09:03:49Z">
          <reporter-output>
          </reporter-output>
        </test-method> <!-- AfterMethod -->
        <test-method status="PASS" signature="testToArray_1()[pri:0, instance:testNG.ExListTest@10d42d49]" name="testToArray_1" duration-ms="0" started-at="2015-02-07T09:03:49Z" finished-at="2015-02-07T09:03:49Z">
          <reporter-output>
          </reporter-output>
        </test-method> <!-- testToArray_1 -->
        <test-method status="PASS" signature="testToArray_1()[pri:0, instance:testNG.ExListTest@573ddbdd]" name="testToArray_1" duration-ms="0" started-at="2015-02-07T09:03:49Z" finished-at="2015-02-07T09:03:49Z">
          <reporter-output>
          </reporter-output>
        </test-method> <!-- testToArray_1 -->
        <test-method status="PASS" signature="AfterMethod()[pri:0, instance:testNG.ExListTest@573ddbdd]" name="AfterMethod" is-config="true" duration-ms="0" started-at="2015-02-07T09:03:49Z" finished-at="2015-02-07T09:03:49Z">
          <reporter-output>
          </reporter-output>
        </test-method> <!-- AfterMethod -->
        <test-method status="PASS" signature="testToArray_2()[pri:0, instance:testNG.ExListTest@573ddbdd]" name="testToArray_2" duration-ms="0" started-at="2015-02-07T09:03:49Z" finished-at="2015-02-07T09:03:49Z">
          <reporter-output>
          </reporter-output>
        </test-method> <!-- testToArray_2 -->
        <test-method status="PASS" signature="testToArray_0()[pri:0, instance:testNG.ExListTest@6604e2ae]" name="testToArray_0" duration-ms="0" started-at="2015-02-07T09:03:49Z" finished-at="2015-02-07T09:03:49Z">
          <reporter-output>
          </reporter-output>
        </test-method> <!-- testToArray_0 -->
        <test-method status="PASS" signature="testToArray_NULL()[pri:0, instance:testNG.ExListTest@59e91c40]" name="testToArray_NULL" duration-ms="0" started-at="2015-02-07T09:03:49Z" finished-at="2015-02-07T09:03:49Z">
          <exception class="java.lang.NullPointerException">
            <full-stacktrace>
              <![CDATA[java.lang.NullPointerException
	at listS.LList1.init(LList1.java:24)
	at listS.LList1.setArray(LList1.java:19)
	at testNG.ExListTest.testToArray_NULL(ExListTest.java:69)
	at sun.reflect.NativeMethodAccessorImpl.invoke0(Native Method)
	at sun.reflect.NativeMethodAccessorImpl.invoke(Unknown Source)
	at sun.reflect.DelegatingMethodAccessorImpl.invoke(Unknown Source)
	at java.lang.reflect.Method.invoke(Unknown Source)
	at org.testng.internal.MethodInvocationHelper.invokeMethod(MethodInvocationHelper.java:84)
	at org.testng.internal.Invoker.invokeMethod(Invoker.java:714)
	at org.testng.internal.Invoker.invokeTestMethod(Invoker.java:901)
	at org.testng.internal.Invoker.invokeTestMethods(Invoker.java:1231)
	at org.testng.internal.TestMethodWorker.invokeTestMethods(TestMethodWorker.java:127)
	at org.testng.internal.TestMethodWorker.run(TestMethodWorker.java:111)
	at org.testng.TestRunner.privateRun(TestRunner.java:767)
	at org.testng.TestRunner.run(TestRunner.java:617)
	at org.testng.SuiteRunner.runTest(SuiteRunner.java:334)
	at org.testng.SuiteRunner.runSequentially(SuiteRunner.java:329)
	at org.testng.SuiteRunner.privateRun(SuiteRunner.java:291)
	at org.testng.SuiteRunner.run(SuiteRunner.java:240)
	at org.testng.SuiteRunnerWorker.runSuite(SuiteRunnerWorker.java:52)
	at org.testng.SuiteRunnerWorker.run(SuiteRunnerWorker.java:86)
	at org.testng.TestNG.runSuitesSequentially(TestNG.java:1224)
	at org.testng.TestNG.runSuitesLocally(TestNG.java:1149)
	at org.testng.TestNG.run(TestNG.java:1057)
	at org.testng.remote.RemoteTestNG.run(RemoteTestNG.java:111)
	at org.testng.remote.RemoteTestNG.initAndRun(RemoteTestNG.java:204)
	at org.testng.remote.RemoteTestNG.main(RemoteTestNG.java:175)
]]>
            </full-stacktrace>
          </exception> <!-- java.lang.NullPointerException -->
          <reporter-output>
          </reporter-output>
        </test-method> <!-- testToArray_NULL -->
        <test-method status="PASS" signature="testToArray_2()[pri:0, instance:testNG.ExListTest@6604e2ae]" name="testToArray_2" duration-ms="0" started-at="2015-02-07T09:03:49Z" finished-at="2015-02-07T09:03:49Z">
          <reporter-output>
          </reporter-output>
        </test-method> <!-- testToArray_2 -->
        <test-method status="FAIL" signature="testToArray_2()[pri:0, instance:testNG.ExListTest@4abe41d5]" name="testToArray_2" duration-ms="0" started-at="2015-02-07T09:03:49Z" finished-at="2015-02-07T09:03:49Z">
          <exception class="java.lang.ArrayIndexOutOfBoundsException">
            <message>
              <![CDATA[0]]>
            </message>
            <full-stacktrace>
              <![CDATA[java.lang.ArrayIndexOutOfBoundsException: 0
	at listS.AList1.addEnd(AList1.java:134)
	at listS.AList1.init(AList1.java:23)
	at listS.AList1.setArray(AList1.java:9)
	at testNG.ExListTest.testToArray_2(ExListTest.java:94)
	at sun.reflect.NativeMethodAccessorImpl.invoke0(Native Method)
	at sun.reflect.NativeMethodAccessorImpl.invoke(Unknown Source)
	at sun.reflect.DelegatingMethodAccessorImpl.invoke(Unknown Source)
	at java.lang.reflect.Method.invoke(Unknown Source)
	at org.testng.internal.MethodInvocationHelper.invokeMethod(MethodInvocationHelper.java:84)
	at org.testng.internal.Invoker.invokeMethod(Invoker.java:714)
	at org.testng.internal.Invoker.invokeTestMethod(Invoker.java:901)
	at org.testng.internal.Invoker.invokeTestMethods(Invoker.java:1231)
	at org.testng.internal.TestMethodWorker.invokeTestMethods(TestMethodWorker.java:127)
	at org.testng.internal.TestMethodWorker.run(TestMethodWorker.java:111)
	at org.testng.TestRunner.privateRun(TestRunner.java:767)
	at org.testng.TestRunner.run(TestRunner.java:617)
	at org.testng.SuiteRunner.runTest(SuiteRunner.java:334)
	at org.testng.SuiteRunner.runSequentially(SuiteRunner.java:329)
	at org.testng.SuiteRunner.privateRun(SuiteRunner.java:291)
	at org.testng.SuiteRunner.run(SuiteRunner.java:240)
	at org.testng.SuiteRunnerWorker.runSuite(SuiteRunnerWorker.java:52)
	at org.testng.SuiteRunnerWorker.run(SuiteRunnerWorker.java:86)
	at org.testng.TestNG.runSuitesSequentially(TestNG.java:1224)
	at org.testng.TestNG.runSuitesLocally(TestNG.java:1149)
	at org.testng.TestNG.run(TestNG.java:1057)
	at org.testng.remote.RemoteTestNG.run(RemoteTestNG.java:111)
	at org.testng.remote.RemoteTestNG.initAndRun(RemoteTestNG.java:204)
	at org.testng.remote.RemoteTestNG.main(RemoteTestNG.java:175)
]]>
            </full-stacktrace>
          </exception> <!-- java.lang.ArrayIndexOutOfBoundsException -->
          <reporter-output>
          </reporter-output>
        </test-method> <!-- testToArray_2 -->
        <test-method status="PASS" signature="AfterMethod()[pri:0, instance:testNG.ExListTest@573ddbdd]" name="AfterMethod" is-config="true" duration-ms="0" started-at="2015-02-07T09:03:49Z" finished-at="2015-02-07T09:03:49Z">
          <reporter-output>
          </reporter-output>
        </test-method> <!-- AfterMethod -->
        <test-method status="PASS" signature="AfterMethod()[pri:0, instance:testNG.ExListTest@573ddbdd]" name="AfterMethod" is-config="true" duration-ms="0" started-at="2015-02-07T09:03:49Z" finished-at="2015-02-07T09:03:49Z">
          <reporter-output>
          </reporter-output>
        </test-method> <!-- AfterMethod -->
        <test-method status="PASS" signature="AfterMethod()[pri:0, instance:testNG.ExListTest@573ddbdd]" name="AfterMethod" is-config="true" duration-ms="0" started-at="2015-02-07T09:03:49Z" finished-at="2015-02-07T09:03:49Z">
          <reporter-output>
          </reporter-output>
        </test-method> <!-- AfterMethod -->
        <test-method status="PASS" signature="AfterMethod()[pri:0, instance:testNG.ExListTest@573ddbdd]" name="AfterMethod" is-config="true" duration-ms="0" started-at="2015-02-07T09:03:49Z" finished-at="2015-02-07T09:03:49Z">
          <reporter-output>
          </reporter-output>
        </test-method> <!-- AfterMethod -->
        <test-method status="PASS" signature="testToArray_2()[pri:0, instance:testNG.ExListTest@59e91c40]" name="testToArray_2" duration-ms="0" started-at="2015-02-07T09:03:49Z" finished-at="2015-02-07T09:03:49Z">
          <reporter-output>
          </reporter-output>
        </test-method> <!-- testToArray_2 -->
        <test-method status="PASS" signature="AfterMethod()[pri:0, instance:testNG.ExListTest@573ddbdd]" name="AfterMethod" is-config="true" duration-ms="0" started-at="2015-02-07T09:03:49Z" finished-at="2015-02-07T09:03:49Z">
          <reporter-output>
          </reporter-output>
        </test-method> <!-- AfterMethod -->
        <test-method status="PASS" signature="AfterMethod()[pri:0, instance:testNG.ExListTest@573ddbdd]" name="AfterMethod" is-config="true" duration-ms="0" started-at="2015-02-07T09:03:49Z" finished-at="2015-02-07T09:03:49Z">
          <reporter-output>
          </reporter-output>
        </test-method> <!-- AfterMethod -->
        <test-method status="PASS" signature="AfterMethod()[pri:0, instance:testNG.ExListTest@573ddbdd]" name="AfterMethod" is-config="true" duration-ms="0" started-at="2015-02-07T09:03:49Z" finished-at="2015-02-07T09:03:49Z">
          <reporter-output>
          </reporter-output>
        </test-method> <!-- AfterMethod -->
        <test-method status="PASS" signature="AfterMethod()[pri:0, instance:testNG.ExListTest@573ddbdd]" name="AfterMethod" is-config="true" duration-ms="0" started-at="2015-02-07T09:03:49Z" finished-at="2015-02-07T09:03:49Z">
          <reporter-output>
          </reporter-output>
        </test-method> <!-- AfterMethod -->
        <test-method status="PASS" signature="testToArray_many()[pri:0, instance:testNG.ExListTest@573ddbdd]" name="testToArray_many" duration-ms="0" started-at="2015-02-07T09:03:49Z" finished-at="2015-02-07T09:03:49Z">
          <reporter-output>
          </reporter-output>
        </test-method> <!-- testToArray_many -->
        <test-method status="PASS" signature="testToArray_many()[pri:0, instance:testNG.ExListTest@59e91c40]" name="testToArray_many" duration-ms="0" started-at="2015-02-07T09:03:49Z" finished-at="2015-02-07T09:03:49Z">
          <reporter-output>
          </reporter-output>
        </test-method> <!-- testToArray_many -->
        <test-method status="PASS" signature="AfterMethod()[pri:0, instance:testNG.ExListTest@573ddbdd]" name="AfterMethod" is-config="true" duration-ms="0" started-at="2015-02-07T09:03:49Z" finished-at="2015-02-07T09:03:49Z">
          <reporter-output>
          </reporter-output>
        </test-method> <!-- AfterMethod -->
        <test-method status="PASS" signature="AfterMethod()[pri:0, instance:testNG.ExListTest@573ddbdd]" name="AfterMethod" is-config="true" duration-ms="0" started-at="2015-02-07T09:03:49Z" finished-at="2015-02-07T09:03:49Z">
          <reporter-output>
          </reporter-output>
        </test-method> <!-- AfterMethod -->
        <test-method status="PASS" signature="testToArray_many()[pri:0, instance:testNG.ExListTest@6604e2ae]" name="testToArray_many" duration-ms="0" started-at="2015-02-07T09:03:49Z" finished-at="2015-02-07T09:03:49Z">
          <reporter-output>
          </reporter-output>
        </test-method> <!-- testToArray_many -->
        <test-method status="PASS" signature="AfterMethod()[pri:0, instance:testNG.ExListTest@573ddbdd]" name="AfterMethod" is-config="true" duration-ms="0" started-at="2015-02-07T09:03:49Z" finished-at="2015-02-07T09:03:49Z">
          <reporter-output>
          </reporter-output>
        </test-method> <!-- AfterMethod -->
        <test-method status="PASS" signature="AfterMethod()[pri:0, instance:testNG.ExListTest@573ddbdd]" name="AfterMethod" is-config="true" duration-ms="0" started-at="2015-02-07T09:03:49Z" finished-at="2015-02-07T09:03:49Z">
          <reporter-output>
          </reporter-output>
        </test-method> <!-- AfterMethod -->
        <test-method status="PASS" signature="testToArray_many()[pri:0, instance:testNG.ExListTest@10d42d49]" name="testToArray_many" duration-ms="0" started-at="2015-02-07T09:03:49Z" finished-at="2015-02-07T09:03:49Z">
          <reporter-output>
          </reporter-output>
        </test-method> <!-- testToArray_many -->
        <test-method status="FAIL" signature="testToArray_many()[pri:0, instance:testNG.ExListTest@4abe41d5]" name="testToArray_many" duration-ms="0" started-at="2015-02-07T09:03:49Z" finished-at="2015-02-07T09:03:49Z">
          <exception class="java.lang.ArrayIndexOutOfBoundsException">
            <message>
              <![CDATA[0]]>
            </message>
            <full-stacktrace>
              <![CDATA[java.lang.ArrayIndexOutOfBoundsException: 0
	at listS.AList1.addEnd(AList1.java:134)
	at listS.AList1.init(AList1.java:23)
	at listS.AList1.setArray(AList1.java:9)
	at testNG.ExListTest.testToArray_many(ExListTest.java:103)
	at sun.reflect.NativeMethodAccessorImpl.invoke0(Native Method)
	at sun.reflect.NativeMethodAccessorImpl.invoke(Unknown Source)
	at sun.reflect.DelegatingMethodAccessorImpl.invoke(Unknown Source)
	at java.lang.reflect.Method.invoke(Unknown Source)
	at org.testng.internal.MethodInvocationHelper.invokeMethod(MethodInvocationHelper.java:84)
	at org.testng.internal.Invoker.invokeMethod(Invoker.java:714)
	at org.testng.internal.Invoker.invokeTestMethod(Invoker.java:901)
	at org.testng.internal.Invoker.invokeTestMethods(Invoker.java:1231)
	at org.testng.internal.TestMethodWorker.invokeTestMethods(TestMethodWorker.java:127)
	at org.testng.internal.TestMethodWorker.run(TestMethodWorker.java:111)
	at org.testng.TestRunner.privateRun(TestRunner.java:767)
	at org.testng.TestRunner.run(TestRunner.java:617)
	at org.testng.SuiteRunner.runTest(SuiteRunner.java:334)
	at org.testng.SuiteRunner.runSequentially(SuiteRunner.java:329)
	at org.testng.SuiteRunner.privateRun(SuiteRunner.java:291)
	at org.testng.SuiteRunner.run(SuiteRunner.java:240)
	at org.testng.SuiteRunnerWorker.runSuite(SuiteRunnerWorker.java:52)
	at org.testng.SuiteRunnerWorker.run(SuiteRunnerWorker.java:86)
	at org.testng.TestNG.runSuitesSequentially(TestNG.java:1224)
	at org.testng.TestNG.runSuitesLocally(TestNG.java:1149)
	at org.testng.TestNG.run(TestNG.java:1057)
	at org.testng.remote.RemoteTestNG.run(RemoteTestNG.java:111)
	at org.testng.remote.RemoteTestNG.initAndRun(RemoteTestNG.java:204)
	at org.testng.remote.RemoteTestNG.main(RemoteTestNG.java:175)
]]>
            </full-stacktrace>
          </exception> <!-- java.lang.ArrayIndexOutOfBoundsException -->
          <reporter-output>
          </reporter-output>
        </test-method> <!-- testToArray_many -->
        <test-method status="PASS" signature="testToArray_NULL()[pri:0, instance:testNG.ExListTest@6604e2ae]" name="testToArray_NULL" duration-ms="0" started-at="2015-02-07T09:03:49Z" finished-at="2015-02-07T09:03:49Z">
          <exception class="java.lang.NullPointerException">
            <full-stacktrace>
              <![CDATA[java.lang.NullPointerException
	at listS.AList0.init(AList0.java:15)
	at listS.AList0.setArray(AList0.java:8)
	at testNG.ExListTest.testToArray_NULL(ExListTest.java:69)
	at sun.reflect.NativeMethodAccessorImpl.invoke0(Native Method)
	at sun.reflect.NativeMethodAccessorImpl.invoke(Unknown Source)
	at sun.reflect.DelegatingMethodAccessorImpl.invoke(Unknown Source)
	at java.lang.reflect.Method.invoke(Unknown Source)
	at org.testng.internal.MethodInvocationHelper.invokeMethod(MethodInvocationHelper.java:84)
	at org.testng.internal.Invoker.invokeMethod(Invoker.java:714)
	at org.testng.internal.Invoker.invokeTestMethod(Invoker.java:901)
	at org.testng.internal.Invoker.invokeTestMethods(Invoker.java:1231)
	at org.testng.internal.TestMethodWorker.invokeTestMethods(TestMethodWorker.java:127)
	at org.testng.internal.TestMethodWorker.run(TestMethodWorker.java:111)
	at org.testng.TestRunner.privateRun(TestRunner.java:767)
	at org.testng.TestRunner.run(TestRunner.java:617)
	at org.testng.SuiteRunner.runTest(SuiteRunner.java:334)
	at org.testng.SuiteRunner.runSequentially(SuiteRunner.java:329)
	at org.testng.SuiteRunner.privateRun(SuiteRunner.java:291)
	at org.testng.SuiteRunner.run(SuiteRunner.java:240)
	at org.testng.SuiteRunnerWorker.runSuite(SuiteRunnerWorker.java:52)
	at org.testng.SuiteRunnerWorker.run(SuiteRunnerWorker.java:86)
	at org.testng.TestNG.runSuitesSequentially(TestNG.java:1224)
	at org.testng.TestNG.runSuitesLocally(TestNG.java:1149)
	at org.testng.TestNG.run(TestNG.java:1057)
	at org.testng.remote.RemoteTestNG.run(RemoteTestNG.java:111)
	at org.testng.remote.RemoteTestNG.initAndRun(RemoteTestNG.java:204)
	at org.testng.remote.RemoteTestNG.main(RemoteTestNG.java:175)
]]>
            </full-stacktrace>
          </exception> <!-- java.lang.NullPointerException -->
          <reporter-output>
          </reporter-output>
        </test-method> <!-- testToArray_NULL -->
      </class> <!-- testNG.ExListTest -->
    </test> <!-- Default test -->
  </suite> <!-- Default suite -->
</testng-results>
