<?xml version="1.0" encoding="UTF-8"?>
<testng-results skipped="0" failed="0" total="91" passed="91">
  <reporter-output>
  </reporter-output>
  <suite name="Default suite" duration-ms="218" started-at="2015-02-03T18:21:39Z" finished-at="2015-02-03T18:21:39Z">
    <groups>
    </groups>
    <test name="Default test" duration-ms="218" started-at="2015-02-03T18:21:39Z" finished-at="2015-02-03T18:21:39Z">
      <class name="testNG.ExListTestTest">
        <test-method status="PASS" signature="BeforeMethod()[pri:0, instance:testNG.ExListTestTest@5c1becb3]" name="BeforeMethod" is-config="true" duration-ms="16" started-at="2015-02-03T20:21:39Z" finished-at="2015-02-03T20:21:39Z">
          <reporter-output>
          </reporter-output>
        </test-method> <!-- BeforeMethod -->
        <test-method status="PASS" signature="testAddEnd_0()[pri:0, instance:testNG.ExListTestTest@5c1becb3]" name="testAddEnd_0" duration-ms="0" started-at="2015-02-03T20:21:39Z" finished-at="2015-02-03T20:21:39Z">
          <reporter-output>
          </reporter-output>
        </test-method> <!-- testAddEnd_0 -->
        <test-method status="PASS" signature="AfterMethod()[pri:0, instance:testNG.ExListTestTest@5c1becb3]" name="AfterMethod" is-config="true" duration-ms="0" started-at="2015-02-03T20:21:39Z" finished-at="2015-02-03T20:21:39Z">
          <reporter-output>
          </reporter-output>
        </test-method> <!-- AfterMethod -->
        <test-method status="PASS" signature="BeforeMethod()[pri:0, instance:testNG.ExListTestTest@5c1becb3]" name="BeforeMethod" is-config="true" duration-ms="0" started-at="2015-02-03T20:21:39Z" finished-at="2015-02-03T20:21:39Z">
          <reporter-output>
          </reporter-output>
        </test-method> <!-- BeforeMethod -->
        <test-method status="PASS" signature="BeforeMethod()[pri:0, instance:testNG.ExListTestTest@5c1becb3]" name="BeforeMethod" is-config="true" duration-ms="0" started-at="2015-02-03T20:21:39Z" finished-at="2015-02-03T20:21:39Z">
          <reporter-output>
          </reporter-output>
        </test-method> <!-- BeforeMethod -->
        <test-method status="PASS" signature="testAddEnd_1()[pri:0, instance:testNG.ExListTestTest@5c1becb3]" name="testAddEnd_1" duration-ms="0" started-at="2015-02-03T20:21:39Z" finished-at="2015-02-03T20:21:39Z">
          <reporter-output>
          </reporter-output>
        </test-method> <!-- testAddEnd_1 -->
        <test-method status="PASS" signature="testAddEnd_NULL()[pri:0, instance:testNG.ExListTestTest@5c1becb3]" name="testAddEnd_NULL" duration-ms="0" started-at="2015-02-03T20:21:39Z" finished-at="2015-02-03T20:21:39Z">
          <exception class="java.lang.NullPointerException">
            <full-stacktrace>
              <![CDATA[java.lang.NullPointerException
	at listS.LList1.init(LList1.java:24)
	at listS.LList1.setArray(LList1.java:19)
	at testNG.ExListTestTest.testAddEnd_NULL(ExListTestTest.java:157)
	at sun.reflect.NativeMethodAccessorImpl.invoke0(Native Method)
	at sun.reflect.NativeMethodAccessorImpl.invoke(Unknown Source)
	at sun.reflect.DelegatingMethodAccessorImpl.invoke(Unknown Source)
	at java.lang.reflect.Method.invoke(Unknown Source)
	at org.testng.internal.MethodInvocationHelper.invokeMethod(MethodInvocationHelper.java:84)
	at org.testng.internal.Invoker.invokeMethod(Invoker.java:714)
	at org.testng.internal.Invoker.invokeTestMethod(Invoker.java:901)
	at org.testng.internal.Invoker.invokeTestMethods(Invoker.java:1231)
	at org.testng.internal.TestMethodWorker.invokeTestMethods(TestMethodWorker.java:127)
	at org.testng.internal.TestMethodWorker.run(TestMethodWorker.java:111)
	at org.testng.TestRunner.privateRun(TestRunner.java:767)
	at org.testng.TestRunner.run(TestRunner.java:617)
	at org.testng.SuiteRunner.runTest(SuiteRunner.java:334)
	at org.testng.SuiteRunner.runSequentially(SuiteRunner.java:329)
	at org.testng.SuiteRunner.privateRun(SuiteRunner.java:291)
	at org.testng.SuiteRunner.run(SuiteRunner.java:240)
	at org.testng.SuiteRunnerWorker.runSuite(SuiteRunnerWorker.java:52)
	at org.testng.SuiteRunnerWorker.run(SuiteRunnerWorker.java:86)
	at org.testng.TestNG.runSuitesSequentially(TestNG.java:1224)
	at org.testng.TestNG.runSuitesLocally(TestNG.java:1149)
	at org.testng.TestNG.run(TestNG.java:1057)
	at org.testng.remote.RemoteTestNG.run(RemoteTestNG.java:111)
	at org.testng.remote.RemoteTestNG.initAndRun(RemoteTestNG.java:204)
	at org.testng.remote.RemoteTestNG.main(RemoteTestNG.java:175)
]]>
            </full-stacktrace>
          </exception> <!-- java.lang.NullPointerException -->
          <reporter-output>
          </reporter-output>
        </test-method> <!-- testAddEnd_NULL -->
        <test-method status="PASS" signature="testAddEnd_2()[pri:0, instance:testNG.ExListTestTest@5c1becb3]" name="testAddEnd_2" duration-ms="0" started-at="2015-02-03T20:21:39Z" finished-at="2015-02-03T20:21:39Z">
          <reporter-output>
          </reporter-output>
        </test-method> <!-- testAddEnd_2 -->
        <test-method status="PASS" signature="AfterMethod()[pri:0, instance:testNG.ExListTestTest@5c1becb3]" name="AfterMethod" is-config="true" duration-ms="0" started-at="2015-02-03T20:21:39Z" finished-at="2015-02-03T20:21:39Z">
          <reporter-output>
          </reporter-output>
        </test-method> <!-- AfterMethod -->
        <test-method status="PASS" signature="testAddPos_2()[pri:0, instance:testNG.ExListTestTest@5c1becb3]" name="testAddPos_2" duration-ms="0" started-at="2015-02-03T20:21:39Z" finished-at="2015-02-03T20:21:39Z">
          <reporter-output>
          </reporter-output>
        </test-method> <!-- testAddPos_2 -->
        <test-method status="PASS" signature="BeforeMethod()[pri:0, instance:testNG.ExListTestTest@5c1becb3]" name="BeforeMethod" is-config="true" duration-ms="16" started-at="2015-02-03T20:21:39Z" finished-at="2015-02-03T20:21:39Z">
          <reporter-output>
          </reporter-output>
        </test-method> <!-- BeforeMethod -->
        <test-method status="PASS" signature="AfterMethod()[pri:0, instance:testNG.ExListTestTest@5c1becb3]" name="AfterMethod" is-config="true" duration-ms="0" started-at="2015-02-03T20:21:39Z" finished-at="2015-02-03T20:21:39Z">
          <reporter-output>
          </reporter-output>
        </test-method> <!-- AfterMethod -->
        <test-method status="PASS" signature="AfterMethod()[pri:0, instance:testNG.ExListTestTest@5c1becb3]" name="AfterMethod" is-config="true" duration-ms="0" started-at="2015-02-03T20:21:39Z" finished-at="2015-02-03T20:21:39Z">
          <reporter-output>
          </reporter-output>
        </test-method> <!-- AfterMethod -->
        <test-method status="PASS" signature="BeforeMethod()[pri:0, instance:testNG.ExListTestTest@5c1becb3]" name="BeforeMethod" is-config="true" duration-ms="0" started-at="2015-02-03T20:21:39Z" finished-at="2015-02-03T20:21:39Z">
          <reporter-output>
          </reporter-output>
        </test-method> <!-- BeforeMethod -->
        <test-method status="PASS" signature="AfterMethod()[pri:0, instance:testNG.ExListTestTest@5c1becb3]" name="AfterMethod" is-config="true" duration-ms="0" started-at="2015-02-03T20:21:39Z" finished-at="2015-02-03T20:21:39Z">
          <reporter-output>
          </reporter-output>
        </test-method> <!-- AfterMethod -->
        <test-method status="PASS" signature="AfterMethod()[pri:0, instance:testNG.ExListTestTest@5c1becb3]" name="AfterMethod" is-config="true" duration-ms="0" started-at="2015-02-03T20:21:39Z" finished-at="2015-02-03T20:21:39Z">
          <reporter-output>
          </reporter-output>
        </test-method> <!-- AfterMethod -->
        <test-method status="PASS" signature="AfterMethod()[pri:0, instance:testNG.ExListTestTest@5c1becb3]" name="AfterMethod" is-config="true" duration-ms="0" started-at="2015-02-03T20:21:39Z" finished-at="2015-02-03T20:21:39Z">
          <reporter-output>
          </reporter-output>
        </test-method> <!-- AfterMethod -->
        <test-method status="PASS" signature="BeforeMethod()[pri:0, instance:testNG.ExListTestTest@5c1becb3]" name="BeforeMethod" is-config="true" duration-ms="0" started-at="2015-02-03T20:21:39Z" finished-at="2015-02-03T20:21:39Z">
          <reporter-output>
          </reporter-output>
        </test-method> <!-- BeforeMethod -->
        <test-method status="PASS" signature="testAddPos_0()[pri:0, instance:testNG.ExListTestTest@5c1becb3]" name="testAddPos_0" duration-ms="0" started-at="2015-02-03T20:21:39Z" finished-at="2015-02-03T20:21:39Z">
          <reporter-output>
          </reporter-output>
        </test-method> <!-- testAddPos_0 -->
        <test-method status="PASS" signature="BeforeMethod()[pri:0, instance:testNG.ExListTestTest@5c1becb3]" name="BeforeMethod" is-config="true" duration-ms="0" started-at="2015-02-03T20:21:39Z" finished-at="2015-02-03T20:21:39Z">
          <reporter-output>
          </reporter-output>
        </test-method> <!-- BeforeMethod -->
        <test-method status="PASS" signature="BeforeMethod()[pri:0, instance:testNG.ExListTestTest@5c1becb3]" name="BeforeMethod" is-config="true" duration-ms="0" started-at="2015-02-03T20:21:39Z" finished-at="2015-02-03T20:21:39Z">
          <reporter-output>
          </reporter-output>
        </test-method> <!-- BeforeMethod -->
        <test-method status="PASS" signature="testAddPos_1()[pri:0, instance:testNG.ExListTestTest@5c1becb3]" name="testAddPos_1" duration-ms="0" started-at="2015-02-03T20:21:39Z" finished-at="2015-02-03T20:21:39Z">
          <reporter-output>
          </reporter-output>
        </test-method> <!-- testAddPos_1 -->
        <test-method status="PASS" signature="testAddEnd_many()[pri:0, instance:testNG.ExListTestTest@5c1becb3]" name="testAddEnd_many" duration-ms="0" started-at="2015-02-03T20:21:39Z" finished-at="2015-02-03T20:21:39Z">
          <reporter-output>
          </reporter-output>
        </test-method> <!-- testAddEnd_many -->
        <test-method status="PASS" signature="AfterMethod()[pri:0, instance:testNG.ExListTestTest@5c1becb3]" name="AfterMethod" is-config="true" duration-ms="0" started-at="2015-02-03T20:21:39Z" finished-at="2015-02-03T20:21:39Z">
          <reporter-output>
          </reporter-output>
        </test-method> <!-- AfterMethod -->
        <test-method status="PASS" signature="BeforeMethod()[pri:0, instance:testNG.ExListTestTest@5c1becb3]" name="BeforeMethod" is-config="true" duration-ms="0" started-at="2015-02-03T20:21:39Z" finished-at="2015-02-03T20:21:39Z">
          <reporter-output>
          </reporter-output>
        </test-method> <!-- BeforeMethod -->
        <test-method status="PASS" signature="testAddPos_NULL()[pri:0, instance:testNG.ExListTestTest@5c1becb3]" name="testAddPos_NULL" duration-ms="0" started-at="2015-02-03T20:21:39Z" finished-at="2015-02-03T20:21:39Z">
          <exception class="java.lang.NullPointerException">
            <full-stacktrace>
              <![CDATA[java.lang.NullPointerException
	at listS.LList1.init(LList1.java:24)
	at listS.LList1.setArray(LList1.java:19)
	at testNG.ExListTestTest.testAddPos_NULL(ExListTestTest.java:203)
	at sun.reflect.NativeMethodAccessorImpl.invoke0(Native Method)
	at sun.reflect.NativeMethodAccessorImpl.invoke(Unknown Source)
	at sun.reflect.DelegatingMethodAccessorImpl.invoke(Unknown Source)
	at java.lang.reflect.Method.invoke(Unknown Source)
	at org.testng.internal.MethodInvocationHelper.invokeMethod(MethodInvocationHelper.java:84)
	at org.testng.internal.Invoker.invokeMethod(Invoker.java:714)
	at org.testng.internal.Invoker.invokeTestMethod(Invoker.java:901)
	at org.testng.internal.Invoker.invokeTestMethods(Invoker.java:1231)
	at org.testng.internal.TestMethodWorker.invokeTestMethods(TestMethodWorker.java:127)
	at org.testng.internal.TestMethodWorker.run(TestMethodWorker.java:111)
	at org.testng.TestRunner.privateRun(TestRunner.java:767)
	at org.testng.TestRunner.run(TestRunner.java:617)
	at org.testng.SuiteRunner.runTest(SuiteRunner.java:334)
	at org.testng.SuiteRunner.runSequentially(SuiteRunner.java:329)
	at org.testng.SuiteRunner.privateRun(SuiteRunner.java:291)
	at org.testng.SuiteRunner.run(SuiteRunner.java:240)
	at org.testng.SuiteRunnerWorker.runSuite(SuiteRunnerWorker.java:52)
	at org.testng.SuiteRunnerWorker.run(SuiteRunnerWorker.java:86)
	at org.testng.TestNG.runSuitesSequentially(TestNG.java:1224)
	at org.testng.TestNG.runSuitesLocally(TestNG.java:1149)
	at org.testng.TestNG.run(TestNG.java:1057)
	at org.testng.remote.RemoteTestNG.run(RemoteTestNG.java:111)
	at org.testng.remote.RemoteTestNG.initAndRun(RemoteTestNG.java:204)
	at org.testng.remote.RemoteTestNG.main(RemoteTestNG.java:175)
]]>
            </full-stacktrace>
          </exception> <!-- java.lang.NullPointerException -->
          <reporter-output>
          </reporter-output>
        </test-method> <!-- testAddPos_NULL -->
        <test-method status="PASS" signature="testAddStart_0()[pri:0, instance:testNG.ExListTestTest@5c1becb3]" name="testAddStart_0" duration-ms="0" started-at="2015-02-03T20:21:39Z" finished-at="2015-02-03T20:21:39Z">
          <reporter-output>
          </reporter-output>
        </test-method> <!-- testAddStart_0 -->
        <test-method status="PASS" signature="BeforeMethod()[pri:0, instance:testNG.ExListTestTest@5c1becb3]" name="BeforeMethod" is-config="true" duration-ms="0" started-at="2015-02-03T20:21:39Z" finished-at="2015-02-03T20:21:39Z">
          <reporter-output>
          </reporter-output>
        </test-method> <!-- BeforeMethod -->
        <test-method status="PASS" signature="testAddPos_many()[pri:0, instance:testNG.ExListTestTest@5c1becb3]" name="testAddPos_many" duration-ms="0" started-at="2015-02-03T20:21:39Z" finished-at="2015-02-03T20:21:39Z">
          <reporter-output>
          </reporter-output>
        </test-method> <!-- testAddPos_many -->
        <test-method status="PASS" signature="AfterMethod()[pri:0, instance:testNG.ExListTestTest@5c1becb3]" name="AfterMethod" is-config="true" duration-ms="0" started-at="2015-02-03T20:21:39Z" finished-at="2015-02-03T20:21:39Z">
          <reporter-output>
          </reporter-output>
        </test-method> <!-- AfterMethod -->
        <test-method status="PASS" signature="AfterMethod()[pri:0, instance:testNG.ExListTestTest@5c1becb3]" name="AfterMethod" is-config="true" duration-ms="16" started-at="2015-02-03T20:21:39Z" finished-at="2015-02-03T20:21:39Z">
          <reporter-output>
          </reporter-output>
        </test-method> <!-- AfterMethod -->
        <test-method status="PASS" signature="AfterMethod()[pri:0, instance:testNG.ExListTestTest@5c1becb3]" name="AfterMethod" is-config="true" duration-ms="0" started-at="2015-02-03T20:21:39Z" finished-at="2015-02-03T20:21:39Z">
          <reporter-output>
          </reporter-output>
        </test-method> <!-- AfterMethod -->
        <test-method status="PASS" signature="BeforeMethod()[pri:0, instance:testNG.ExListTestTest@5c1becb3]" name="BeforeMethod" is-config="true" duration-ms="0" started-at="2015-02-03T20:21:39Z" finished-at="2015-02-03T20:21:39Z">
          <reporter-output>
          </reporter-output>
        </test-method> <!-- BeforeMethod -->
        <test-method status="PASS" signature="BeforeMethod()[pri:0, instance:testNG.ExListTestTest@5c1becb3]" name="BeforeMethod" is-config="true" duration-ms="0" started-at="2015-02-03T20:21:39Z" finished-at="2015-02-03T20:21:39Z">
          <reporter-output>
          </reporter-output>
        </test-method> <!-- BeforeMethod -->
        <test-method status="PASS" signature="testAddStart_1()[pri:0, instance:testNG.ExListTestTest@5c1becb3]" name="testAddStart_1" duration-ms="0" started-at="2015-02-03T20:21:39Z" finished-at="2015-02-03T20:21:39Z">
          <reporter-output>
          </reporter-output>
        </test-method> <!-- testAddStart_1 -->
        <test-method status="PASS" signature="AfterMethod()[pri:0, instance:testNG.ExListTestTest@5c1becb3]" name="AfterMethod" is-config="true" duration-ms="0" started-at="2015-02-03T20:21:39Z" finished-at="2015-02-03T20:21:39Z">
          <reporter-output>
          </reporter-output>
        </test-method> <!-- AfterMethod -->
        <test-method status="PASS" signature="BeforeMethod()[pri:0, instance:testNG.ExListTestTest@5c1becb3]" name="BeforeMethod" is-config="true" duration-ms="0" started-at="2015-02-03T20:21:39Z" finished-at="2015-02-03T20:21:39Z">
          <reporter-output>
          </reporter-output>
        </test-method> <!-- BeforeMethod -->
        <test-method status="PASS" signature="testAddStart_many()[pri:0, instance:testNG.ExListTestTest@5c1becb3]" name="testAddStart_many" duration-ms="0" started-at="2015-02-03T20:21:39Z" finished-at="2015-02-03T20:21:39Z">
          <reporter-output>
          </reporter-output>
        </test-method> <!-- testAddStart_many -->
        <test-method status="PASS" signature="BeforeMethod()[pri:0, instance:testNG.ExListTestTest@5c1becb3]" name="BeforeMethod" is-config="true" duration-ms="0" started-at="2015-02-03T20:21:39Z" finished-at="2015-02-03T20:21:39Z">
          <reporter-output>
          </reporter-output>
        </test-method> <!-- BeforeMethod -->
        <test-method status="PASS" signature="BeforeMethod()[pri:0, instance:testNG.ExListTestTest@5c1becb3]" name="BeforeMethod" is-config="true" duration-ms="0" started-at="2015-02-03T20:21:39Z" finished-at="2015-02-03T20:21:39Z">
          <reporter-output>
          </reporter-output>
        </test-method> <!-- BeforeMethod -->
        <test-method status="PASS" signature="AfterMethod()[pri:0, instance:testNG.ExListTestTest@5c1becb3]" name="AfterMethod" is-config="true" duration-ms="15" started-at="2015-02-03T20:21:39Z" finished-at="2015-02-03T20:21:39Z">
          <reporter-output>
          </reporter-output>
        </test-method> <!-- AfterMethod -->
        <test-method status="PASS" signature="BeforeMethod()[pri:0, instance:testNG.ExListTestTest@5c1becb3]" name="BeforeMethod" is-config="true" duration-ms="0" started-at="2015-02-03T20:21:39Z" finished-at="2015-02-03T20:21:39Z">
          <reporter-output>
          </reporter-output>
        </test-method> <!-- BeforeMethod -->
        <test-method status="PASS" signature="AfterMethod()[pri:0, instance:testNG.ExListTestTest@5c1becb3]" name="AfterMethod" is-config="true" duration-ms="0" started-at="2015-02-03T20:21:39Z" finished-at="2015-02-03T20:21:39Z">
          <reporter-output>
          </reporter-output>
        </test-method> <!-- AfterMethod -->
        <test-method status="PASS" signature="testClear_0()[pri:0, instance:testNG.ExListTestTest@5c1becb3]" name="testClear_0" duration-ms="0" started-at="2015-02-03T20:21:39Z" finished-at="2015-02-03T20:21:39Z">
          <reporter-output>
          </reporter-output>
        </test-method> <!-- testClear_0 -->
        <test-method status="PASS" signature="testAddStart_2()[pri:0, instance:testNG.ExListTestTest@5c1becb3]" name="testAddStart_2" duration-ms="0" started-at="2015-02-03T20:21:39Z" finished-at="2015-02-03T20:21:39Z">
          <reporter-output>
          </reporter-output>
        </test-method> <!-- testAddStart_2 -->
        <test-method status="PASS" signature="AfterMethod()[pri:0, instance:testNG.ExListTestTest@5c1becb3]" name="AfterMethod" is-config="true" duration-ms="0" started-at="2015-02-03T20:21:39Z" finished-at="2015-02-03T20:21:39Z">
          <reporter-output>
          </reporter-output>
        </test-method> <!-- AfterMethod -->
        <test-method status="PASS" signature="AfterMethod()[pri:0, instance:testNG.ExListTestTest@5c1becb3]" name="AfterMethod" is-config="true" duration-ms="0" started-at="2015-02-03T20:21:39Z" finished-at="2015-02-03T20:21:39Z">
          <reporter-output>
          </reporter-output>
        </test-method> <!-- AfterMethod -->
        <test-method status="PASS" signature="testAddStart_NULL()[pri:0, instance:testNG.ExListTestTest@5c1becb3]" name="testAddStart_NULL" duration-ms="0" started-at="2015-02-03T20:21:39Z" finished-at="2015-02-03T20:21:39Z">
          <exception class="java.lang.NullPointerException">
            <full-stacktrace>
              <![CDATA[java.lang.NullPointerException
	at listS.LList1.init(LList1.java:24)
	at listS.LList1.setArray(LList1.java:19)
	at testNG.ExListTestTest.testAddStart_NULL(ExListTestTest.java:111)
	at sun.reflect.NativeMethodAccessorImpl.invoke0(Native Method)
	at sun.reflect.NativeMethodAccessorImpl.invoke(Unknown Source)
	at sun.reflect.DelegatingMethodAccessorImpl.invoke(Unknown Source)
	at java.lang.reflect.Method.invoke(Unknown Source)
	at org.testng.internal.MethodInvocationHelper.invokeMethod(MethodInvocationHelper.java:84)
	at org.testng.internal.Invoker.invokeMethod(Invoker.java:714)
	at org.testng.internal.Invoker.invokeTestMethod(Invoker.java:901)
	at org.testng.internal.Invoker.invokeTestMethods(Invoker.java:1231)
	at org.testng.internal.TestMethodWorker.invokeTestMethods(TestMethodWorker.java:127)
	at org.testng.internal.TestMethodWorker.run(TestMethodWorker.java:111)
	at org.testng.TestRunner.privateRun(TestRunner.java:767)
	at org.testng.TestRunner.run(TestRunner.java:617)
	at org.testng.SuiteRunner.runTest(SuiteRunner.java:334)
	at org.testng.SuiteRunner.runSequentially(SuiteRunner.java:329)
	at org.testng.SuiteRunner.privateRun(SuiteRunner.java:291)
	at org.testng.SuiteRunner.run(SuiteRunner.java:240)
	at org.testng.SuiteRunnerWorker.runSuite(SuiteRunnerWorker.java:52)
	at org.testng.SuiteRunnerWorker.run(SuiteRunnerWorker.java:86)
	at org.testng.TestNG.runSuitesSequentially(TestNG.java:1224)
	at org.testng.TestNG.runSuitesLocally(TestNG.java:1149)
	at org.testng.TestNG.run(TestNG.java:1057)
	at org.testng.remote.RemoteTestNG.run(RemoteTestNG.java:111)
	at org.testng.remote.RemoteTestNG.initAndRun(RemoteTestNG.java:204)
	at org.testng.remote.RemoteTestNG.main(RemoteTestNG.java:175)
]]>
            </full-stacktrace>
          </exception> <!-- java.lang.NullPointerException -->
          <reporter-output>
          </reporter-output>
        </test-method> <!-- testAddStart_NULL -->
        <test-method status="PASS" signature="BeforeMethod()[pri:0, instance:testNG.ExListTestTest@5c1becb3]" name="BeforeMethod" is-config="true" duration-ms="0" started-at="2015-02-03T20:21:39Z" finished-at="2015-02-03T20:21:39Z">
          <reporter-output>
          </reporter-output>
        </test-method> <!-- BeforeMethod -->
        <test-method status="PASS" signature="BeforeMethod()[pri:0, instance:testNG.ExListTestTest@5c1becb3]" name="BeforeMethod" is-config="true" duration-ms="0" started-at="2015-02-03T20:21:39Z" finished-at="2015-02-03T20:21:39Z">
          <reporter-output>
          </reporter-output>
        </test-method> <!-- BeforeMethod -->
        <test-method status="PASS" signature="BeforeMethod()[pri:0, instance:testNG.ExListTestTest@5c1becb3]" name="BeforeMethod" is-config="true" duration-ms="0" started-at="2015-02-03T20:21:39Z" finished-at="2015-02-03T20:21:39Z">
          <reporter-output>
          </reporter-output>
        </test-method> <!-- BeforeMethod -->
        <test-method status="PASS" signature="BeforeMethod()[pri:0, instance:testNG.ExListTestTest@5c1becb3]" name="BeforeMethod" is-config="true" duration-ms="0" started-at="2015-02-03T20:21:39Z" finished-at="2015-02-03T20:21:39Z">
          <reporter-output>
          </reporter-output>
        </test-method> <!-- BeforeMethod -->
        <test-method status="PASS" signature="AfterMethod()[pri:0, instance:testNG.ExListTestTest@5c1becb3]" name="AfterMethod" is-config="true" duration-ms="0" started-at="2015-02-03T20:21:39Z" finished-at="2015-02-03T20:21:39Z">
          <reporter-output>
          </reporter-output>
        </test-method> <!-- AfterMethod -->
        <test-method status="PASS" signature="BeforeMethod()[pri:0, instance:testNG.ExListTestTest@5c1becb3]" name="BeforeMethod" is-config="true" duration-ms="0" started-at="2015-02-03T20:21:39Z" finished-at="2015-02-03T20:21:39Z">
          <reporter-output>
          </reporter-output>
        </test-method> <!-- BeforeMethod -->
        <test-method status="PASS" signature="BeforeMethod()[pri:0, instance:testNG.ExListTestTest@5c1becb3]" name="BeforeMethod" is-config="true" duration-ms="0" started-at="2015-02-03T20:21:39Z" finished-at="2015-02-03T20:21:39Z">
          <reporter-output>
          </reporter-output>
        </test-method> <!-- BeforeMethod -->
        <test-method status="PASS" signature="testDelEnd_1()[pri:0, instance:testNG.ExListTestTest@5c1becb3]" name="testDelEnd_1" duration-ms="0" started-at="2015-02-03T20:21:39Z" finished-at="2015-02-03T20:21:39Z">
          <reporter-output>
          </reporter-output>
        </test-method> <!-- testDelEnd_1 -->
        <test-method status="PASS" signature="testClear_NULL()[pri:0, instance:testNG.ExListTestTest@5c1becb3]" name="testClear_NULL" duration-ms="0" started-at="2015-02-03T20:21:39Z" finished-at="2015-02-03T20:21:39Z">
          <exception class="java.lang.NullPointerException">
            <full-stacktrace>
              <![CDATA[java.lang.NullPointerException
	at listS.LList1.init(LList1.java:24)
	at listS.LList1.setArray(LList1.java:19)
	at testNG.ExListTestTest.testClear_NULL(ExListTestTest.java:382)
	at sun.reflect.NativeMethodAccessorImpl.invoke0(Native Method)
	at sun.reflect.NativeMethodAccessorImpl.invoke(Unknown Source)
	at sun.reflect.DelegatingMethodAccessorImpl.invoke(Unknown Source)
	at java.lang.reflect.Method.invoke(Unknown Source)
	at org.testng.internal.MethodInvocationHelper.invokeMethod(MethodInvocationHelper.java:84)
	at org.testng.internal.Invoker.invokeMethod(Invoker.java:714)
	at org.testng.internal.Invoker.invokeTestMethod(Invoker.java:901)
	at org.testng.internal.Invoker.invokeTestMethods(Invoker.java:1231)
	at org.testng.internal.TestMethodWorker.invokeTestMethods(TestMethodWorker.java:127)
	at org.testng.internal.TestMethodWorker.run(TestMethodWorker.java:111)
	at org.testng.TestRunner.privateRun(TestRunner.java:767)
	at org.testng.TestRunner.run(TestRunner.java:617)
	at org.testng.SuiteRunner.runTest(SuiteRunner.java:334)
	at org.testng.SuiteRunner.runSequentially(SuiteRunner.java:329)
	at org.testng.SuiteRunner.privateRun(SuiteRunner.java:291)
	at org.testng.SuiteRunner.run(SuiteRunner.java:240)
	at org.testng.SuiteRunnerWorker.runSuite(SuiteRunnerWorker.java:52)
	at org.testng.SuiteRunnerWorker.run(SuiteRunnerWorker.java:86)
	at org.testng.TestNG.runSuitesSequentially(TestNG.java:1224)
	at org.testng.TestNG.runSuitesLocally(TestNG.java:1149)
	at org.testng.TestNG.run(TestNG.java:1057)
	at org.testng.remote.RemoteTestNG.run(RemoteTestNG.java:111)
	at org.testng.remote.RemoteTestNG.initAndRun(RemoteTestNG.java:204)
	at org.testng.remote.RemoteTestNG.main(RemoteTestNG.java:175)
]]>
            </full-stacktrace>
          </exception> <!-- java.lang.NullPointerException -->
          <reporter-output>
          </reporter-output>
        </test-method> <!-- testClear_NULL -->
        <test-method status="PASS" signature="BeforeMethod()[pri:0, instance:testNG.ExListTestTest@5c1becb3]" name="BeforeMethod" is-config="true" duration-ms="0" started-at="2015-02-03T20:21:39Z" finished-at="2015-02-03T20:21:39Z">
          <reporter-output>
          </reporter-output>
        </test-method> <!-- BeforeMethod -->
        <test-method status="PASS" signature="AfterMethod()[pri:0, instance:testNG.ExListTestTest@5c1becb3]" name="AfterMethod" is-config="true" duration-ms="0" started-at="2015-02-03T20:21:39Z" finished-at="2015-02-03T20:21:39Z">
          <reporter-output>
          </reporter-output>
        </test-method> <!-- AfterMethod -->
        <test-method status="PASS" signature="AfterMethod()[pri:0, instance:testNG.ExListTestTest@5c1becb3]" name="AfterMethod" is-config="true" duration-ms="0" started-at="2015-02-03T20:21:39Z" finished-at="2015-02-03T20:21:39Z">
          <reporter-output>
          </reporter-output>
        </test-method> <!-- AfterMethod -->
        <test-method status="PASS" signature="testClear_many()[pri:0, instance:testNG.ExListTestTest@5c1becb3]" name="testClear_many" duration-ms="0" started-at="2015-02-03T20:21:39Z" finished-at="2015-02-03T20:21:39Z">
          <reporter-output>
          </reporter-output>
        </test-method> <!-- testClear_many -->
        <test-method status="PASS" signature="testDelEnd_2()[pri:0, instance:testNG.ExListTestTest@5c1becb3]" name="testDelEnd_2" duration-ms="0" started-at="2015-02-03T20:21:39Z" finished-at="2015-02-03T20:21:39Z">
          <reporter-output>
          </reporter-output>
        </test-method> <!-- testDelEnd_2 -->
        <test-method status="PASS" signature="testDelEnd_0()[pri:0, instance:testNG.ExListTestTest@5c1becb3]" name="testDelEnd_0" duration-ms="0" started-at="2015-02-03T20:21:39Z" finished-at="2015-02-03T20:21:39Z">
          <exception class="java.lang.NegativeArraySizeException">
            <full-stacktrace>
              <![CDATA[java.lang.NegativeArraySizeException
	at listS.LList1.delEnd(LList1.java:118)
	at testNG.ExListTestTest.testDelEnd_0(ExListTestTest.java:301)
	at sun.reflect.NativeMethodAccessorImpl.invoke0(Native Method)
	at sun.reflect.NativeMethodAccessorImpl.invoke(Unknown Source)
	at sun.reflect.DelegatingMethodAccessorImpl.invoke(Unknown Source)
	at java.lang.reflect.Method.invoke(Unknown Source)
	at org.testng.internal.MethodInvocationHelper.invokeMethod(MethodInvocationHelper.java:84)
	at org.testng.internal.Invoker.invokeMethod(Invoker.java:714)
	at org.testng.internal.Invoker.invokeTestMethod(Invoker.java:901)
	at org.testng.internal.Invoker.invokeTestMethods(Invoker.java:1231)
	at org.testng.internal.TestMethodWorker.invokeTestMethods(TestMethodWorker.java:127)
	at org.testng.internal.TestMethodWorker.run(TestMethodWorker.java:111)
	at org.testng.TestRunner.privateRun(TestRunner.java:767)
	at org.testng.TestRunner.run(TestRunner.java:617)
	at org.testng.SuiteRunner.runTest(SuiteRunner.java:334)
	at org.testng.SuiteRunner.runSequentially(SuiteRunner.java:329)
	at org.testng.SuiteRunner.privateRun(SuiteRunner.java:291)
	at org.testng.SuiteRunner.run(SuiteRunner.java:240)
	at org.testng.SuiteRunnerWorker.runSuite(SuiteRunnerWorker.java:52)
	at org.testng.SuiteRunnerWorker.run(SuiteRunnerWorker.java:86)
	at org.testng.TestNG.runSuitesSequentially(TestNG.java:1224)
	at org.testng.TestNG.runSuitesLocally(TestNG.java:1149)
	at org.testng.TestNG.run(TestNG.java:1057)
	at org.testng.remote.RemoteTestNG.run(RemoteTestNG.java:111)
	at org.testng.remote.RemoteTestNG.initAndRun(RemoteTestNG.java:204)
	at org.testng.remote.RemoteTestNG.main(RemoteTestNG.java:175)
]]>
            </full-stacktrace>
          </exception> <!-- java.lang.NegativeArraySizeException -->
          <reporter-output>
          </reporter-output>
        </test-method> <!-- testDelEnd_0 -->
        <test-method status="PASS" signature="testClear_2()[pri:0, instance:testNG.ExListTestTest@5c1becb3]" name="testClear_2" duration-ms="0" started-at="2015-02-03T20:21:39Z" finished-at="2015-02-03T20:21:39Z">
          <reporter-output>
          </reporter-output>
        </test-method> <!-- testClear_2 -->
        <test-method status="PASS" signature="BeforeMethod()[pri:0, instance:testNG.ExListTestTest@5c1becb3]" name="BeforeMethod" is-config="true" duration-ms="0" started-at="2015-02-03T20:21:39Z" finished-at="2015-02-03T20:21:39Z">
          <reporter-output>
          </reporter-output>
        </test-method> <!-- BeforeMethod -->
        <test-method status="PASS" signature="AfterMethod()[pri:0, instance:testNG.ExListTestTest@5c1becb3]" name="AfterMethod" is-config="true" duration-ms="0" started-at="2015-02-03T20:21:39Z" finished-at="2015-02-03T20:21:39Z">
          <reporter-output>
          </reporter-output>
        </test-method> <!-- AfterMethod -->
        <test-method status="PASS" signature="AfterMethod()[pri:0, instance:testNG.ExListTestTest@5c1becb3]" name="AfterMethod" is-config="true" duration-ms="0" started-at="2015-02-03T20:21:39Z" finished-at="2015-02-03T20:21:39Z">
          <reporter-output>
          </reporter-output>
        </test-method> <!-- AfterMethod -->
        <test-method status="PASS" signature="AfterMethod()[pri:0, instance:testNG.ExListTestTest@5c1becb3]" name="AfterMethod" is-config="true" duration-ms="0" started-at="2015-02-03T20:21:39Z" finished-at="2015-02-03T20:21:39Z">
          <reporter-output>
          </reporter-output>
        </test-method> <!-- AfterMethod -->
        <test-method status="PASS" signature="testDelEnd_NULL()[pri:0, instance:testNG.ExListTestTest@5c1becb3]" name="testDelEnd_NULL" duration-ms="0" started-at="2015-02-03T20:21:39Z" finished-at="2015-02-03T20:21:39Z">
          <exception class="java.lang.NullPointerException">
            <full-stacktrace>
              <![CDATA[java.lang.NullPointerException
	at listS.LList1.init(LList1.java:24)
	at listS.LList1.setArray(LList1.java:19)
	at testNG.ExListTestTest.testDelEnd_NULL(ExListTestTest.java:294)
	at sun.reflect.NativeMethodAccessorImpl.invoke0(Native Method)
	at sun.reflect.NativeMethodAccessorImpl.invoke(Unknown Source)
	at sun.reflect.DelegatingMethodAccessorImpl.invoke(Unknown Source)
	at java.lang.reflect.Method.invoke(Unknown Source)
	at org.testng.internal.MethodInvocationHelper.invokeMethod(MethodInvocationHelper.java:84)
	at org.testng.internal.Invoker.invokeMethod(Invoker.java:714)
	at org.testng.internal.Invoker.invokeTestMethod(Invoker.java:901)
	at org.testng.internal.Invoker.invokeTestMethods(Invoker.java:1231)
	at org.testng.internal.TestMethodWorker.invokeTestMethods(TestMethodWorker.java:127)
	at org.testng.internal.TestMethodWorker.run(TestMethodWorker.java:111)
	at org.testng.TestRunner.privateRun(TestRunner.java:767)
	at org.testng.TestRunner.run(TestRunner.java:617)
	at org.testng.SuiteRunner.runTest(SuiteRunner.java:334)
	at org.testng.SuiteRunner.runSequentially(SuiteRunner.java:329)
	at org.testng.SuiteRunner.privateRun(SuiteRunner.java:291)
	at org.testng.SuiteRunner.run(SuiteRunner.java:240)
	at org.testng.SuiteRunnerWorker.runSuite(SuiteRunnerWorker.java:52)
	at org.testng.SuiteRunnerWorker.run(SuiteRunnerWorker.java:86)
	at org.testng.TestNG.runSuitesSequentially(TestNG.java:1224)
	at org.testng.TestNG.runSuitesLocally(TestNG.java:1149)
	at org.testng.TestNG.run(TestNG.java:1057)
	at org.testng.remote.RemoteTestNG.run(RemoteTestNG.java:111)
	at org.testng.remote.RemoteTestNG.initAndRun(RemoteTestNG.java:204)
	at org.testng.remote.RemoteTestNG.main(RemoteTestNG.java:175)
]]>
            </full-stacktrace>
          </exception> <!-- java.lang.NullPointerException -->
          <reporter-output>
          </reporter-output>
        </test-method> <!-- testDelEnd_NULL -->
        <test-method status="PASS" signature="AfterMethod()[pri:0, instance:testNG.ExListTestTest@5c1becb3]" name="AfterMethod" is-config="true" duration-ms="0" started-at="2015-02-03T20:21:39Z" finished-at="2015-02-03T20:21:39Z">
          <reporter-output>
          </reporter-output>
        </test-method> <!-- AfterMethod -->
        <test-method status="PASS" signature="testClear_1()[pri:0, instance:testNG.ExListTestTest@5c1becb3]" name="testClear_1" duration-ms="0" started-at="2015-02-03T20:21:39Z" finished-at="2015-02-03T20:21:39Z">
          <reporter-output>
          </reporter-output>
        </test-method> <!-- testClear_1 -->
        <test-method status="PASS" signature="BeforeMethod()[pri:0, instance:testNG.ExListTestTest@5c1becb3]" name="BeforeMethod" is-config="true" duration-ms="0" started-at="2015-02-03T20:21:39Z" finished-at="2015-02-03T20:21:39Z">
          <reporter-output>
          </reporter-output>
        </test-method> <!-- BeforeMethod -->
        <test-method status="PASS" signature="BeforeMethod()[pri:0, instance:testNG.ExListTestTest@5c1becb3]" name="BeforeMethod" is-config="true" duration-ms="0" started-at="2015-02-03T20:21:39Z" finished-at="2015-02-03T20:21:39Z">
          <reporter-output>
          </reporter-output>
        </test-method> <!-- BeforeMethod -->
        <test-method status="PASS" signature="AfterMethod()[pri:0, instance:testNG.ExListTestTest@5c1becb3]" name="AfterMethod" is-config="true" duration-ms="0" started-at="2015-02-03T20:21:39Z" finished-at="2015-02-03T20:21:39Z">
          <reporter-output>
          </reporter-output>
        </test-method> <!-- AfterMethod -->
        <test-method status="PASS" signature="testDelPos_0()[pri:0, instance:testNG.ExListTestTest@5c1becb3]" name="testDelPos_0" duration-ms="0" started-at="2015-02-03T20:21:39Z" finished-at="2015-02-03T20:21:39Z">
          <exception class="java.lang.NegativeArraySizeException">
            <full-stacktrace>
              <![CDATA[java.lang.NegativeArraySizeException
	at listS.LList1.delPos(LList1.java:136)
	at testNG.ExListTestTest.testDelPos_0(ExListTestTest.java:346)
	at sun.reflect.NativeMethodAccessorImpl.invoke0(Native Method)
	at sun.reflect.NativeMethodAccessorImpl.invoke(Unknown Source)
	at sun.reflect.DelegatingMethodAccessorImpl.invoke(Unknown Source)
	at java.lang.reflect.Method.invoke(Unknown Source)
	at org.testng.internal.MethodInvocationHelper.invokeMethod(MethodInvocationHelper.java:84)
	at org.testng.internal.Invoker.invokeMethod(Invoker.java:714)
	at org.testng.internal.Invoker.invokeTestMethod(Invoker.java:901)
	at org.testng.internal.Invoker.invokeTestMethods(Invoker.java:1231)
	at org.testng.internal.TestMethodWorker.invokeTestMethods(TestMethodWorker.java:127)
	at org.testng.internal.TestMethodWorker.run(TestMethodWorker.java:111)
	at org.testng.TestRunner.privateRun(TestRunner.java:767)
	at org.testng.TestRunner.run(TestRunner.java:617)
	at org.testng.SuiteRunner.runTest(SuiteRunner.java:334)
	at org.testng.SuiteRunner.runSequentially(SuiteRunner.java:329)
	at org.testng.SuiteRunner.privateRun(SuiteRunner.java:291)
	at org.testng.SuiteRunner.run(SuiteRunner.java:240)
	at org.testng.SuiteRunnerWorker.runSuite(SuiteRunnerWorker.java:52)
	at org.testng.SuiteRunnerWorker.run(SuiteRunnerWorker.java:86)
	at org.testng.TestNG.runSuitesSequentially(TestNG.java:1224)
	at org.testng.TestNG.runSuitesLocally(TestNG.java:1149)
	at org.testng.TestNG.run(TestNG.java:1057)
	at org.testng.remote.RemoteTestNG.run(RemoteTestNG.java:111)
	at org.testng.remote.RemoteTestNG.initAndRun(RemoteTestNG.java:204)
	at org.testng.remote.RemoteTestNG.main(RemoteTestNG.java:175)
]]>
            </full-stacktrace>
          </exception> <!-- java.lang.NegativeArraySizeException -->
          <reporter-output>
          </reporter-output>
        </test-method> <!-- testDelPos_0 -->
        <test-method status="PASS" signature="testDelEnd_many()[pri:0, instance:testNG.ExListTestTest@5c1becb3]" name="testDelEnd_many" duration-ms="0" started-at="2015-02-03T20:21:39Z" finished-at="2015-02-03T20:21:39Z">
          <reporter-output>
          </reporter-output>
        </test-method> <!-- testDelEnd_many -->
        <test-method status="PASS" signature="AfterMethod()[pri:0, instance:testNG.ExListTestTest@5c1becb3]" name="AfterMethod" is-config="true" duration-ms="0" started-at="2015-02-03T20:21:39Z" finished-at="2015-02-03T20:21:39Z">
          <reporter-output>
          </reporter-output>
        </test-method> <!-- AfterMethod -->
        <test-method status="PASS" signature="AfterMethod()[pri:0, instance:testNG.ExListTestTest@5c1becb3]" name="AfterMethod" is-config="true" duration-ms="0" started-at="2015-02-03T20:21:39Z" finished-at="2015-02-03T20:21:39Z">
          <reporter-output>
          </reporter-output>
        </test-method> <!-- AfterMethod -->
        <test-method status="PASS" signature="testDelPos_1()[pri:0, instance:testNG.ExListTestTest@5c1becb3]" name="testDelPos_1" duration-ms="0" started-at="2015-02-03T20:21:39Z" finished-at="2015-02-03T20:21:39Z">
          <reporter-output>
          </reporter-output>
        </test-method> <!-- testDelPos_1 -->
        <test-method status="PASS" signature="testDelStart_0()[pri:0, instance:testNG.ExListTestTest@5c1becb3]" name="testDelStart_0" duration-ms="0" started-at="2015-02-03T20:21:39Z" finished-at="2015-02-03T20:21:39Z">
          <exception class="java.lang.NegativeArraySizeException">
            <full-stacktrace>
              <![CDATA[java.lang.NegativeArraySizeException
	at listS.LList1.delStart(LList1.java:106)
	at testNG.ExListTestTest.testDelStart_0(ExListTestTest.java:256)
	at sun.reflect.NativeMethodAccessorImpl.invoke0(Native Method)
	at sun.reflect.NativeMethodAccessorImpl.invoke(Unknown Source)
	at sun.reflect.DelegatingMethodAccessorImpl.invoke(Unknown Source)
	at java.lang.reflect.Method.invoke(Unknown Source)
	at org.testng.internal.MethodInvocationHelper.invokeMethod(MethodInvocationHelper.java:84)
	at org.testng.internal.Invoker.invokeMethod(Invoker.java:714)
	at org.testng.internal.Invoker.invokeTestMethod(Invoker.java:901)
	at org.testng.internal.Invoker.invokeTestMethods(Invoker.java:1231)
	at org.testng.internal.TestMethodWorker.invokeTestMethods(TestMethodWorker.java:127)
	at org.testng.internal.TestMethodWorker.run(TestMethodWorker.java:111)
	at org.testng.TestRunner.privateRun(TestRunner.java:767)
	at org.testng.TestRunner.run(TestRunner.java:617)
	at org.testng.SuiteRunner.runTest(SuiteRunner.java:334)
	at org.testng.SuiteRunner.runSequentially(SuiteRunner.java:329)
	at org.testng.SuiteRunner.privateRun(SuiteRunner.java:291)
	at org.testng.SuiteRunner.run(SuiteRunner.java:240)
	at org.testng.SuiteRunnerWorker.runSuite(SuiteRunnerWorker.java:52)
	at org.testng.SuiteRunnerWorker.run(SuiteRunnerWorker.java:86)
	at org.testng.TestNG.runSuitesSequentially(TestNG.java:1224)
	at org.testng.TestNG.runSuitesLocally(TestNG.java:1149)
	at org.testng.TestNG.run(TestNG.java:1057)
	at org.testng.remote.RemoteTestNG.run(RemoteTestNG.java:111)
	at org.testng.remote.RemoteTestNG.initAndRun(RemoteTestNG.java:204)
	at org.testng.remote.RemoteTestNG.main(RemoteTestNG.java:175)
]]>
            </full-stacktrace>
          </exception> <!-- java.lang.NegativeArraySizeException -->
          <reporter-output>
          </reporter-output>
        </test-method> <!-- testDelStart_0 -->
        <test-method status="PASS" signature="BeforeMethod()[pri:0, instance:testNG.ExListTestTest@5c1becb3]" name="BeforeMethod" is-config="true" duration-ms="0" started-at="2015-02-03T20:21:39Z" finished-at="2015-02-03T20:21:39Z">
          <reporter-output>
          </reporter-output>
        </test-method> <!-- BeforeMethod -->
        <test-method status="PASS" signature="AfterMethod()[pri:0, instance:testNG.ExListTestTest@5c1becb3]" name="AfterMethod" is-config="true" duration-ms="0" started-at="2015-02-03T20:21:39Z" finished-at="2015-02-03T20:21:39Z">
          <reporter-output>
          </reporter-output>
        </test-method> <!-- AfterMethod -->
        <test-method status="PASS" signature="testDelPos_many()[pri:0, instance:testNG.ExListTestTest@5c1becb3]" name="testDelPos_many" duration-ms="0" started-at="2015-02-03T20:21:39Z" finished-at="2015-02-03T20:21:39Z">
          <reporter-output>
          </reporter-output>
        </test-method> <!-- testDelPos_many -->
        <test-method status="PASS" signature="BeforeMethod()[pri:0, instance:testNG.ExListTestTest@5c1becb3]" name="BeforeMethod" is-config="true" duration-ms="0" started-at="2015-02-03T20:21:39Z" finished-at="2015-02-03T20:21:39Z">
          <reporter-output>
          </reporter-output>
        </test-method> <!-- BeforeMethod -->
        <test-method status="PASS" signature="BeforeMethod()[pri:0, instance:testNG.ExListTestTest@5c1becb3]" name="BeforeMethod" is-config="true" duration-ms="0" started-at="2015-02-03T20:21:39Z" finished-at="2015-02-03T20:21:39Z">
          <reporter-output>
          </reporter-output>
        </test-method> <!-- BeforeMethod -->
        <test-method status="PASS" signature="testDelStart_2()[pri:0, instance:testNG.ExListTestTest@5c1becb3]" name="testDelStart_2" duration-ms="16" started-at="2015-02-03T20:21:39Z" finished-at="2015-02-03T20:21:39Z">
          <reporter-output>
          </reporter-output>
        </test-method> <!-- testDelStart_2 -->
        <test-method status="PASS" signature="AfterMethod()[pri:0, instance:testNG.ExListTestTest@5c1becb3]" name="AfterMethod" is-config="true" duration-ms="0" started-at="2015-02-03T20:21:39Z" finished-at="2015-02-03T20:21:39Z">
          <reporter-output>
          </reporter-output>
        </test-method> <!-- AfterMethod -->
        <test-method status="PASS" signature="testDelPos_2()[pri:0, instance:testNG.ExListTestTest@5c1becb3]" name="testDelPos_2" duration-ms="0" started-at="2015-02-03T20:21:39Z" finished-at="2015-02-03T20:21:39Z">
          <reporter-output>
          </reporter-output>
        </test-method> <!-- testDelPos_2 -->
        <test-method status="PASS" signature="BeforeMethod()[pri:0, instance:testNG.ExListTestTest@5c1becb3]" name="BeforeMethod" is-config="true" duration-ms="0" started-at="2015-02-03T20:21:39Z" finished-at="2015-02-03T20:21:39Z">
          <reporter-output>
          </reporter-output>
        </test-method> <!-- BeforeMethod -->
        <test-method status="PASS" signature="AfterMethod()[pri:0, instance:testNG.ExListTestTest@5c1becb3]" name="AfterMethod" is-config="true" duration-ms="0" started-at="2015-02-03T20:21:39Z" finished-at="2015-02-03T20:21:39Z">
          <reporter-output>
          </reporter-output>
        </test-method> <!-- AfterMethod -->
        <test-method status="PASS" signature="AfterMethod()[pri:0, instance:testNG.ExListTestTest@5c1becb3]" name="AfterMethod" is-config="true" duration-ms="0" started-at="2015-02-03T20:21:39Z" finished-at="2015-02-03T20:21:39Z">
          <reporter-output>
          </reporter-output>
        </test-method> <!-- AfterMethod -->
        <test-method status="PASS" signature="AfterMethod()[pri:0, instance:testNG.ExListTestTest@5c1becb3]" name="AfterMethod" is-config="true" duration-ms="0" started-at="2015-02-03T20:21:39Z" finished-at="2015-02-03T20:21:39Z">
          <reporter-output>
          </reporter-output>
        </test-method> <!-- AfterMethod -->
        <test-method status="PASS" signature="BeforeMethod()[pri:0, instance:testNG.ExListTestTest@5c1becb3]" name="BeforeMethod" is-config="true" duration-ms="0" started-at="2015-02-03T20:21:39Z" finished-at="2015-02-03T20:21:39Z">
          <reporter-output>
          </reporter-output>
        </test-method> <!-- BeforeMethod -->
        <test-method status="PASS" signature="AfterMethod()[pri:0, instance:testNG.ExListTestTest@5c1becb3]" name="AfterMethod" is-config="true" duration-ms="0" started-at="2015-02-03T20:21:39Z" finished-at="2015-02-03T20:21:39Z">
          <reporter-output>
          </reporter-output>
        </test-method> <!-- AfterMethod -->
        <test-method status="PASS" signature="BeforeMethod()[pri:0, instance:testNG.ExListTestTest@5c1becb3]" name="BeforeMethod" is-config="true" duration-ms="0" started-at="2015-02-03T20:21:39Z" finished-at="2015-02-03T20:21:39Z">
          <reporter-output>
          </reporter-output>
        </test-method> <!-- BeforeMethod -->
        <test-method status="PASS" signature="testDelStart_1()[pri:0, instance:testNG.ExListTestTest@5c1becb3]" name="testDelStart_1" duration-ms="0" started-at="2015-02-03T20:21:39Z" finished-at="2015-02-03T20:21:39Z">
          <reporter-output>
          </reporter-output>
        </test-method> <!-- testDelStart_1 -->
        <test-method status="PASS" signature="BeforeMethod()[pri:0, instance:testNG.ExListTestTest@5c1becb3]" name="BeforeMethod" is-config="true" duration-ms="0" started-at="2015-02-03T20:21:39Z" finished-at="2015-02-03T20:21:39Z">
          <reporter-output>
          </reporter-output>
        </test-method> <!-- BeforeMethod -->
        <test-method status="PASS" signature="testDelPos_NULL()[pri:0, instance:testNG.ExListTestTest@5c1becb3]" name="testDelPos_NULL" duration-ms="0" started-at="2015-02-03T20:21:39Z" finished-at="2015-02-03T20:21:39Z">
          <exception class="java.lang.NullPointerException">
            <full-stacktrace>
              <![CDATA[java.lang.NullPointerException
	at listS.LList1.init(LList1.java:24)
	at listS.LList1.setArray(LList1.java:19)
	at testNG.ExListTestTest.testDelPos_NULL(ExListTestTest.java:339)
	at sun.reflect.NativeMethodAccessorImpl.invoke0(Native Method)
	at sun.reflect.NativeMethodAccessorImpl.invoke(Unknown Source)
	at sun.reflect.DelegatingMethodAccessorImpl.invoke(Unknown Source)
	at java.lang.reflect.Method.invoke(Unknown Source)
	at org.testng.internal.MethodInvocationHelper.invokeMethod(MethodInvocationHelper.java:84)
	at org.testng.internal.Invoker.invokeMethod(Invoker.java:714)
	at org.testng.internal.Invoker.invokeTestMethod(Invoker.java:901)
	at org.testng.internal.Invoker.invokeTestMethods(Invoker.java:1231)
	at org.testng.internal.TestMethodWorker.invokeTestMethods(TestMethodWorker.java:127)
	at org.testng.internal.TestMethodWorker.run(TestMethodWorker.java:111)
	at org.testng.TestRunner.privateRun(TestRunner.java:767)
	at org.testng.TestRunner.run(TestRunner.java:617)
	at org.testng.SuiteRunner.runTest(SuiteRunner.java:334)
	at org.testng.SuiteRunner.runSequentially(SuiteRunner.java:329)
	at org.testng.SuiteRunner.privateRun(SuiteRunner.java:291)
	at org.testng.SuiteRunner.run(SuiteRunner.java:240)
	at org.testng.SuiteRunnerWorker.runSuite(SuiteRunnerWorker.java:52)
	at org.testng.SuiteRunnerWorker.run(SuiteRunnerWorker.java:86)
	at org.testng.TestNG.runSuitesSequentially(TestNG.java:1224)
	at org.testng.TestNG.runSuitesLocally(TestNG.java:1149)
	at org.testng.TestNG.run(TestNG.java:1057)
	at org.testng.remote.RemoteTestNG.run(RemoteTestNG.java:111)
	at org.testng.remote.RemoteTestNG.initAndRun(RemoteTestNG.java:204)
	at org.testng.remote.RemoteTestNG.main(RemoteTestNG.java:175)
]]>
            </full-stacktrace>
          </exception> <!-- java.lang.NullPointerException -->
          <reporter-output>
          </reporter-output>
        </test-method> <!-- testDelPos_NULL -->
        <test-method status="PASS" signature="testGet_many()[pri:0, instance:testNG.ExListTestTest@5c1becb3]" name="testGet_many" duration-ms="0" started-at="2015-02-03T20:21:39Z" finished-at="2015-02-03T20:21:39Z">
          <reporter-output>
          </reporter-output>
        </test-method> <!-- testGet_many -->
        <test-method status="PASS" signature="BeforeMethod()[pri:0, instance:testNG.ExListTestTest@5c1becb3]" name="BeforeMethod" is-config="true" duration-ms="0" started-at="2015-02-03T20:21:39Z" finished-at="2015-02-03T20:21:39Z">
          <reporter-output>
          </reporter-output>
        </test-method> <!-- BeforeMethod -->
        <test-method status="PASS" signature="BeforeMethod()[pri:0, instance:testNG.ExListTestTest@5c1becb3]" name="BeforeMethod" is-config="true" duration-ms="0" started-at="2015-02-03T20:21:39Z" finished-at="2015-02-03T20:21:39Z">
          <reporter-output>
          </reporter-output>
        </test-method> <!-- BeforeMethod -->
        <test-method status="PASS" signature="AfterMethod()[pri:0, instance:testNG.ExListTestTest@5c1becb3]" name="AfterMethod" is-config="true" duration-ms="0" started-at="2015-02-03T20:21:39Z" finished-at="2015-02-03T20:21:39Z">
          <reporter-output>
          </reporter-output>
        </test-method> <!-- AfterMethod -->
        <test-method status="PASS" signature="AfterMethod()[pri:0, instance:testNG.ExListTestTest@5c1becb3]" name="AfterMethod" is-config="true" duration-ms="0" started-at="2015-02-03T20:21:39Z" finished-at="2015-02-03T20:21:39Z">
          <reporter-output>
          </reporter-output>
        </test-method> <!-- AfterMethod -->
        <test-method status="PASS" signature="AfterMethod()[pri:0, instance:testNG.ExListTestTest@5c1becb3]" name="AfterMethod" is-config="true" duration-ms="0" started-at="2015-02-03T20:21:39Z" finished-at="2015-02-03T20:21:39Z">
          <reporter-output>
          </reporter-output>
        </test-method> <!-- AfterMethod -->
        <test-method status="PASS" signature="BeforeMethod()[pri:0, instance:testNG.ExListTestTest@5c1becb3]" name="BeforeMethod" is-config="true" duration-ms="0" started-at="2015-02-03T20:21:39Z" finished-at="2015-02-03T20:21:39Z">
          <reporter-output>
          </reporter-output>
        </test-method> <!-- BeforeMethod -->
        <test-method status="PASS" signature="BeforeMethod()[pri:0, instance:testNG.ExListTestTest@5c1becb3]" name="BeforeMethod" is-config="true" duration-ms="0" started-at="2015-02-03T20:21:39Z" finished-at="2015-02-03T20:21:39Z">
          <reporter-output>
          </reporter-output>
        </test-method> <!-- BeforeMethod -->
        <test-method status="PASS" signature="BeforeMethod()[pri:0, instance:testNG.ExListTestTest@5c1becb3]" name="BeforeMethod" is-config="true" duration-ms="0" started-at="2015-02-03T20:21:39Z" finished-at="2015-02-03T20:21:39Z">
          <reporter-output>
          </reporter-output>
        </test-method> <!-- BeforeMethod -->
        <test-method status="PASS" signature="testDelStart_NULL()[pri:0, instance:testNG.ExListTestTest@5c1becb3]" name="testDelStart_NULL" duration-ms="0" started-at="2015-02-03T20:21:39Z" finished-at="2015-02-03T20:21:39Z">
          <exception class="java.lang.NullPointerException">
            <full-stacktrace>
              <![CDATA[java.lang.NullPointerException
	at listS.LList1.init(LList1.java:24)
	at listS.LList1.setArray(LList1.java:19)
	at testNG.ExListTestTest.testDelStart_NULL(ExListTestTest.java:249)
	at sun.reflect.NativeMethodAccessorImpl.invoke0(Native Method)
	at sun.reflect.NativeMethodAccessorImpl.invoke(Unknown Source)
	at sun.reflect.DelegatingMethodAccessorImpl.invoke(Unknown Source)
	at java.lang.reflect.Method.invoke(Unknown Source)
	at org.testng.internal.MethodInvocationHelper.invokeMethod(MethodInvocationHelper.java:84)
	at org.testng.internal.Invoker.invokeMethod(Invoker.java:714)
	at org.testng.internal.Invoker.invokeTestMethod(Invoker.java:901)
	at org.testng.internal.Invoker.invokeTestMethods(Invoker.java:1231)
	at org.testng.internal.TestMethodWorker.invokeTestMethods(TestMethodWorker.java:127)
	at org.testng.internal.TestMethodWorker.run(TestMethodWorker.java:111)
	at org.testng.TestRunner.privateRun(TestRunner.java:767)
	at org.testng.TestRunner.run(TestRunner.java:617)
	at org.testng.SuiteRunner.runTest(SuiteRunner.java:334)
	at org.testng.SuiteRunner.runSequentially(SuiteRunner.java:329)
	at org.testng.SuiteRunner.privateRun(SuiteRunner.java:291)
	at org.testng.SuiteRunner.run(SuiteRunner.java:240)
	at org.testng.SuiteRunnerWorker.runSuite(SuiteRunnerWorker.java:52)
	at org.testng.SuiteRunnerWorker.run(SuiteRunnerWorker.java:86)
	at org.testng.TestNG.runSuitesSequentially(TestNG.java:1224)
	at org.testng.TestNG.runSuitesLocally(TestNG.java:1149)
	at org.testng.TestNG.run(TestNG.java:1057)
	at org.testng.remote.RemoteTestNG.run(RemoteTestNG.java:111)
	at org.testng.remote.RemoteTestNG.initAndRun(RemoteTestNG.java:204)
	at org.testng.remote.RemoteTestNG.main(RemoteTestNG.java:175)
]]>
            </full-stacktrace>
          </exception> <!-- java.lang.NullPointerException -->
          <reporter-output>
          </reporter-output>
        </test-method> <!-- testDelStart_NULL -->
        <test-method status="PASS" signature="AfterMethod()[pri:0, instance:testNG.ExListTestTest@5c1becb3]" name="AfterMethod" is-config="true" duration-ms="0" started-at="2015-02-03T20:21:39Z" finished-at="2015-02-03T20:21:39Z">
          <reporter-output>
          </reporter-output>
        </test-method> <!-- AfterMethod -->
        <test-method status="PASS" signature="testGet_1()[pri:0, instance:testNG.ExListTestTest@5c1becb3]" name="testGet_1" duration-ms="0" started-at="2015-02-03T20:21:39Z" finished-at="2015-02-03T20:21:39Z">
          <reporter-output>
          </reporter-output>
        </test-method> <!-- testGet_1 -->
        <test-method status="PASS" signature="BeforeMethod()[pri:0, instance:testNG.ExListTestTest@5c1becb3]" name="BeforeMethod" is-config="true" duration-ms="0" started-at="2015-02-03T20:21:39Z" finished-at="2015-02-03T20:21:39Z">
          <reporter-output>
          </reporter-output>
        </test-method> <!-- BeforeMethod -->
        <test-method status="PASS" signature="testDelStart_many()[pri:0, instance:testNG.ExListTestTest@5c1becb3]" name="testDelStart_many" duration-ms="0" started-at="2015-02-03T20:21:39Z" finished-at="2015-02-03T20:21:39Z">
          <reporter-output>
          </reporter-output>
        </test-method> <!-- testDelStart_many -->
        <test-method status="PASS" signature="BeforeMethod()[pri:0, instance:testNG.ExListTestTest@5c1becb3]" name="BeforeMethod" is-config="true" duration-ms="0" started-at="2015-02-03T20:21:39Z" finished-at="2015-02-03T20:21:39Z">
          <reporter-output>
          </reporter-output>
        </test-method> <!-- BeforeMethod -->
        <test-method status="PASS" signature="AfterMethod()[pri:0, instance:testNG.ExListTestTest@5c1becb3]" name="AfterMethod" is-config="true" duration-ms="0" started-at="2015-02-03T20:21:39Z" finished-at="2015-02-03T20:21:39Z">
          <reporter-output>
          </reporter-output>
        </test-method> <!-- AfterMethod -->
        <test-method status="PASS" signature="testGet_2()[pri:0, instance:testNG.ExListTestTest@5c1becb3]" name="testGet_2" duration-ms="0" started-at="2015-02-03T20:21:39Z" finished-at="2015-02-03T20:21:39Z">
          <reporter-output>
          </reporter-output>
        </test-method> <!-- testGet_2 -->
        <test-method status="PASS" signature="AfterMethod()[pri:0, instance:testNG.ExListTestTest@5c1becb3]" name="AfterMethod" is-config="true" duration-ms="0" started-at="2015-02-03T20:21:39Z" finished-at="2015-02-03T20:21:39Z">
          <reporter-output>
          </reporter-output>
        </test-method> <!-- AfterMethod -->
        <test-method status="PASS" signature="AfterMethod()[pri:0, instance:testNG.ExListTestTest@5c1becb3]" name="AfterMethod" is-config="true" duration-ms="0" started-at="2015-02-03T20:21:39Z" finished-at="2015-02-03T20:21:39Z">
          <reporter-output>
          </reporter-output>
        </test-method> <!-- AfterMethod -->
        <test-method status="PASS" signature="testGet_0()[pri:0, instance:testNG.ExListTestTest@5c1becb3]" name="testGet_0" duration-ms="0" started-at="2015-02-03T20:21:39Z" finished-at="2015-02-03T20:21:39Z">
          <exception class="java.lang.IndexOutOfBoundsException">
            <full-stacktrace>
              <![CDATA[java.lang.IndexOutOfBoundsException
	at listS.LList1.get(LList1.java:272)
	at testNG.ExListTestTest.testGet_0(ExListTestTest.java:513)
	at sun.reflect.NativeMethodAccessorImpl.invoke0(Native Method)
	at sun.reflect.NativeMethodAccessorImpl.invoke(Unknown Source)
	at sun.reflect.DelegatingMethodAccessorImpl.invoke(Unknown Source)
	at java.lang.reflect.Method.invoke(Unknown Source)
	at org.testng.internal.MethodInvocationHelper.invokeMethod(MethodInvocationHelper.java:84)
	at org.testng.internal.Invoker.invokeMethod(Invoker.java:714)
	at org.testng.internal.Invoker.invokeTestMethod(Invoker.java:901)
	at org.testng.internal.Invoker.invokeTestMethods(Invoker.java:1231)
	at org.testng.internal.TestMethodWorker.invokeTestMethods(TestMethodWorker.java:127)
	at org.testng.internal.TestMethodWorker.run(TestMethodWorker.java:111)
	at org.testng.TestRunner.privateRun(TestRunner.java:767)
	at org.testng.TestRunner.run(TestRunner.java:617)
	at org.testng.SuiteRunner.runTest(SuiteRunner.java:334)
	at org.testng.SuiteRunner.runSequentially(SuiteRunner.java:329)
	at org.testng.SuiteRunner.privateRun(SuiteRunner.java:291)
	at org.testng.SuiteRunner.run(SuiteRunner.java:240)
	at org.testng.SuiteRunnerWorker.runSuite(SuiteRunnerWorker.java:52)
	at org.testng.SuiteRunnerWorker.run(SuiteRunnerWorker.java:86)
	at org.testng.TestNG.runSuitesSequentially(TestNG.java:1224)
	at org.testng.TestNG.runSuitesLocally(TestNG.java:1149)
	at org.testng.TestNG.run(TestNG.java:1057)
	at org.testng.remote.RemoteTestNG.run(RemoteTestNG.java:111)
	at org.testng.remote.RemoteTestNG.initAndRun(RemoteTestNG.java:204)
	at org.testng.remote.RemoteTestNG.main(RemoteTestNG.java:175)
]]>
            </full-stacktrace>
          </exception> <!-- java.lang.IndexOutOfBoundsException -->
          <reporter-output>
          </reporter-output>
        </test-method> <!-- testGet_0 -->
        <test-method status="PASS" signature="AfterMethod()[pri:0, instance:testNG.ExListTestTest@5c1becb3]" name="AfterMethod" is-config="true" duration-ms="0" started-at="2015-02-03T20:21:39Z" finished-at="2015-02-03T20:21:39Z">
          <reporter-output>
          </reporter-output>
        </test-method> <!-- AfterMethod -->
        <test-method status="PASS" signature="BeforeMethod()[pri:0, instance:testNG.ExListTestTest@5c1becb3]" name="BeforeMethod" is-config="true" duration-ms="0" started-at="2015-02-03T20:21:39Z" finished-at="2015-02-03T20:21:39Z">
          <reporter-output>
          </reporter-output>
        </test-method> <!-- BeforeMethod -->
        <test-method status="PASS" signature="testGet_NULL()[pri:0, instance:testNG.ExListTestTest@5c1becb3]" name="testGet_NULL" duration-ms="0" started-at="2015-02-03T20:21:39Z" finished-at="2015-02-03T20:21:39Z">
          <exception class="java.lang.NullPointerException">
            <full-stacktrace>
              <![CDATA[java.lang.NullPointerException
	at listS.LList1.init(LList1.java:24)
	at listS.LList1.setArray(LList1.java:19)
	at testNG.ExListTestTest.testGet_NULL(ExListTestTest.java:506)
	at sun.reflect.NativeMethodAccessorImpl.invoke0(Native Method)
	at sun.reflect.NativeMethodAccessorImpl.invoke(Unknown Source)
	at sun.reflect.DelegatingMethodAccessorImpl.invoke(Unknown Source)
	at java.lang.reflect.Method.invoke(Unknown Source)
	at org.testng.internal.MethodInvocationHelper.invokeMethod(MethodInvocationHelper.java:84)
	at org.testng.internal.Invoker.invokeMethod(Invoker.java:714)
	at org.testng.internal.Invoker.invokeTestMethod(Invoker.java:901)
	at org.testng.internal.Invoker.invokeTestMethods(Invoker.java:1231)
	at org.testng.internal.TestMethodWorker.invokeTestMethods(TestMethodWorker.java:127)
	at org.testng.internal.TestMethodWorker.run(TestMethodWorker.java:111)
	at org.testng.TestRunner.privateRun(TestRunner.java:767)
	at org.testng.TestRunner.run(TestRunner.java:617)
	at org.testng.SuiteRunner.runTest(SuiteRunner.java:334)
	at org.testng.SuiteRunner.runSequentially(SuiteRunner.java:329)
	at org.testng.SuiteRunner.privateRun(SuiteRunner.java:291)
	at org.testng.SuiteRunner.run(SuiteRunner.java:240)
	at org.testng.SuiteRunnerWorker.runSuite(SuiteRunnerWorker.java:52)
	at org.testng.SuiteRunnerWorker.run(SuiteRunnerWorker.java:86)
	at org.testng.TestNG.runSuitesSequentially(TestNG.java:1224)
	at org.testng.TestNG.runSuitesLocally(TestNG.java:1149)
	at org.testng.TestNG.run(TestNG.java:1057)
	at org.testng.remote.RemoteTestNG.run(RemoteTestNG.java:111)
	at org.testng.remote.RemoteTestNG.initAndRun(RemoteTestNG.java:204)
	at org.testng.remote.RemoteTestNG.main(RemoteTestNG.java:175)
]]>
            </full-stacktrace>
          </exception> <!-- java.lang.NullPointerException -->
          <reporter-output>
          </reporter-output>
        </test-method> <!-- testGet_NULL -->
        <test-method status="PASS" signature="AfterMethod()[pri:0, instance:testNG.ExListTestTest@5c1becb3]" name="AfterMethod" is-config="true" duration-ms="0" started-at="2015-02-03T20:21:39Z" finished-at="2015-02-03T20:21:39Z">
          <reporter-output>
          </reporter-output>
        </test-method> <!-- AfterMethod -->
        <test-method status="PASS" signature="AfterMethod()[pri:0, instance:testNG.ExListTestTest@5c1becb3]" name="AfterMethod" is-config="true" duration-ms="0" started-at="2015-02-03T20:21:39Z" finished-at="2015-02-03T20:21:39Z">
          <reporter-output>
          </reporter-output>
        </test-method> <!-- AfterMethod -->
        <test-method status="PASS" signature="BeforeMethod()[pri:0, instance:testNG.ExListTestTest@5c1becb3]" name="BeforeMethod" is-config="true" duration-ms="0" started-at="2015-02-03T20:21:39Z" finished-at="2015-02-03T20:21:39Z">
          <reporter-output>
          </reporter-output>
        </test-method> <!-- BeforeMethod -->
        <test-method status="PASS" signature="testInit_0()[pri:0, instance:testNG.ExListTestTest@5c1becb3]" name="testInit_0" duration-ms="0" started-at="2015-02-03T20:21:39Z" finished-at="2015-02-03T20:21:39Z">
          <reporter-output>
          </reporter-output>
        </test-method> <!-- testInit_0 -->
        <test-method status="PASS" signature="testInit_1()[pri:0, instance:testNG.ExListTestTest@5c1becb3]" name="testInit_1" duration-ms="0" started-at="2015-02-03T20:21:39Z" finished-at="2015-02-03T20:21:39Z">
          <reporter-output>
          </reporter-output>
        </test-method> <!-- testInit_1 -->
        <test-method status="PASS" signature="testMaxIndex_many()[pri:0, instance:testNG.ExListTestTest@5c1becb3]" name="testMaxIndex_many" duration-ms="0" started-at="2015-02-03T20:21:39Z" finished-at="2015-02-03T20:21:39Z">
          <reporter-output>
          </reporter-output>
        </test-method> <!-- testMaxIndex_many -->
        <test-method status="PASS" signature="testMax_1()[pri:0, instance:testNG.ExListTestTest@5c1becb3]" name="testMax_1" duration-ms="16" started-at="2015-02-03T20:21:39Z" finished-at="2015-02-03T20:21:39Z">
          <reporter-output>
          </reporter-output>
        </test-method> <!-- testMax_1 -->
        <test-method status="PASS" signature="BeforeMethod()[pri:0, instance:testNG.ExListTestTest@5c1becb3]" name="BeforeMethod" is-config="true" duration-ms="0" started-at="2015-02-03T20:21:39Z" finished-at="2015-02-03T20:21:39Z">
          <reporter-output>
          </reporter-output>
        </test-method> <!-- BeforeMethod -->
        <test-method status="PASS" signature="AfterMethod()[pri:0, instance:testNG.ExListTestTest@5c1becb3]" name="AfterMethod" is-config="true" duration-ms="0" started-at="2015-02-03T20:21:39Z" finished-at="2015-02-03T20:21:39Z">
          <reporter-output>
          </reporter-output>
        </test-method> <!-- AfterMethod -->
        <test-method status="PASS" signature="AfterMethod()[pri:0, instance:testNG.ExListTestTest@5c1becb3]" name="AfterMethod" is-config="true" duration-ms="0" started-at="2015-02-03T20:21:39Z" finished-at="2015-02-03T20:21:39Z">
          <reporter-output>
          </reporter-output>
        </test-method> <!-- AfterMethod -->
        <test-method status="PASS" signature="testMaxIndex_1()[pri:0, instance:testNG.ExListTestTest@5c1becb3]" name="testMaxIndex_1" duration-ms="0" started-at="2015-02-03T20:21:39Z" finished-at="2015-02-03T20:21:39Z">
          <reporter-output>
          </reporter-output>
        </test-method> <!-- testMaxIndex_1 -->
        <test-method status="PASS" signature="BeforeMethod()[pri:0, instance:testNG.ExListTestTest@5c1becb3]" name="BeforeMethod" is-config="true" duration-ms="0" started-at="2015-02-03T20:21:39Z" finished-at="2015-02-03T20:21:39Z">
          <reporter-output>
          </reporter-output>
        </test-method> <!-- BeforeMethod -->
        <test-method status="PASS" signature="AfterMethod()[pri:0, instance:testNG.ExListTestTest@5c1becb3]" name="AfterMethod" is-config="true" duration-ms="0" started-at="2015-02-03T20:21:39Z" finished-at="2015-02-03T20:21:39Z">
          <reporter-output>
          </reporter-output>
        </test-method> <!-- AfterMethod -->
        <test-method status="PASS" signature="BeforeMethod()[pri:0, instance:testNG.ExListTestTest@5c1becb3]" name="BeforeMethod" is-config="true" duration-ms="0" started-at="2015-02-03T20:21:39Z" finished-at="2015-02-03T20:21:39Z">
          <reporter-output>
          </reporter-output>
        </test-method> <!-- BeforeMethod -->
        <test-method status="PASS" signature="testMaxIndex_2()[pri:0, instance:testNG.ExListTestTest@5c1becb3]" name="testMaxIndex_2" duration-ms="0" started-at="2015-02-03T20:21:39Z" finished-at="2015-02-03T20:21:39Z">
          <reporter-output>
          </reporter-output>
        </test-method> <!-- testMaxIndex_2 -->
        <test-method status="PASS" signature="AfterMethod()[pri:0, instance:testNG.ExListTestTest@5c1becb3]" name="AfterMethod" is-config="true" duration-ms="0" started-at="2015-02-03T20:21:39Z" finished-at="2015-02-03T20:21:39Z">
          <reporter-output>
          </reporter-output>
        </test-method> <!-- AfterMethod -->
        <test-method status="PASS" signature="testMax_0()[pri:0, instance:testNG.ExListTestTest@5c1becb3]" name="testMax_0" duration-ms="0" started-at="2015-02-03T20:21:39Z" finished-at="2015-02-03T20:21:39Z">
          <exception class="java.lang.IndexOutOfBoundsException">
            <full-stacktrace>
              <![CDATA[java.lang.IndexOutOfBoundsException
	at listS.LList1.max(LList1.java:154)
	at testNG.ExListTestTest.testMax_0(ExListTestTest.java:553)
	at sun.reflect.NativeMethodAccessorImpl.invoke0(Native Method)
	at sun.reflect.NativeMethodAccessorImpl.invoke(Unknown Source)
	at sun.reflect.DelegatingMethodAccessorImpl.invoke(Unknown Source)
	at java.lang.reflect.Method.invoke(Unknown Source)
	at org.testng.internal.MethodInvocationHelper.invokeMethod(MethodInvocationHelper.java:84)
	at org.testng.internal.Invoker.invokeMethod(Invoker.java:714)
	at org.testng.internal.Invoker.invokeTestMethod(Invoker.java:901)
	at org.testng.internal.Invoker.invokeTestMethods(Invoker.java:1231)
	at org.testng.internal.TestMethodWorker.invokeTestMethods(TestMethodWorker.java:127)
	at org.testng.internal.TestMethodWorker.run(TestMethodWorker.java:111)
	at org.testng.TestRunner.privateRun(TestRunner.java:767)
	at org.testng.TestRunner.run(TestRunner.java:617)
	at org.testng.SuiteRunner.runTest(SuiteRunner.java:334)
	at org.testng.SuiteRunner.runSequentially(SuiteRunner.java:329)
	at org.testng.SuiteRunner.privateRun(SuiteRunner.java:291)
	at org.testng.SuiteRunner.run(SuiteRunner.java:240)
	at org.testng.SuiteRunnerWorker.runSuite(SuiteRunnerWorker.java:52)
	at org.testng.SuiteRunnerWorker.run(SuiteRunnerWorker.java:86)
	at org.testng.TestNG.runSuitesSequentially(TestNG.java:1224)
	at org.testng.TestNG.runSuitesLocally(TestNG.java:1149)
	at org.testng.TestNG.run(TestNG.java:1057)
	at org.testng.remote.RemoteTestNG.run(RemoteTestNG.java:111)
	at org.testng.remote.RemoteTestNG.initAndRun(RemoteTestNG.java:204)
	at org.testng.remote.RemoteTestNG.main(RemoteTestNG.java:175)
]]>
            </full-stacktrace>
          </exception> <!-- java.lang.IndexOutOfBoundsException -->
          <reporter-output>
          </reporter-output>
        </test-method> <!-- testMax_0 -->
        <test-method status="PASS" signature="AfterMethod()[pri:0, instance:testNG.ExListTestTest@5c1becb3]" name="AfterMethod" is-config="true" duration-ms="0" started-at="2015-02-03T20:21:39Z" finished-at="2015-02-03T20:21:39Z">
          <reporter-output>
          </reporter-output>
        </test-method> <!-- AfterMethod -->
        <test-method status="PASS" signature="testInit_NULL()[pri:0, instance:testNG.ExListTestTest@5c1becb3]" name="testInit_NULL" duration-ms="0" started-at="2015-02-03T20:21:39Z" finished-at="2015-02-03T20:21:39Z">
          <exception class="java.lang.NullPointerException">
            <full-stacktrace>
              <![CDATA[java.lang.NullPointerException
	at listS.LList1.init(LList1.java:24)
	at testNG.ExListTestTest.testInit_NULL(ExListTestTest.java:27)
	at sun.reflect.NativeMethodAccessorImpl.invoke0(Native Method)
	at sun.reflect.NativeMethodAccessorImpl.invoke(Unknown Source)
	at sun.reflect.DelegatingMethodAccessorImpl.invoke(Unknown Source)
	at java.lang.reflect.Method.invoke(Unknown Source)
	at org.testng.internal.MethodInvocationHelper.invokeMethod(MethodInvocationHelper.java:84)
	at org.testng.internal.Invoker.invokeMethod(Invoker.java:714)
	at org.testng.internal.Invoker.invokeTestMethod(Invoker.java:901)
	at org.testng.internal.Invoker.invokeTestMethods(Invoker.java:1231)
	at org.testng.internal.TestMethodWorker.invokeTestMethods(TestMethodWorker.java:127)
	at org.testng.internal.TestMethodWorker.run(TestMethodWorker.java:111)
	at org.testng.TestRunner.privateRun(TestRunner.java:767)
	at org.testng.TestRunner.run(TestRunner.java:617)
	at org.testng.SuiteRunner.runTest(SuiteRunner.java:334)
	at org.testng.SuiteRunner.runSequentially(SuiteRunner.java:329)
	at org.testng.SuiteRunner.privateRun(SuiteRunner.java:291)
	at org.testng.SuiteRunner.run(SuiteRunner.java:240)
	at org.testng.SuiteRunnerWorker.runSuite(SuiteRunnerWorker.java:52)
	at org.testng.SuiteRunnerWorker.run(SuiteRunnerWorker.java:86)
	at org.testng.TestNG.runSuitesSequentially(TestNG.java:1224)
	at org.testng.TestNG.runSuitesLocally(TestNG.java:1149)
	at org.testng.TestNG.run(TestNG.java:1057)
	at org.testng.remote.RemoteTestNG.run(RemoteTestNG.java:111)
	at org.testng.remote.RemoteTestNG.initAndRun(RemoteTestNG.java:204)
	at org.testng.remote.RemoteTestNG.main(RemoteTestNG.java:175)
]]>
            </full-stacktrace>
          </exception> <!-- java.lang.NullPointerException -->
          <reporter-output>
          </reporter-output>
        </test-method> <!-- testInit_NULL -->
        <test-method status="PASS" signature="BeforeMethod()[pri:0, instance:testNG.ExListTestTest@5c1becb3]" name="BeforeMethod" is-config="true" duration-ms="0" started-at="2015-02-03T20:21:39Z" finished-at="2015-02-03T20:21:39Z">
          <reporter-output>
          </reporter-output>
        </test-method> <!-- BeforeMethod -->
        <test-method status="PASS" signature="AfterMethod()[pri:0, instance:testNG.ExListTestTest@5c1becb3]" name="AfterMethod" is-config="true" duration-ms="0" started-at="2015-02-03T20:21:39Z" finished-at="2015-02-03T20:21:39Z">
          <reporter-output>
          </reporter-output>
        </test-method> <!-- AfterMethod -->
        <test-method status="PASS" signature="testMaxIndex_NULL()[pri:0, instance:testNG.ExListTestTest@5c1becb3]" name="testMaxIndex_NULL" duration-ms="0" started-at="2015-02-03T20:21:39Z" finished-at="2015-02-03T20:21:39Z">
          <exception class="java.lang.NullPointerException">
            <full-stacktrace>
              <![CDATA[java.lang.NullPointerException
	at listS.LList1.init(LList1.java:24)
	at listS.LList1.setArray(LList1.java:19)
	at testNG.ExListTestTest.testMaxIndex_NULL(ExListTestTest.java:620)
	at sun.reflect.NativeMethodAccessorImpl.invoke0(Native Method)
	at sun.reflect.NativeMethodAccessorImpl.invoke(Unknown Source)
	at sun.reflect.DelegatingMethodAccessorImpl.invoke(Unknown Source)
	at java.lang.reflect.Method.invoke(Unknown Source)
	at org.testng.internal.MethodInvocationHelper.invokeMethod(MethodInvocationHelper.java:84)
	at org.testng.internal.Invoker.invokeMethod(Invoker.java:714)
	at org.testng.internal.Invoker.invokeTestMethod(Invoker.java:901)
	at org.testng.internal.Invoker.invokeTestMethods(Invoker.java:1231)
	at org.testng.internal.TestMethodWorker.invokeTestMethods(TestMethodWorker.java:127)
	at org.testng.internal.TestMethodWorker.run(TestMethodWorker.java:111)
	at org.testng.TestRunner.privateRun(TestRunner.java:767)
	at org.testng.TestRunner.run(TestRunner.java:617)
	at org.testng.SuiteRunner.runTest(SuiteRunner.java:334)
	at org.testng.SuiteRunner.runSequentially(SuiteRunner.java:329)
	at org.testng.SuiteRunner.privateRun(SuiteRunner.java:291)
	at org.testng.SuiteRunner.run(SuiteRunner.java:240)
	at org.testng.SuiteRunnerWorker.runSuite(SuiteRunnerWorker.java:52)
	at org.testng.SuiteRunnerWorker.run(SuiteRunnerWorker.java:86)
	at org.testng.TestNG.runSuitesSequentially(TestNG.java:1224)
	at org.testng.TestNG.runSuitesLocally(TestNG.java:1149)
	at org.testng.TestNG.run(TestNG.java:1057)
	at org.testng.remote.RemoteTestNG.run(RemoteTestNG.java:111)
	at org.testng.remote.RemoteTestNG.initAndRun(RemoteTestNG.java:204)
	at org.testng.remote.RemoteTestNG.main(RemoteTestNG.java:175)
]]>
            </full-stacktrace>
          </exception> <!-- java.lang.NullPointerException -->
          <reporter-output>
          </reporter-output>
        </test-method> <!-- testMaxIndex_NULL -->
        <test-method status="PASS" signature="BeforeMethod()[pri:0, instance:testNG.ExListTestTest@5c1becb3]" name="BeforeMethod" is-config="true" duration-ms="0" started-at="2015-02-03T20:21:39Z" finished-at="2015-02-03T20:21:39Z">
          <reporter-output>
          </reporter-output>
        </test-method> <!-- BeforeMethod -->
        <test-method status="PASS" signature="BeforeMethod()[pri:0, instance:testNG.ExListTestTest@5c1becb3]" name="BeforeMethod" is-config="true" duration-ms="0" started-at="2015-02-03T20:21:39Z" finished-at="2015-02-03T20:21:39Z">
          <reporter-output>
          </reporter-output>
        </test-method> <!-- BeforeMethod -->
        <test-method status="PASS" signature="testMaxIndex_0()[pri:0, instance:testNG.ExListTestTest@5c1becb3]" name="testMaxIndex_0" duration-ms="0" started-at="2015-02-03T20:21:39Z" finished-at="2015-02-03T20:21:39Z">
          <exception class="java.lang.IndexOutOfBoundsException">
            <full-stacktrace>
              <![CDATA[java.lang.IndexOutOfBoundsException
	at listS.LList1.maxIndex(LList1.java:206)
	at testNG.ExListTestTest.testMaxIndex_0(ExListTestTest.java:627)
	at sun.reflect.NativeMethodAccessorImpl.invoke0(Native Method)
	at sun.reflect.NativeMethodAccessorImpl.invoke(Unknown Source)
	at sun.reflect.DelegatingMethodAccessorImpl.invoke(Unknown Source)
	at java.lang.reflect.Method.invoke(Unknown Source)
	at org.testng.internal.MethodInvocationHelper.invokeMethod(MethodInvocationHelper.java:84)
	at org.testng.internal.Invoker.invokeMethod(Invoker.java:714)
	at org.testng.internal.Invoker.invokeTestMethod(Invoker.java:901)
	at org.testng.internal.Invoker.invokeTestMethods(Invoker.java:1231)
	at org.testng.internal.TestMethodWorker.invokeTestMethods(TestMethodWorker.java:127)
	at org.testng.internal.TestMethodWorker.run(TestMethodWorker.java:111)
	at org.testng.TestRunner.privateRun(TestRunner.java:767)
	at org.testng.TestRunner.run(TestRunner.java:617)
	at org.testng.SuiteRunner.runTest(SuiteRunner.java:334)
	at org.testng.SuiteRunner.runSequentially(SuiteRunner.java:329)
	at org.testng.SuiteRunner.privateRun(SuiteRunner.java:291)
	at org.testng.SuiteRunner.run(SuiteRunner.java:240)
	at org.testng.SuiteRunnerWorker.runSuite(SuiteRunnerWorker.java:52)
	at org.testng.SuiteRunnerWorker.run(SuiteRunnerWorker.java:86)
	at org.testng.TestNG.runSuitesSequentially(TestNG.java:1224)
	at org.testng.TestNG.runSuitesLocally(TestNG.java:1149)
	at org.testng.TestNG.run(TestNG.java:1057)
	at org.testng.remote.RemoteTestNG.run(RemoteTestNG.java:111)
	at org.testng.remote.RemoteTestNG.initAndRun(RemoteTestNG.java:204)
	at org.testng.remote.RemoteTestNG.main(RemoteTestNG.java:175)
]]>
[...]
          <reporter-output>
          </reporter-output>
        </test-method> <!-- AfterMethod -->
        <test-method status="PASS" signature="testSize_2()[pri:0, instance:testNG.ExListTestTest@5c1becb3]" name="testSize_2" duration-ms="0" started-at="2015-02-03T20:21:39Z" finished-at="2015-02-03T20:21:39Z">
          <reporter-output>
          </reporter-output>
        </test-method> <!-- testSize_2 -->
        <test-method status="PASS" signature="BeforeMethod()[pri:0, instance:testNG.ExListTestTest@5c1becb3]" name="BeforeMethod" is-config="true" duration-ms="0" started-at="2015-02-03T20:21:39Z" finished-at="2015-02-03T20:21:39Z">
          <reporter-output>
          </reporter-output>
        </test-method> <!-- BeforeMethod -->
        <test-method status="PASS" signature="AfterMethod()[pri:0, instance:testNG.ExListTestTest@5c1becb3]" name="AfterMethod" is-config="true" duration-ms="0" started-at="2015-02-03T20:21:39Z" finished-at="2015-02-03T20:21:39Z">
          <reporter-output>
          </reporter-output>
        </test-method> <!-- AfterMethod -->
        <test-method status="PASS" signature="BeforeMethod()[pri:0, instance:testNG.ExListTestTest@5c1becb3]" name="BeforeMethod" is-config="true" duration-ms="0" started-at="2015-02-03T20:21:39Z" finished-at="2015-02-03T20:21:39Z">
          <reporter-output>
          </reporter-output>
        </test-method> <!-- BeforeMethod -->
        <test-method status="PASS" signature="testSize_0()[pri:0, instance:testNG.ExListTestTest@5c1becb3]" name="testSize_0" duration-ms="0" started-at="2015-02-03T20:21:39Z" finished-at="2015-02-03T20:21:39Z">
          <reporter-output>
          </reporter-output>
        </test-method> <!-- testSize_0 -->
        <test-method status="PASS" signature="testSet_1()[pri:0, instance:testNG.ExListTestTest@5c1becb3]" name="testSet_1" duration-ms="0" started-at="2015-02-03T20:21:39Z" finished-at="2015-02-03T20:21:39Z">
          <reporter-output>
          </reporter-output>
        </test-method> <!-- testSet_1 -->
        <test-method status="PASS" signature="testSize_1()[pri:0, instance:testNG.ExListTestTest@5c1becb3]" name="testSize_1" duration-ms="0" started-at="2015-02-03T20:21:39Z" finished-at="2015-02-03T20:21:39Z">
          <reporter-output>
          </reporter-output>
        </test-method> <!-- testSize_1 -->
        <test-method status="PASS" signature="BeforeMethod()[pri:0, instance:testNG.ExListTestTest@5c1becb3]" name="BeforeMethod" is-config="true" duration-ms="0" started-at="2015-02-03T20:21:39Z" finished-at="2015-02-03T20:21:39Z">
          <reporter-output>
          </reporter-output>
        </test-method> <!-- BeforeMethod -->
        <test-method status="PASS" signature="BeforeMethod()[pri:0, instance:testNG.ExListTestTest@5c1becb3]" name="BeforeMethod" is-config="true" duration-ms="0" started-at="2015-02-03T20:21:39Z" finished-at="2015-02-03T20:21:39Z">
          <reporter-output>
          </reporter-output>
        </test-method> <!-- BeforeMethod -->
        <test-method status="PASS" signature="testSize_many()[pri:0, instance:testNG.ExListTestTest@5c1becb3]" name="testSize_many" duration-ms="16" started-at="2015-02-03T20:21:39Z" finished-at="2015-02-03T20:21:39Z">
          <reporter-output>
          </reporter-output>
        </test-method> <!-- testSize_many -->
        <test-method status="PASS" signature="AfterMethod()[pri:0, instance:testNG.ExListTestTest@5c1becb3]" name="AfterMethod" is-config="true" duration-ms="0" started-at="2015-02-03T20:21:39Z" finished-at="2015-02-03T20:21:39Z">
          <reporter-output>
          </reporter-output>
        </test-method> <!-- AfterMethod -->
        <test-method status="PASS" signature="BeforeMethod()[pri:0, instance:testNG.ExListTestTest@5c1becb3]" name="BeforeMethod" is-config="true" duration-ms="0" started-at="2015-02-03T20:21:39Z" finished-at="2015-02-03T20:21:39Z">
          <reporter-output>
          </reporter-output>
        </test-method> <!-- BeforeMethod -->
        <test-method status="PASS" signature="BeforeMethod()[pri:0, instance:testNG.ExListTestTest@5c1becb3]" name="BeforeMethod" is-config="true" duration-ms="0" started-at="2015-02-03T20:21:39Z" finished-at="2015-02-03T20:21:39Z">
          <reporter-output>
          </reporter-output>
        </test-method> <!-- BeforeMethod -->
        <test-method status="PASS" signature="testSortArr_many()[pri:0, instance:testNG.ExListTestTest@5c1becb3]" name="testSortArr_many" duration-ms="0" started-at="2015-02-03T20:21:39Z" finished-at="2015-02-03T20:21:39Z">
          <reporter-output>
          </reporter-output>
        </test-method> <!-- testSortArr_many -->
        <test-method status="PASS" signature="BeforeMethod()[pri:0, instance:testNG.ExListTestTest@5c1becb3]" name="BeforeMethod" is-config="true" duration-ms="0" started-at="2015-02-03T20:21:39Z" finished-at="2015-02-03T20:21:39Z">
          <reporter-output>
          </reporter-output>
        </test-method> <!-- BeforeMethod -->
        <test-method status="PASS" signature="testSortArr_0()[pri:0, instance:testNG.ExListTestTest@5c1becb3]" name="testSortArr_0" duration-ms="0" started-at="2015-02-03T20:21:39Z" finished-at="2015-02-03T20:21:39Z">
          <reporter-output>
          </reporter-output>
        </test-method> <!-- testSortArr_0 -->
        <test-method status="PASS" signature="testToArray_1()[pri:0, instance:testNG.ExListTestTest@5c1becb3]" name="testToArray_1" duration-ms="0" started-at="2015-02-03T20:21:39Z" finished-at="2015-02-03T20:21:39Z">
          <reporter-output>
          </reporter-output>
        </test-method> <!-- testToArray_1 -->
        <test-method status="PASS" signature="testSortArr_1()[pri:0, instance:testNG.ExListTestTest@5c1becb3]" name="testSortArr_1" duration-ms="0" started-at="2015-02-03T20:21:39Z" finished-at="2015-02-03T20:21:39Z">
          <reporter-output>
          </reporter-output>
        </test-method> <!-- testSortArr_1 -->
        <test-method status="PASS" signature="AfterMethod()[pri:0, instance:testNG.ExListTestTest@5c1becb3]" name="AfterMethod" is-config="true" duration-ms="0" started-at="2015-02-03T20:21:39Z" finished-at="2015-02-03T20:21:39Z">
          <reporter-output>
          </reporter-output>
        </test-method> <!-- AfterMethod -->
        <test-method status="PASS" signature="BeforeMethod()[pri:0, instance:testNG.ExListTestTest@5c1becb3]" name="BeforeMethod" is-config="true" duration-ms="0" started-at="2015-02-03T20:21:39Z" finished-at="2015-02-03T20:21:39Z">
          <reporter-output>
          </reporter-output>
        </test-method> <!-- BeforeMethod -->
        <test-method status="PASS" signature="AfterMethod()[pri:0, instance:testNG.ExListTestTest@5c1becb3]" name="AfterMethod" is-config="true" duration-ms="0" started-at="2015-02-03T20:21:39Z" finished-at="2015-02-03T20:21:39Z">
          <reporter-output>
          </reporter-output>
        </test-method> <!-- AfterMethod -->
        <test-method status="PASS" signature="BeforeMethod()[pri:0, instance:testNG.ExListTestTest@5c1becb3]" name="BeforeMethod" is-config="true" duration-ms="0" started-at="2015-02-03T20:21:39Z" finished-at="2015-02-03T20:21:39Z">
          <reporter-output>
          </reporter-output>
        </test-method> <!-- BeforeMethod -->
        <test-method status="PASS" signature="testToArray_0()[pri:0, instance:testNG.ExListTestTest@5c1becb3]" name="testToArray_0" duration-ms="0" started-at="2015-02-03T20:21:39Z" finished-at="2015-02-03T20:21:39Z">
          <reporter-output>
          </reporter-output>
        </test-method> <!-- testToArray_0 -->
        <test-method status="PASS" signature="BeforeMethod()[pri:0, instance:testNG.ExListTestTest@5c1becb3]" name="BeforeMethod" is-config="true" duration-ms="15" started-at="2015-02-03T20:21:39Z" finished-at="2015-02-03T20:21:39Z">
          <reporter-output>
          </reporter-output>
        </test-method> <!-- BeforeMethod -->
        <test-method status="PASS" signature="AfterMethod()[pri:0, instance:testNG.ExListTestTest@5c1becb3]" name="AfterMethod" is-config="true" duration-ms="0" started-at="2015-02-03T20:21:39Z" finished-at="2015-02-03T20:21:39Z">
          <reporter-output>
          </reporter-output>
        </test-method> <!-- AfterMethod -->
        <test-method status="PASS" signature="AfterMethod()[pri:0, instance:testNG.ExListTestTest@5c1becb3]" name="AfterMethod" is-config="true" duration-ms="0" started-at="2015-02-03T20:21:39Z" finished-at="2015-02-03T20:21:39Z">
          <reporter-output>
          </reporter-output>
        </test-method> <!-- AfterMethod -->
        <test-method status="PASS" signature="BeforeMethod()[pri:0, instance:testNG.ExListTestTest@5c1becb3]" name="BeforeMethod" is-config="true" duration-ms="0" started-at="2015-02-03T20:21:39Z" finished-at="2015-02-03T20:21:39Z">
          <reporter-output>
          </reporter-output>
        </test-method> <!-- BeforeMethod -->
        <test-method status="PASS" signature="BeforeMethod()[pri:0, instance:testNG.ExListTestTest@5c1becb3]" name="BeforeMethod" is-config="true" duration-ms="0" started-at="2015-02-03T20:21:39Z" finished-at="2015-02-03T20:21:39Z">
          <reporter-output>
          </reporter-output>
        </test-method> <!-- BeforeMethod -->
        <test-method status="PASS" signature="BeforeMethod()[pri:0, instance:testNG.ExListTestTest@5c1becb3]" name="BeforeMethod" is-config="true" duration-ms="0" started-at="2015-02-03T20:21:39Z" finished-at="2015-02-03T20:21:39Z">
          <reporter-output>
          </reporter-output>
        </test-method> <!-- BeforeMethod -->
        <test-method status="PASS" signature="BeforeMethod()[pri:0, instance:testNG.ExListTestTest@5c1becb3]" name="BeforeMethod" is-config="true" duration-ms="0" started-at="2015-02-03T20:21:39Z" finished-at="2015-02-03T20:21:39Z">
          <reporter-output>
          </reporter-output>
        </test-method> <!-- BeforeMethod -->
        <test-method status="PASS" signature="AfterMethod()[pri:0, instance:testNG.ExListTestTest@5c1becb3]" name="AfterMethod" is-config="true" duration-ms="0" started-at="2015-02-03T20:21:39Z" finished-at="2015-02-03T20:21:39Z">
          <reporter-output>
          </reporter-output>
        </test-method> <!-- AfterMethod -->
        <test-method status="PASS" signature="testSortArr_2()[pri:0, instance:testNG.ExListTestTest@5c1becb3]" name="testSortArr_2" duration-ms="0" started-at="2015-02-03T20:21:39Z" finished-at="2015-02-03T20:21:39Z">
          <reporter-output>
          </reporter-output>
        </test-method> <!-- testSortArr_2 -->
        <test-method status="PASS" signature="AfterMethod()[pri:0, instance:testNG.ExListTestTest@5c1becb3]" name="AfterMethod" is-config="true" duration-ms="0" started-at="2015-02-03T20:21:39Z" finished-at="2015-02-03T20:21:39Z">
          <reporter-output>
          </reporter-output>
        </test-method> <!-- AfterMethod -->
        <test-method status="PASS" signature="testSortArr_NULL()[pri:0, instance:testNG.ExListTestTest@5c1becb3]" name="testSortArr_NULL" duration-ms="0" started-at="2015-02-03T20:21:39Z" finished-at="2015-02-03T20:21:39Z">
          <exception class="java.lang.NullPointerException">
            <full-stacktrace>
              <![CDATA[java.lang.NullPointerException
	at listS.LList1.init(LList1.java:24)
	at listS.LList1.setArray(LList1.java:19)
	at testNG.ExListTestTest.testSortArr_NULL(ExListTestTest.java:751)
	at sun.reflect.NativeMethodAccessorImpl.invoke0(Native Method)
	at sun.reflect.NativeMethodAccessorImpl.invoke(Unknown Source)
	at sun.reflect.DelegatingMethodAccessorImpl.invoke(Unknown Source)
	at java.lang.reflect.Method.invoke(Unknown Source)
	at org.testng.internal.MethodInvocationHelper.invokeMethod(MethodInvocationHelper.java:84)
	at org.testng.internal.Invoker.invokeMethod(Invoker.java:714)
	at org.testng.internal.Invoker.invokeTestMethod(Invoker.java:901)
	at org.testng.internal.Invoker.invokeTestMethods(Invoker.java:1231)
	at org.testng.internal.TestMethodWorker.invokeTestMethods(TestMethodWorker.java:127)
	at org.testng.internal.TestMethodWorker.run(TestMethodWorker.java:111)
	at org.testng.TestRunner.privateRun(TestRunner.java:767)
	at org.testng.TestRunner.run(TestRunner.java:617)
	at org.testng.SuiteRunner.runTest(SuiteRunner.java:334)
	at org.testng.SuiteRunner.runSequentially(SuiteRunner.java:329)
	at org.testng.SuiteRunner.privateRun(SuiteRunner.java:291)
	at org.testng.SuiteRunner.run(SuiteRunner.java:240)
	at org.testng.SuiteRunnerWorker.runSuite(SuiteRunnerWorker.java:52)
	at org.testng.SuiteRunnerWorker.run(SuiteRunnerWorker.java:86)
	at org.testng.TestNG.runSuitesSequentially(TestNG.java:1224)
	at org.testng.TestNG.runSuitesLocally(TestNG.java:1149)
	at org.testng.TestNG.run(TestNG.java:1057)
	at org.testng.remote.RemoteTestNG.run(RemoteTestNG.java:111)
	at org.testng.remote.RemoteTestNG.initAndRun(RemoteTestNG.java:204)
	at org.testng.remote.RemoteTestNG.main(RemoteTestNG.java:175)
]]>
            </full-stacktrace>
          </exception> <!-- java.lang.NullPointerException -->
          <reporter-output>
          </reporter-output>
        </test-method> <!-- testSortArr_NULL -->
        <test-method status="PASS" signature="AfterMethod()[pri:0, instance:testNG.ExListTestTest@5c1becb3]" name="AfterMethod" is-config="true" duration-ms="0" started-at="2015-02-03T20:21:39Z" finished-at="2015-02-03T20:21:39Z">
          <reporter-output>
          </reporter-output>
        </test-method> <!-- AfterMethod -->
        <test-method status="PASS" signature="AfterMethod()[pri:0, instance:testNG.ExListTestTest@5c1becb3]" name="AfterMethod" is-config="true" duration-ms="0" started-at="2015-02-03T20:21:39Z" finished-at="2015-02-03T20:21:39Z">
          <reporter-output>
          </reporter-output>
        </test-method> <!-- AfterMethod -->
        <test-method status="PASS" signature="testTEMP()[pri:0, instance:testNG.ExListTestTest@5c1becb3]" name="testTEMP" duration-ms="0" started-at="2015-02-03T20:21:39Z" finished-at="2015-02-03T20:21:39Z">
          <reporter-output>
          </reporter-output>
        </test-method> <!-- testTEMP -->
        <test-method status="PASS" signature="AfterMethod()[pri:0, instance:testNG.ExListTestTest@5c1becb3]" name="AfterMethod" is-config="true" duration-ms="0" started-at="2015-02-03T20:21:39Z" finished-at="2015-02-03T20:21:39Z">
          <reporter-output>
          </reporter-output>
        </test-method> <!-- AfterMethod -->
        <test-method status="PASS" signature="BeforeMethod()[pri:0, instance:testNG.ExListTestTest@5c1becb3]" name="BeforeMethod" is-config="true" duration-ms="0" started-at="2015-02-03T20:21:39Z" finished-at="2015-02-03T20:21:39Z">
          <reporter-output>
          </reporter-output>
        </test-method> <!-- BeforeMethod -->
        <test-method status="PASS" signature="testToArray_2()[pri:0, instance:testNG.ExListTestTest@5c1becb3]" name="testToArray_2" duration-ms="0" started-at="2015-02-03T20:21:39Z" finished-at="2015-02-03T20:21:39Z">
          <reporter-output>
          </reporter-output>
        </test-method> <!-- testToArray_2 -->
        <test-method status="PASS" signature="AfterMethod()[pri:0, instance:testNG.ExListTestTest@5c1becb3]" name="AfterMethod" is-config="true" duration-ms="0" started-at="2015-02-03T20:21:39Z" finished-at="2015-02-03T20:21:39Z">
          <reporter-output>
          </reporter-output>
        </test-method> <!-- AfterMethod -->
        <test-method status="PASS" signature="BeforeMethod()[pri:0, instance:testNG.ExListTestTest@5c1becb3]" name="BeforeMethod" is-config="true" duration-ms="0" started-at="2015-02-03T20:21:39Z" finished-at="2015-02-03T20:21:39Z">
          <reporter-output>
          </reporter-output>
        </test-method> <!-- BeforeMethod -->
        <test-method status="PASS" signature="testToArray_many()[pri:0, instance:testNG.ExListTestTest@5c1becb3]" name="testToArray_many" duration-ms="0" started-at="2015-02-03T20:21:39Z" finished-at="2015-02-03T20:21:39Z">
          <reporter-output>
          </reporter-output>
        </test-method> <!-- testToArray_many -->
        <test-method status="PASS" signature="BeforeMethod()[pri:0, instance:testNG.ExListTestTest@5c1becb3]" name="BeforeMethod" is-config="true" duration-ms="0" started-at="2015-02-03T20:21:39Z" finished-at="2015-02-03T20:21:39Z">
          <reporter-output>
          </reporter-output>
        </test-method> <!-- BeforeMethod -->
        <test-method status="PASS" signature="AfterMethod()[pri:0, instance:testNG.ExListTestTest@5c1becb3]" name="AfterMethod" is-config="true" duration-ms="0" started-at="2015-02-03T20:21:39Z" finished-at="2015-02-03T20:21:39Z">
          <reporter-output>
          </reporter-output>
        </test-method> <!-- AfterMethod -->
        <test-method status="PASS" signature="AfterMethod()[pri:0, instance:testNG.ExListTestTest@5c1becb3]" name="AfterMethod" is-config="true" duration-ms="0" started-at="2015-02-03T20:21:39Z" finished-at="2015-02-03T20:21:39Z">
          <reporter-output>
          </reporter-output>
        </test-method> <!-- AfterMethod -->
        <test-method status="PASS" signature="testToArray_NULL()[pri:0, instance:testNG.ExListTestTest@5c1becb3]" name="testToArray_NULL" duration-ms="0" started-at="2015-02-03T20:21:39Z" finished-at="2015-02-03T20:21:39Z">
          <exception class="java.lang.NullPointerException">
            <full-stacktrace>
              <![CDATA[java.lang.NullPointerException
	at listS.LList1.init(LList1.java:24)
	at listS.LList1.setArray(LList1.java:19)
	at testNG.ExListTestTest.testToArray_NULL(ExListTestTest.java:69)
	at sun.reflect.NativeMethodAccessorImpl.invoke0(Native Method)
	at sun.reflect.NativeMethodAccessorImpl.invoke(Unknown Source)
	at sun.reflect.DelegatingMethodAccessorImpl.invoke(Unknown Source)
	at java.lang.reflect.Method.invoke(Unknown Source)
	at org.testng.internal.MethodInvocationHelper.invokeMethod(MethodInvocationHelper.java:84)
	at org.testng.internal.Invoker.invokeMethod(Invoker.java:714)
	at org.testng.internal.Invoker.invokeTestMethod(Invoker.java:901)
	at org.testng.internal.Invoker.invokeTestMethods(Invoker.java:1231)
	at org.testng.internal.TestMethodWorker.invokeTestMethods(TestMethodWorker.java:127)
	at org.testng.internal.TestMethodWorker.run(TestMethodWorker.java:111)
	at org.testng.TestRunner.privateRun(TestRunner.java:767)
	at org.testng.TestRunner.run(TestRunner.java:617)
	at org.testng.SuiteRunner.runTest(SuiteRunner.java:334)
	at org.testng.SuiteRunner.runSequentially(SuiteRunner.java:329)
	at org.testng.SuiteRunner.privateRun(SuiteRunner.java:291)
	at org.testng.SuiteRunner.run(SuiteRunner.java:240)
	at org.testng.SuiteRunnerWorker.runSuite(SuiteRunnerWorker.java:52)
	at org.testng.SuiteRunnerWorker.run(SuiteRunnerWorker.java:86)
	at org.testng.TestNG.runSuitesSequentially(TestNG.java:1224)
	at org.testng.TestNG.runSuitesLocally(TestNG.java:1149)
	at org.testng.TestNG.run(TestNG.java:1057)
	at org.testng.remote.RemoteTestNG.run(RemoteTestNG.java:111)
	at org.testng.remote.RemoteTestNG.initAndRun(RemoteTestNG.java:204)
	at org.testng.remote.RemoteTestNG.main(RemoteTestNG.java:175)
]]>
            </full-stacktrace>
          </exception> <!-- java.lang.NullPointerException -->
          <reporter-output>
          </reporter-output>
        </test-method> <!-- testToArray_NULL -->
      </class> <!-- testNG.ExListTestTest -->
    </test> <!-- Default test -->
  </suite> <!-- Default suite -->
</testng-results>
